  [1m[35m (0.1ms)[0m  [1m[34mSELECT sqlite_version(*)[0m
  [1m[35m (1.4ms)[0m  [1m[35mCREATE TABLE "schema_migrations" ("version" varchar NOT NULL PRIMARY KEY)[0m
  [1m[35m (1.4ms)[0m  [1m[35mCREATE TABLE "ar_internal_metadata" ("key" varchar NOT NULL PRIMARY KEY, "value" varchar, "created_at" datetime NOT NULL, "updated_at" datetime NOT NULL)[0m
  [1m[35m (0.2ms)[0m  [1m[34mSELECT "schema_migrations"."version" FROM "schema_migrations" ORDER BY "schema_migrations"."version" ASC[0m
Migrating to CreateSecrets (20171211232243)
  [1m[35m (0.1ms)[0m  [1m[36mbegin transaction[0m
  [1m[35m (0.4ms)[0m  [1m[35mCREATE TABLE "secrets" ("id" INTEGER PRIMARY KEY AUTOINCREMENT NOT NULL, "content" text, "created_at" datetime NOT NULL, "updated_at" datetime NOT NULL)[0m
  [1m[35mSQL (0.2ms)[0m  [1m[32mINSERT INTO "schema_migrations" ("version") VALUES (?)[0m  [["version", "20171211232243"]]
  [1m[35m (1.0ms)[0m  [1m[36mcommit transaction[0m
  [1m[36mActiveRecord::InternalMetadata Load (0.1ms)[0m  [1m[34mSELECT  "ar_internal_metadata".* FROM "ar_internal_metadata" WHERE "ar_internal_metadata"."key" = ? LIMIT ?[0m  [["key", "environment"], ["LIMIT", 1]]
  [1m[35m (0.0ms)[0m  [1m[36mbegin transaction[0m
  [1m[35mSQL (0.4ms)[0m  [1m[32mINSERT INTO "ar_internal_metadata" ("key", "value", "created_at", "updated_at") VALUES (?, ?, ?, ?)[0m  [["key", "environment"], ["value", "development"], ["created_at", "2017-12-11 23:23:28.519638"], ["updated_at", "2017-12-11 23:23:28.519638"]]
  [1m[35m (1.1ms)[0m  [1m[36mcommit transaction[0m
  [1m[35m (0.4ms)[0m  [1m[34mSELECT "schema_migrations"."version" FROM "schema_migrations" ORDER BY "schema_migrations"."version" ASC[0m
Started GET "/" for 127.0.0.1 at 2017-12-12 10:23:41 +1100
  [1m[35m (0.1ms)[0m  [1m[34mSELECT "schema_migrations"."version" FROM "schema_migrations" ORDER BY "schema_migrations"."version" ASC[0m
Processing by Rails::WelcomeController#index as HTML
  Rendering /Users/john/.rvm/gems/ruby-2.4.2/gems/railties-5.1.4/lib/rails/templates/rails/welcome/index.html.erb
  Rendered /Users/john/.rvm/gems/ruby-2.4.2/gems/railties-5.1.4/lib/rails/templates/rails/welcome/index.html.erb (3.1ms)
Completed 200 OK in 22ms (Views: 9.6ms | ActiveRecord: 0.0ms)


Started GET "/secrets" for 127.0.0.1 at 2017-12-12 10:24:07 +1100
Processing by SecretsController#index as HTML
  Rendering secrets/index.html.erb within layouts/application
  [1m[36mSecret Load (0.1ms)[0m  [1m[34mSELECT "secrets".* FROM "secrets"[0m
  Rendered secrets/index.html.erb within layouts/application (2.8ms)
Completed 200 OK in 1208ms (Views: 1202.2ms | ActiveRecord: 0.6ms)


Started GET "/secrets.json" for 127.0.0.1 at 2017-12-12 10:24:17 +1100
Processing by SecretsController#index as JSON
  Rendering secrets/index.json.jbuilder
  [1m[36mSecret Load (0.5ms)[0m  [1m[34mSELECT "secrets".* FROM "secrets"[0m
  Rendered secrets/index.json.jbuilder (8.0ms)
Completed 200 OK in 23ms (Views: 19.1ms | ActiveRecord: 0.5ms)


Started GET "/secrets" for 127.0.0.1 at 2017-12-12 10:24:22 +1100
Processing by SecretsController#index as HTML
  Rendering secrets/index.html.erb within layouts/application
  [1m[36mSecret Load (0.2ms)[0m  [1m[34mSELECT "secrets".* FROM "secrets"[0m
  Rendered secrets/index.html.erb within layouts/application (1.4ms)
Completed 200 OK in 74ms (Views: 71.1ms | ActiveRecord: 0.2ms)


Started GET "/secrets/new" for 127.0.0.1 at 2017-12-12 10:27:30 +1100
Processing by SecretsController#new as HTML
  Rendering secrets/new.html.erb within layouts/application
  Rendered secrets/_form.html.erb (17.5ms)
  Rendered secrets/new.html.erb within layouts/application (20.8ms)
Completed 200 OK in 49ms (Views: 36.9ms | ActiveRecord: 0.5ms)


Started POST "/secrets" for 127.0.0.1 at 2017-12-12 10:27:38 +1100
Processing by SecretsController#create as HTML
  Parameters: {"utf8"=>"✓", "authenticity_token"=>"Qf+jCMZtjAsqQoSlRwpiAK79DXynoUCG8eu95JCnhZipKi997fQqE0Mu3Ynqz9nO0comNOf0DJMnw7jMkYz2pw==", "secret"=>{"content"=>"guilty pleasure"}, "commit"=>"Create Secret"}
  [1m[35m (0.1ms)[0m  [1m[36mbegin transaction[0m
  [1m[35mSQL (1.2ms)[0m  [1m[32mINSERT INTO "secrets" ("content", "created_at", "updated_at") VALUES (?, ?, ?)[0m  [["content", "guilty pleasure"], ["created_at", "2017-12-11 23:27:38.408713"], ["updated_at", "2017-12-11 23:27:38.408713"]]
  [1m[35m (0.7ms)[0m  [1m[36mcommit transaction[0m
Redirected to http://localhost:3000/secrets/1
Completed 302 Found in 5ms (ActiveRecord: 1.9ms)


Started GET "/secrets/1" for 127.0.0.1 at 2017-12-12 10:27:38 +1100
Processing by SecretsController#show as HTML
  Parameters: {"id"=>"1"}
  [1m[36mSecret Load (0.2ms)[0m  [1m[34mSELECT  "secrets".* FROM "secrets" WHERE "secrets"."id" = ? LIMIT ?[0m  [["id", 1], ["LIMIT", 1]]
  Rendering secrets/show.html.erb within layouts/application
  Rendered secrets/show.html.erb within layouts/application (0.9ms)
Completed 200 OK in 30ms (Views: 20.0ms | ActiveRecord: 0.2ms)


Started GET "/secrets" for 127.0.0.1 at 2017-12-12 10:27:43 +1100
Processing by SecretsController#index as HTML
  Rendering secrets/index.html.erb within layouts/application
  [1m[36mSecret Load (0.2ms)[0m  [1m[34mSELECT "secrets".* FROM "secrets"[0m
  Rendered secrets/index.html.erb within layouts/application (1.7ms)
Completed 200 OK in 32ms (Views: 27.8ms | ActiveRecord: 0.2ms)


Started GET "/secrets/new" for 127.0.0.1 at 2017-12-12 10:27:45 +1100
Processing by SecretsController#new as HTML
  Rendering secrets/new.html.erb within layouts/application
  Rendered secrets/_form.html.erb (3.2ms)
  Rendered secrets/new.html.erb within layouts/application (12.1ms)
Completed 200 OK in 44ms (Views: 40.1ms | ActiveRecord: 0.0ms)


Started POST "/secrets" for 127.0.0.1 at 2017-12-12 10:27:51 +1100
Processing by SecretsController#create as HTML
  Parameters: {"utf8"=>"✓", "authenticity_token"=>"8rZLXn19YTpHg3caY2JDFoemZvRPg4P18gVMsysnAssaY8crVuTHIi7vLjbOp/jY+JFNvA/Wz+AkLUmbKgxx9A==", "secret"=>{"content"=>"bad banjo"}, "commit"=>"Create Secret"}
  [1m[35m (0.1ms)[0m  [1m[36mbegin transaction[0m
  [1m[35mSQL (0.4ms)[0m  [1m[32mINSERT INTO "secrets" ("content", "created_at", "updated_at") VALUES (?, ?, ?)[0m  [["content", "bad banjo"], ["created_at", "2017-12-11 23:27:51.285636"], ["updated_at", "2017-12-11 23:27:51.285636"]]
  [1m[35m (6.4ms)[0m  [1m[36mcommit transaction[0m
Redirected to http://localhost:3000/secrets/2
Completed 302 Found in 10ms (ActiveRecord: 6.9ms)


Started GET "/secrets/2" for 127.0.0.1 at 2017-12-12 10:27:51 +1100
Processing by SecretsController#show as HTML
  Parameters: {"id"=>"2"}
  [1m[36mSecret Load (0.2ms)[0m  [1m[34mSELECT  "secrets".* FROM "secrets" WHERE "secrets"."id" = ? LIMIT ?[0m  [["id", 2], ["LIMIT", 1]]
  Rendering secrets/show.html.erb within layouts/application
  Rendered secrets/show.html.erb within layouts/application (0.8ms)
Completed 200 OK in 28ms (Views: 24.9ms | ActiveRecord: 0.2ms)


Started GET "/secrets" for 127.0.0.1 at 2017-12-12 10:27:53 +1100
Processing by SecretsController#index as HTML
  Rendering secrets/index.html.erb within layouts/application
  [1m[36mSecret Load (0.2ms)[0m  [1m[34mSELECT "secrets".* FROM "secrets"[0m
  Rendered secrets/index.html.erb within layouts/application (1.6ms)
Completed 200 OK in 27ms (Views: 23.4ms | ActiveRecord: 0.2ms)


Started GET "/secrets.json" for 127.0.0.1 at 2017-12-12 10:28:21 +1100
Processing by SecretsController#index as JSON
  Rendering secrets/index.json.jbuilder
  [1m[36mSecret Load (0.2ms)[0m  [1m[34mSELECT "secrets".* FROM "secrets"[0m
  Rendered secrets/_secret.json.jbuilder (0.4ms)
  Rendered secrets/_secret.json.jbuilder (0.1ms)
  Rendered secrets/index.json.jbuilder (4.0ms)
Completed 200 OK in 16ms (Views: 12.8ms | ActiveRecord: 0.2ms)


Started GET "/secrets/1" for 127.0.0.1 at 2017-12-12 10:28:58 +1100
Processing by SecretsController#show as HTML
  Parameters: {"id"=>"1"}
  [1m[36mSecret Load (0.1ms)[0m  [1m[34mSELECT  "secrets".* FROM "secrets" WHERE "secrets"."id" = ? LIMIT ?[0m  [["id", 1], ["LIMIT", 1]]
  Rendering secrets/show.html.erb within layouts/application
  Rendered secrets/show.html.erb within layouts/application (0.7ms)
Completed 200 OK in 23ms (Views: 19.0ms | ActiveRecord: 0.1ms)


Started GET "/secrets/1.json" for 127.0.0.1 at 2017-12-12 10:29:02 +1100
Processing by SecretsController#show as JSON
  Parameters: {"id"=>"1"}
  [1m[36mSecret Load (0.1ms)[0m  [1m[34mSELECT  "secrets".* FROM "secrets" WHERE "secrets"."id" = ? LIMIT ?[0m  [["id", 1], ["LIMIT", 1]]
  Rendering secrets/show.json.jbuilder
  Rendered secrets/_secret.json.jbuilder (0.4ms)
  Rendered secrets/show.json.jbuilder (2.3ms)
Completed 200 OK in 15ms (Views: 11.7ms | ActiveRecord: 0.1ms)


Started GET "/secrets.json" for ::1 at 2017-12-12 12:13:35 +1100
  [1m[35m (0.5ms)[0m  [1m[34mSELECT "schema_migrations"."version" FROM "schema_migrations" ORDER BY "schema_migrations"."version" ASC[0m
Processing by SecretsController#index as JSON
  Rendering secrets/index.json.jbuilder
  [1m[36mSecret Load (0.5ms)[0m  [1m[34mSELECT "secrets".* FROM "secrets"[0m
  Rendered secrets/_secret.json.jbuilder (0.6ms)
  Rendered secrets/_secret.json.jbuilder (0.1ms)
  Rendered secrets/index.json.jbuilder (18.3ms)
Completed 200 OK in 43ms (Views: 28.9ms | ActiveRecord: 1.3ms)


Started GET "/secrets.json" for ::1 at 2017-12-12 12:25:16 +1100
  [1m[35m (0.4ms)[0m  [1m[34mSELECT "schema_migrations"."version" FROM "schema_migrations" ORDER BY "schema_migrations"."version" ASC[0m
Processing by SecretsController#index as JSON
  Rendering secrets/index.json.jbuilder
  [1m[36mSecret Load (0.5ms)[0m  [1m[34mSELECT "secrets".* FROM "secrets"[0m
  Rendered secrets/_secret.json.jbuilder (0.4ms)
  Rendered secrets/_secret.json.jbuilder (0.1ms)
  Rendered secrets/index.json.jbuilder (11.0ms)
Completed 200 OK in 33ms (Views: 20.2ms | ActiveRecord: 0.9ms)


Started GET "/secrets.json" for ::1 at 2017-12-12 12:26:30 +1100
Processing by SecretsController#index as JSON
  Rendering secrets/index.json.jbuilder
  [1m[36mSecret Load (0.5ms)[0m  [1m[34mSELECT "secrets".* FROM "secrets"[0m
  Rendered secrets/_secret.json.jbuilder (0.7ms)
  Rendered secrets/_secret.json.jbuilder (0.2ms)
  Rendered secrets/index.json.jbuilder (6.5ms)
Completed 200 OK in 20ms (Views: 15.7ms | ActiveRecord: 0.8ms)


Started GET "/secrets.json" for ::1 at 2017-12-12 12:28:16 +1100
Processing by SecretsController#index as JSON
  Rendering secrets/index.json.jbuilder
  [1m[36mSecret Load (0.4ms)[0m  [1m[34mSELECT "secrets".* FROM "secrets"[0m
  Rendered secrets/_secret.json.jbuilder (0.5ms)
  Rendered secrets/_secret.json.jbuilder (0.3ms)
  Rendered secrets/index.json.jbuilder (6.0ms)
Completed 200 OK in 23ms (Views: 17.8ms | ActiveRecord: 0.4ms)


Started GET "/secrets.json" for ::1 at 2017-12-12 12:28:32 +1100
Processing by SecretsController#index as JSON
  Rendering secrets/index.json.jbuilder
  [1m[36mSecret Load (0.3ms)[0m  [1m[34mSELECT "secrets".* FROM "secrets"[0m
  Rendered secrets/_secret.json.jbuilder (1.0ms)
  Rendered secrets/_secret.json.jbuilder (0.4ms)
  Rendered secrets/index.json.jbuilder (7.0ms)
Completed 200 OK in 27ms (Views: 23.6ms | ActiveRecord: 0.3ms)


Started GET "/secrets.json" for ::1 at 2017-12-12 12:29:11 +1100
Processing by SecretsController#index as JSON
  Rendering secrets/index.json.jbuilder
  [1m[36mSecret Load (0.2ms)[0m  [1m[34mSELECT "secrets".* FROM "secrets"[0m
  Rendered secrets/_secret.json.jbuilder (0.4ms)
  Rendered secrets/_secret.json.jbuilder (0.1ms)
  Rendered secrets/index.json.jbuilder (3.9ms)
Completed 200 OK in 17ms (Views: 13.8ms | ActiveRecord: 0.2ms)


Started GET "/" for ::1 at 2017-12-12 12:29:33 +1100
Processing by Rails::WelcomeController#index as HTML
  Rendering /Users/john/.rvm/gems/ruby-2.4.2/gems/railties-5.1.4/lib/rails/templates/rails/welcome/index.html.erb
  Rendered /Users/john/.rvm/gems/ruby-2.4.2/gems/railties-5.1.4/lib/rails/templates/rails/welcome/index.html.erb (3.1ms)
Completed 200 OK in 11ms (Views: 7.0ms | ActiveRecord: 0.0ms)


Started GET "/secrets" for ::1 at 2017-12-12 12:29:40 +1100
Processing by SecretsController#index as HTML
  Rendering secrets/index.html.erb within layouts/application
  [1m[36mSecret Load (0.2ms)[0m  [1m[34mSELECT "secrets".* FROM "secrets"[0m
  Rendered secrets/index.html.erb within layouts/application (2.9ms)
Completed 200 OK in 230ms (Views: 226.7ms | ActiveRecord: 0.2ms)


Started GET "/secrets/new" for ::1 at 2017-12-12 12:29:43 +1100
Processing by SecretsController#new as HTML
  Rendering secrets/new.html.erb within layouts/application
  Rendered secrets/_form.html.erb (15.3ms)
  Rendered secrets/new.html.erb within layouts/application (18.7ms)
Completed 200 OK in 46ms (Views: 36.0ms | ActiveRecord: 0.0ms)


Started POST "/secrets" for ::1 at 2017-12-12 12:29:58 +1100
Processing by SecretsController#create as HTML
  Parameters: {"utf8"=>"✓", "authenticity_token"=>"zK/+x89nUjy5VAM6zeMcmgc1uAv+uhpWFpGrbPp3plckenKy5P70JNA4WhZgJqdUeAKTQ77vVkPAua5E+1zVaA==", "secret"=>{"content"=>"reading"}, "commit"=>"Create Secret"}
  [1m[35m (0.1ms)[0m  [1m[36mbegin transaction[0m
  [1m[35mSQL (0.7ms)[0m  [1m[32mINSERT INTO "secrets" ("content", "created_at", "updated_at") VALUES (?, ?, ?)[0m  [["content", "reading"], ["created_at", "2017-12-12 01:29:58.540883"], ["updated_at", "2017-12-12 01:29:58.540883"]]
  [1m[35m (0.9ms)[0m  [1m[36mcommit transaction[0m
Redirected to http://localhost:5000/secrets/3
Completed 302 Found in 5ms (ActiveRecord: 1.6ms)


Started GET "/secrets/3" for ::1 at 2017-12-12 12:29:58 +1100
Processing by SecretsController#show as HTML
  Parameters: {"id"=>"3"}
  [1m[36mSecret Load (0.2ms)[0m  [1m[34mSELECT  "secrets".* FROM "secrets" WHERE "secrets"."id" = ? LIMIT ?[0m  [["id", 3], ["LIMIT", 1]]
  Rendering secrets/show.html.erb within layouts/application
  Rendered secrets/show.html.erb within layouts/application (0.7ms)
Completed 200 OK in 27ms (Views: 19.8ms | ActiveRecord: 0.2ms)


Started GET "/secrets" for ::1 at 2017-12-12 12:30:01 +1100
Processing by SecretsController#index as HTML
  Rendering secrets/index.html.erb within layouts/application
  [1m[36mSecret Load (0.2ms)[0m  [1m[34mSELECT "secrets".* FROM "secrets"[0m
  Rendered secrets/index.html.erb within layouts/application (1.8ms)
Completed 200 OK in 27ms (Views: 23.7ms | ActiveRecord: 0.2ms)


Started GET "/secrets.json" for ::1 at 2017-12-12 12:30:16 +1100
Processing by SecretsController#index as JSON
  Rendering secrets/index.json.jbuilder
  [1m[36mSecret Load (0.2ms)[0m  [1m[34mSELECT "secrets".* FROM "secrets"[0m
  Rendered secrets/_secret.json.jbuilder (0.6ms)
  Rendered secrets/_secret.json.jbuilder (0.2ms)
  Rendered secrets/_secret.json.jbuilder (0.2ms)
  Rendered secrets/index.json.jbuilder (7.2ms)
Completed 200 OK in 26ms (Views: 21.8ms | ActiveRecord: 0.2ms)


Started GET "/secrets.json" for ::1 at 2017-12-12 12:33:47 +1100
Processing by SecretsController#index as JSON
  Rendering secrets/index.json.jbuilder
  [1m[36mSecret Load (0.2ms)[0m  [1m[34mSELECT "secrets".* FROM "secrets"[0m
  Rendered secrets/_secret.json.jbuilder (0.5ms)
  Rendered secrets/_secret.json.jbuilder (0.3ms)
  Rendered secrets/_secret.json.jbuilder (0.3ms)
  Rendered secrets/index.json.jbuilder (6.9ms)
Completed 200 OK in 21ms (Views: 17.3ms | ActiveRecord: 0.2ms)


Started GET "/secrets.json" for ::1 at 2017-12-12 12:35:08 +1100
Processing by SecretsController#index as JSON
  Rendering secrets/index.json.jbuilder
  [1m[36mSecret Load (0.2ms)[0m  [1m[34mSELECT "secrets".* FROM "secrets"[0m
  Rendered secrets/_secret.json.jbuilder (0.4ms)
  Rendered secrets/_secret.json.jbuilder (0.1ms)
  Rendered secrets/_secret.json.jbuilder (0.1ms)
  Rendered secrets/index.json.jbuilder (5.7ms)
Completed 200 OK in 17ms (Views: 14.5ms | ActiveRecord: 0.2ms)


Started POST "/secrets.json" for ::1 at 2017-12-12 12:35:25 +1100
Processing by SecretsController#create as JSON
  Parameters: {"content"=>"dogs", "secret"=>{"content"=>"dogs"}}
HTTP Origin header (http://localhost:3000) didn't match request.base_url (http://localhost:5000)
Completed 422 Unprocessable Entity in 1ms (ActiveRecord: 0.0ms)


  
ActionController::InvalidAuthenticityToken (ActionController::InvalidAuthenticityToken):
  
actionpack (5.1.4) lib/action_controller/metal/request_forgery_protection.rb:195:in `handle_unverified_request'
actionpack (5.1.4) lib/action_controller/metal/request_forgery_protection.rb:227:in `handle_unverified_request'
actionpack (5.1.4) lib/action_controller/metal/request_forgery_protection.rb:222:in `verify_authenticity_token'
activesupport (5.1.4) lib/active_support/callbacks.rb:413:in `block in make_lambda'
activesupport (5.1.4) lib/active_support/callbacks.rb:197:in `block (2 levels) in halting'
actionpack (5.1.4) lib/abstract_controller/callbacks.rb:12:in `block (2 levels) in <module:Callbacks>'
activesupport (5.1.4) lib/active_support/callbacks.rb:198:in `block in halting'
activesupport (5.1.4) lib/active_support/callbacks.rb:507:in `block in invoke_before'
activesupport (5.1.4) lib/active_support/callbacks.rb:507:in `each'
activesupport (5.1.4) lib/active_support/callbacks.rb:507:in `invoke_before'
activesupport (5.1.4) lib/active_support/callbacks.rb:130:in `run_callbacks'
actionpack (5.1.4) lib/abstract_controller/callbacks.rb:19:in `process_action'
actionpack (5.1.4) lib/action_controller/metal/rescue.rb:20:in `process_action'
actionpack (5.1.4) lib/action_controller/metal/instrumentation.rb:32:in `block in process_action'
activesupport (5.1.4) lib/active_support/notifications.rb:166:in `block in instrument'
activesupport (5.1.4) lib/active_support/notifications/instrumenter.rb:21:in `instrument'
activesupport (5.1.4) lib/active_support/notifications.rb:166:in `instrument'
actionpack (5.1.4) lib/action_controller/metal/instrumentation.rb:30:in `process_action'
actionpack (5.1.4) lib/action_controller/metal/params_wrapper.rb:252:in `process_action'
activerecord (5.1.4) lib/active_record/railties/controller_runtime.rb:22:in `process_action'
actionpack (5.1.4) lib/abstract_controller/base.rb:124:in `process'
actionview (5.1.4) lib/action_view/rendering.rb:30:in `process'
actionpack (5.1.4) lib/action_controller/metal.rb:189:in `dispatch'
actionpack (5.1.4) lib/action_controller/metal.rb:253:in `dispatch'
actionpack (5.1.4) lib/action_dispatch/routing/route_set.rb:49:in `dispatch'
actionpack (5.1.4) lib/action_dispatch/routing/route_set.rb:31:in `serve'
actionpack (5.1.4) lib/action_dispatch/journey/router.rb:50:in `block in serve'
actionpack (5.1.4) lib/action_dispatch/journey/router.rb:33:in `each'
actionpack (5.1.4) lib/action_dispatch/journey/router.rb:33:in `serve'
actionpack (5.1.4) lib/action_dispatch/routing/route_set.rb:834:in `call'
rack (2.0.3) lib/rack/etag.rb:25:in `call'
rack (2.0.3) lib/rack/conditional_get.rb:38:in `call'
rack (2.0.3) lib/rack/head.rb:12:in `call'
rack (2.0.3) lib/rack/session/abstract/id.rb:232:in `context'
rack (2.0.3) lib/rack/session/abstract/id.rb:226:in `call'
actionpack (5.1.4) lib/action_dispatch/middleware/cookies.rb:613:in `call'
activerecord (5.1.4) lib/active_record/migration.rb:556:in `call'
actionpack (5.1.4) lib/action_dispatch/middleware/callbacks.rb:26:in `block in call'
activesupport (5.1.4) lib/active_support/callbacks.rb:97:in `run_callbacks'
actionpack (5.1.4) lib/action_dispatch/middleware/callbacks.rb:24:in `call'
actionpack (5.1.4) lib/action_dispatch/middleware/executor.rb:12:in `call'
actionpack (5.1.4) lib/action_dispatch/middleware/debug_exceptions.rb:59:in `call'
web-console (3.5.1) lib/web_console/middleware.rb:135:in `call_app'
web-console (3.5.1) lib/web_console/middleware.rb:28:in `block in call'
web-console (3.5.1) lib/web_console/middleware.rb:18:in `catch'
web-console (3.5.1) lib/web_console/middleware.rb:18:in `call'
actionpack (5.1.4) lib/action_dispatch/middleware/show_exceptions.rb:31:in `call'
railties (5.1.4) lib/rails/rack/logger.rb:36:in `call_app'
railties (5.1.4) lib/rails/rack/logger.rb:24:in `block in call'
activesupport (5.1.4) lib/active_support/tagged_logging.rb:69:in `block in tagged'
activesupport (5.1.4) lib/active_support/tagged_logging.rb:26:in `tagged'
activesupport (5.1.4) lib/active_support/tagged_logging.rb:69:in `tagged'
railties (5.1.4) lib/rails/rack/logger.rb:24:in `call'
sprockets-rails (3.2.1) lib/sprockets/rails/quiet_assets.rb:13:in `call'
actionpack (5.1.4) lib/action_dispatch/middleware/remote_ip.rb:79:in `call'
actionpack (5.1.4) lib/action_dispatch/middleware/request_id.rb:25:in `call'
rack (2.0.3) lib/rack/method_override.rb:22:in `call'
rack (2.0.3) lib/rack/runtime.rb:22:in `call'
activesupport (5.1.4) lib/active_support/cache/strategy/local_cache_middleware.rb:27:in `call'
actionpack (5.1.4) lib/action_dispatch/middleware/executor.rb:12:in `call'
actionpack (5.1.4) lib/action_dispatch/middleware/static.rb:125:in `call'
rack (2.0.3) lib/rack/sendfile.rb:111:in `call'
rack-cors (1.0.2) lib/rack/cors.rb:97:in `call'
railties (5.1.4) lib/rails/engine.rb:522:in `call'
puma (3.11.0) lib/puma/configuration.rb:225:in `call'
puma (3.11.0) lib/puma/server.rb:624:in `handle_request'
puma (3.11.0) lib/puma/server.rb:438:in `process_client'
puma (3.11.0) lib/puma/server.rb:302:in `block in run'
puma (3.11.0) lib/puma/thread_pool.rb:120:in `block in spawn_thread'
Started GET "/secrets.json" for ::1 at 2017-12-12 12:36:17 +1100
Processing by SecretsController#index as JSON
  Rendering secrets/index.json.jbuilder
  [1m[36mSecret Load (0.2ms)[0m  [1m[34mSELECT "secrets".* FROM "secrets"[0m
  Rendered secrets/_secret.json.jbuilder (0.6ms)
  Rendered secrets/_secret.json.jbuilder (0.2ms)
  Rendered secrets/_secret.json.jbuilder (0.1ms)
  Rendered secrets/index.json.jbuilder (29.4ms)
Completed 200 OK in 64ms (Views: 51.5ms | ActiveRecord: 1.2ms)


Started POST "/secrets.json" for ::1 at 2017-12-12 12:36:20 +1100
Processing by SecretsController#create as JSON
  Parameters: {"content"=>"dogs", "secret"=>{"content"=>"dogs"}}
  [1m[35m (0.1ms)[0m  [1m[36mbegin transaction[0m
  [1m[35mSQL (0.6ms)[0m  [1m[32mINSERT INTO "secrets" ("content", "created_at", "updated_at") VALUES (?, ?, ?)[0m  [["content", "dogs"], ["created_at", "2017-12-12 01:36:20.483631"], ["updated_at", "2017-12-12 01:36:20.483631"]]
  [1m[35m (6.5ms)[0m  [1m[36mcommit transaction[0m
  Rendering secrets/show.json.jbuilder
  Rendered secrets/_secret.json.jbuilder (0.5ms)
  Rendered secrets/show.json.jbuilder (125.2ms)
Completed 201 Created in 172ms (Views: 160.8ms | ActiveRecord: 7.3ms)


Started GET "/secrets.json" for ::1 at 2017-12-12 12:36:26 +1100
Processing by SecretsController#index as JSON
  Rendering secrets/index.json.jbuilder
  [1m[36mSecret Load (0.2ms)[0m  [1m[34mSELECT "secrets".* FROM "secrets"[0m
  Rendered secrets/_secret.json.jbuilder (0.5ms)
  Rendered secrets/_secret.json.jbuilder (0.2ms)
  Rendered secrets/_secret.json.jbuilder (0.2ms)
  Rendered secrets/_secret.json.jbuilder (0.2ms)
  Rendered secrets/index.json.jbuilder (8.2ms)
Completed 200 OK in 24ms (Views: 21.2ms | ActiveRecord: 0.2ms)


Started POST "/secrets.json" for ::1 at 2017-12-12 12:37:12 +1100
Processing by SecretsController#create as JSON
  Parameters: {"content"=>"freddo\n", "secret"=>{"content"=>"freddo\n"}}
  [1m[35m (0.1ms)[0m  [1m[36mbegin transaction[0m
  [1m[35mSQL (0.4ms)[0m  [1m[32mINSERT INTO "secrets" ("content", "created_at", "updated_at") VALUES (?, ?, ?)[0m  [["content", "freddo\n"], ["created_at", "2017-12-12 01:37:12.678357"], ["updated_at", "2017-12-12 01:37:12.678357"]]
  [1m[35m (6.4ms)[0m  [1m[36mcommit transaction[0m
  Rendering secrets/show.json.jbuilder
  Rendered secrets/_secret.json.jbuilder (0.4ms)
  Rendered secrets/show.json.jbuilder (2.6ms)
Completed 201 Created in 24ms (Views: 14.9ms | ActiveRecord: 6.8ms)


Started GET "/secrets.json" for ::1 at 2017-12-12 12:38:31 +1100
Processing by SecretsController#index as JSON
  Rendering secrets/index.json.jbuilder
  [1m[36mSecret Load (0.2ms)[0m  [1m[34mSELECT "secrets".* FROM "secrets"[0m
  Rendered secrets/_secret.json.jbuilder (0.5ms)
  Rendered secrets/_secret.json.jbuilder (0.3ms)
  Rendered secrets/_secret.json.jbuilder (0.2ms)
  Rendered secrets/_secret.json.jbuilder (0.3ms)
  Rendered secrets/_secret.json.jbuilder (0.3ms)
  Rendered secrets/index.json.jbuilder (10.4ms)
Completed 200 OK in 27ms (Views: 23.9ms | ActiveRecord: 0.2ms)


Started POST "/secrets.json" for ::1 at 2017-12-12 12:38:42 +1100
Processing by SecretsController#create as JSON
  Parameters: {"content"=>"chips", "secret"=>{"content"=>"chips"}}
  [1m[35m (0.1ms)[0m  [1m[36mbegin transaction[0m
  [1m[35mSQL (0.5ms)[0m  [1m[32mINSERT INTO "secrets" ("content", "created_at", "updated_at") VALUES (?, ?, ?)[0m  [["content", "chips"], ["created_at", "2017-12-12 01:38:42.189123"], ["updated_at", "2017-12-12 01:38:42.189123"]]
  [1m[35m (6.4ms)[0m  [1m[36mcommit transaction[0m
  Rendering secrets/show.json.jbuilder
  Rendered secrets/_secret.json.jbuilder (0.4ms)
  Rendered secrets/show.json.jbuilder (2.3ms)
Completed 201 Created in 24ms (Views: 15.1ms | ActiveRecord: 6.9ms)


Started GET "/secrets.json" for ::1 at 2017-12-12 12:41:06 +1100
Processing by SecretsController#index as JSON
  Rendering secrets/index.json.jbuilder
  [1m[36mSecret Load (0.2ms)[0m  [1m[34mSELECT "secrets".* FROM "secrets"[0m
  Rendered secrets/_secret.json.jbuilder (0.3ms)
  Rendered secrets/_secret.json.jbuilder (0.2ms)
  Rendered secrets/_secret.json.jbuilder (0.2ms)
  Rendered secrets/_secret.json.jbuilder (0.2ms)
  Rendered secrets/_secret.json.jbuilder (0.2ms)
  Rendered secrets/_secret.json.jbuilder (0.2ms)
  Rendered secrets/index.json.jbuilder (8.8ms)
Completed 200 OK in 22ms (Views: 18.6ms | ActiveRecord: 0.2ms)


Started POST "/secrets.json" for ::1 at 2017-12-12 12:41:19 +1100
Processing by SecretsController#create as JSON
  Parameters: {"content"=>"more secrets", "secret"=>{"content"=>"more secrets"}}
  [1m[35m (0.1ms)[0m  [1m[36mbegin transaction[0m
  [1m[35mSQL (0.4ms)[0m  [1m[32mINSERT INTO "secrets" ("content", "created_at", "updated_at") VALUES (?, ?, ?)[0m  [["content", "more secrets"], ["created_at", "2017-12-12 01:41:19.651673"], ["updated_at", "2017-12-12 01:41:19.651673"]]
  [1m[35m (6.4ms)[0m  [1m[36mcommit transaction[0m
  Rendering secrets/show.json.jbuilder
  Rendered secrets/_secret.json.jbuilder (0.3ms)
  Rendered secrets/show.json.jbuilder (1.8ms)
Completed 201 Created in 20ms (Views: 11.1ms | ActiveRecord: 6.8ms)


Started GET "/secrets.json" for ::1 at 2017-12-12 12:42:49 +1100
Processing by SecretsController#index as JSON
  Rendering secrets/index.json.jbuilder
  [1m[36mSecret Load (0.3ms)[0m  [1m[34mSELECT "secrets".* FROM "secrets"[0m
  Rendered secrets/_secret.json.jbuilder (0.6ms)
  Rendered secrets/_secret.json.jbuilder (0.3ms)
  Rendered secrets/_secret.json.jbuilder (0.2ms)
  Rendered secrets/_secret.json.jbuilder (0.4ms)
  Rendered secrets/_secret.json.jbuilder (0.2ms)
  Rendered secrets/_secret.json.jbuilder (0.2ms)
  Rendered secrets/_secret.json.jbuilder (0.3ms)
  Rendered secrets/index.json.jbuilder (18.5ms)
Completed 200 OK in 33ms (Views: 29.8ms | ActiveRecord: 0.3ms)


Started POST "/secrets.json" for ::1 at 2017-12-12 12:42:57 +1100
Processing by SecretsController#create as JSON
  Parameters: {"content"=>"beer", "secret"=>{"content"=>"beer"}}
  [1m[35m (0.1ms)[0m  [1m[36mbegin transaction[0m
  [1m[35mSQL (0.4ms)[0m  [1m[32mINSERT INTO "secrets" ("content", "created_at", "updated_at") VALUES (?, ?, ?)[0m  [["content", "beer"], ["created_at", "2017-12-12 01:42:57.377205"], ["updated_at", "2017-12-12 01:42:57.377205"]]
  [1m[35m (6.5ms)[0m  [1m[36mcommit transaction[0m
  Rendering secrets/show.json.jbuilder
  Rendered secrets/_secret.json.jbuilder (0.4ms)
  Rendered secrets/show.json.jbuilder (2.3ms)
Completed 201 Created in 21ms (Views: 12.1ms | ActiveRecord: 7.0ms)


Started POST "/secrets.json" for ::1 at 2017-12-12 13:03:34 +1100
Processing by SecretsController#create as JSON
  Parameters: {"content"=>"food", "secret"=>{"content"=>"food"}}
  [1m[35m (0.1ms)[0m  [1m[36mbegin transaction[0m
  [1m[35mSQL (0.4ms)[0m  [1m[32mINSERT INTO "secrets" ("content", "created_at", "updated_at") VALUES (?, ?, ?)[0m  [["content", "food"], ["created_at", "2017-12-12 02:03:34.959620"], ["updated_at", "2017-12-12 02:03:34.959620"]]
  [1m[35m (1.0ms)[0m  [1m[36mcommit transaction[0m
  Rendering secrets/show.json.jbuilder
  Rendered secrets/_secret.json.jbuilder (0.4ms)
  Rendered secrets/show.json.jbuilder (2.0ms)
Completed 201 Created in 19ms (Views: 12.1ms | ActiveRecord: 2.2ms)


Started GET "/secrets" for ::1 at 2017-12-12 14:05:20 +1100
Processing by SecretsController#index as HTML
  [1m[36mSecret Load (0.3ms)[0m  [1m[34mSELECT "secrets".* FROM "secrets"[0m
  Rendering secrets/index.html.erb within layouts/application
  Rendered secrets/index.html.erb within layouts/application (2.9ms)
Completed 200 OK in 40ms (Views: 35.3ms | ActiveRecord: 0.3ms)


Started DELETE "/secrets/1" for ::1 at 2017-12-12 14:05:24 +1100
Processing by SecretsController#destroy as HTML
  Parameters: {"authenticity_token"=>"jx/K905JPwiTBBz/gamjXCmrwQdPY2sR3sB6Oem43NOpW5lCndRuWg4ktMHWoYHBwpJ7xNRDJBdh6qQQMrenkw==", "id"=>"1"}
  [1m[36mSecret Load (0.2ms)[0m  [1m[34mSELECT  "secrets".* FROM "secrets" WHERE "secrets"."id" = ? LIMIT ?[0m  [["id", 1], ["LIMIT", 1]]
  [1m[35m (0.1ms)[0m  [1m[36mbegin transaction[0m
  [1m[35mSQL (0.3ms)[0m  [1m[31mDELETE FROM "secrets" WHERE "secrets"."id" = ?[0m  [["id", 1]]
  [1m[35m (1.3ms)[0m  [1m[36mcommit transaction[0m
Redirected to http://localhost:5000/secrets
Completed 302 Found in 6ms (ActiveRecord: 1.9ms)


Started GET "/secrets" for ::1 at 2017-12-12 14:05:24 +1100
Processing by SecretsController#index as HTML
  [1m[36mSecret Load (0.2ms)[0m  [1m[34mSELECT "secrets".* FROM "secrets"[0m
  Rendering secrets/index.html.erb within layouts/application
  Rendered secrets/index.html.erb within layouts/application (3.3ms)
Completed 200 OK in 56ms (Views: 52.3ms | ActiveRecord: 0.2ms)


Started DELETE "/secrets/3" for ::1 at 2017-12-12 14:05:27 +1100
Processing by SecretsController#destroy as HTML
  Parameters: {"authenticity_token"=>"x55w3c70xEfqrcJKo7DzH1ZV94GMEgTEGZWELAwfxwvh2iNoHWmVFXeNanT0uNGCvWxNQhcyS8Kmv1oF1xC8Sw==", "id"=>"3"}
  [1m[36mSecret Load (0.3ms)[0m  [1m[34mSELECT  "secrets".* FROM "secrets" WHERE "secrets"."id" = ? LIMIT ?[0m  [["id", 3], ["LIMIT", 1]]
  [1m[35m (0.4ms)[0m  [1m[36mbegin transaction[0m
  [1m[35mSQL (0.6ms)[0m  [1m[31mDELETE FROM "secrets" WHERE "secrets"."id" = ?[0m  [["id", 3]]
  [1m[35m (6.7ms)[0m  [1m[36mcommit transaction[0m
Redirected to http://localhost:5000/secrets
Completed 302 Found in 12ms (ActiveRecord: 8.0ms)


Started GET "/secrets" for ::1 at 2017-12-12 14:05:27 +1100
Processing by SecretsController#index as HTML
  [1m[36mSecret Load (0.4ms)[0m  [1m[34mSELECT "secrets".* FROM "secrets"[0m
  Rendering secrets/index.html.erb within layouts/application
  Rendered secrets/index.html.erb within layouts/application (2.2ms)
Completed 200 OK in 44ms (Views: 36.7ms | ActiveRecord: 0.4ms)


Started DELETE "/secrets/7" for ::1 at 2017-12-12 14:05:31 +1100
Processing by SecretsController#destroy as HTML
  Parameters: {"authenticity_token"=>"gqIS8pFlMD77C/w/oIGeZJmq9hqwJCf4tMHNXUdNozCk5kFHQvhhbGYrVAH3ibz5cpNM2SsEaP4L6xN0nELYcA==", "id"=>"7"}
  [1m[36mSecret Load (0.2ms)[0m  [1m[34mSELECT  "secrets".* FROM "secrets" WHERE "secrets"."id" = ? LIMIT ?[0m  [["id", 7], ["LIMIT", 1]]
  [1m[35m (0.1ms)[0m  [1m[36mbegin transaction[0m
  [1m[35mSQL (0.3ms)[0m  [1m[31mDELETE FROM "secrets" WHERE "secrets"."id" = ?[0m  [["id", 7]]
  [1m[35m (6.5ms)[0m  [1m[36mcommit transaction[0m
Redirected to http://localhost:5000/secrets
Completed 302 Found in 10ms (ActiveRecord: 7.2ms)


Started GET "/secrets" for ::1 at 2017-12-12 14:05:31 +1100
Processing by SecretsController#index as HTML
  [1m[36mSecret Load (0.4ms)[0m  [1m[34mSELECT "secrets".* FROM "secrets"[0m
  Rendering secrets/index.html.erb within layouts/application
  Rendered secrets/index.html.erb within layouts/application (2.7ms)
Completed 200 OK in 41ms (Views: 34.5ms | ActiveRecord: 0.4ms)


Started DELETE "/secrets/5" for ::1 at 2017-12-12 14:05:35 +1100
Processing by SecretsController#destroy as HTML
  Parameters: {"authenticity_token"=>"cfIPu8uytxNZwE1Nf/PC+7qc0wPZAdXP1/m1i7C24NpXtlwOGC/mQcTg5XMo++BmUaVpwEIhmslo02uia7mbmg==", "id"=>"5"}
  [1m[36mSecret Load (0.2ms)[0m  [1m[34mSELECT  "secrets".* FROM "secrets" WHERE "secrets"."id" = ? LIMIT ?[0m  [["id", 5], ["LIMIT", 1]]
  [1m[35m (0.1ms)[0m  [1m[36mbegin transaction[0m
  [1m[35mSQL (0.3ms)[0m  [1m[31mDELETE FROM "secrets" WHERE "secrets"."id" = ?[0m  [["id", 5]]
  [1m[35m (6.3ms)[0m  [1m[36mcommit transaction[0m
Redirected to http://localhost:5000/secrets
Completed 302 Found in 10ms (ActiveRecord: 6.8ms)


Started GET "/secrets" for ::1 at 2017-12-12 14:05:35 +1100
Processing by SecretsController#index as HTML
  [1m[36mSecret Load (0.3ms)[0m  [1m[34mSELECT "secrets".* FROM "secrets"[0m
  Rendering secrets/index.html.erb within layouts/application
  Rendered secrets/index.html.erb within layouts/application (9.4ms)
Completed 200 OK in 93ms (Views: 86.1ms | ActiveRecord: 0.3ms)


Started DELETE "/secrets/9" for ::1 at 2017-12-12 14:05:38 +1100
Processing by SecretsController#destroy as HTML
  Parameters: {"authenticity_token"=>"aqrTgC3nlXTA/i+r/KvFrK5i1e8l7TDnb+70jJhG/85M7oA1/nrEJl3eh5Wro+cxRVtvLL7Nf+HQxCqlQ0mEjg==", "id"=>"9"}
  [1m[36mSecret Load (0.2ms)[0m  [1m[34mSELECT  "secrets".* FROM "secrets" WHERE "secrets"."id" = ? LIMIT ?[0m  [["id", 9], ["LIMIT", 1]]
  [1m[35m (0.1ms)[0m  [1m[36mbegin transaction[0m
  [1m[35mSQL (0.3ms)[0m  [1m[31mDELETE FROM "secrets" WHERE "secrets"."id" = ?[0m  [["id", 9]]
  [1m[35m (6.4ms)[0m  [1m[36mcommit transaction[0m
Redirected to http://localhost:5000/secrets
Completed 302 Found in 10ms (ActiveRecord: 7.0ms)


Started GET "/secrets" for ::1 at 2017-12-12 14:05:38 +1100
Processing by SecretsController#index as HTML
  [1m[36mSecret Load (0.8ms)[0m  [1m[34mSELECT "secrets".* FROM "secrets"[0m
  Rendering secrets/index.html.erb within layouts/application
  Rendered secrets/index.html.erb within layouts/application (124.0ms)
Completed 200 OK in 174ms (Views: 163.9ms | ActiveRecord: 0.8ms)


Started GET "/secrets.json" for ::1 at 2017-12-12 14:05:46 +1100
Processing by SecretsController#index as JSON
  [1m[36mSecret Load (0.2ms)[0m  [1m[34mSELECT "secrets".* FROM "secrets"[0m
  Rendering secrets/index.json.jbuilder
  Rendered secrets/_secret.json.jbuilder (0.9ms)
  Rendered secrets/_secret.json.jbuilder (0.3ms)
  Rendered secrets/_secret.json.jbuilder (0.3ms)
  Rendered secrets/_secret.json.jbuilder (0.3ms)
  Rendered secrets/index.json.jbuilder (9.7ms)
Completed 200 OK in 35ms (Views: 24.3ms | ActiveRecord: 0.2ms)


Started GET "/secrets.json" for ::1 at 2017-12-12 14:08:03 +1100
Processing by SecretsController#index as JSON
  [1m[36mSecret Load (0.2ms)[0m  [1m[34mSELECT "secrets".* FROM "secrets"[0m
  Rendering secrets/index.json.jbuilder
  Rendered secrets/_secret.json.jbuilder (0.8ms)
  Rendered secrets/_secret.json.jbuilder (0.3ms)
  Rendered secrets/_secret.json.jbuilder (0.3ms)
  Rendered secrets/_secret.json.jbuilder (0.4ms)
  Rendered secrets/index.json.jbuilder (10.2ms)
Completed 200 OK in 26ms (Views: 23.1ms | ActiveRecord: 0.2ms)


Started GET "/secrets.json" for ::1 at 2017-12-12 14:10:09 +1100
Processing by SecretsController#index as JSON
  [1m[36mSecret Load (0.2ms)[0m  [1m[34mSELECT "secrets".* FROM "secrets"[0m
  Rendering secrets/index.json.jbuilder
  Rendered secrets/_secret.json.jbuilder (0.5ms)
  Rendered secrets/_secret.json.jbuilder (0.3ms)
  Rendered secrets/_secret.json.jbuilder (0.3ms)
  Rendered secrets/_secret.json.jbuilder (0.4ms)
  Rendered secrets/index.json.jbuilder (7.6ms)
Completed 200 OK in 21ms (Views: 16.9ms | ActiveRecord: 0.2ms)


Started GET "/secrets.json" for ::1 at 2017-12-12 14:10:13 +1100
Processing by SecretsController#index as JSON
  [1m[36mSecret Load (0.2ms)[0m  [1m[34mSELECT "secrets".* FROM "secrets"[0m
  Rendering secrets/index.json.jbuilder
  Rendered secrets/_secret.json.jbuilder (0.4ms)
  Rendered secrets/_secret.json.jbuilder (0.1ms)
  Rendered secrets/_secret.json.jbuilder (0.1ms)
  Rendered secrets/_secret.json.jbuilder (0.1ms)
  Rendered secrets/index.json.jbuilder (4.6ms)
Completed 200 OK in 16ms (Views: 13.0ms | ActiveRecord: 0.2ms)


Started GET "/secrets.json" for ::1 at 2017-12-12 14:10:17 +1100
Processing by SecretsController#index as JSON
  [1m[36mSecret Load (0.2ms)[0m  [1m[34mSELECT "secrets".* FROM "secrets"[0m
  Rendering secrets/index.json.jbuilder
  Rendered secrets/_secret.json.jbuilder (0.5ms)
  Rendered secrets/_secret.json.jbuilder (0.1ms)
  Rendered secrets/_secret.json.jbuilder (0.1ms)
  Rendered secrets/_secret.json.jbuilder (0.3ms)
  Rendered secrets/index.json.jbuilder (5.0ms)
Completed 200 OK in 17ms (Views: 13.4ms | ActiveRecord: 0.2ms)


Started GET "/secrets.json" for ::1 at 2017-12-12 14:10:21 +1100
Processing by SecretsController#index as JSON
  [1m[36mSecret Load (0.2ms)[0m  [1m[34mSELECT "secrets".* FROM "secrets"[0m
  Rendering secrets/index.json.jbuilder
  Rendered secrets/_secret.json.jbuilder (0.4ms)
  Rendered secrets/_secret.json.jbuilder (0.1ms)
  Rendered secrets/_secret.json.jbuilder (0.1ms)
  Rendered secrets/_secret.json.jbuilder (0.2ms)
  Rendered secrets/index.json.jbuilder (4.8ms)
Completed 200 OK in 18ms (Views: 14.1ms | ActiveRecord: 0.2ms)


Started GET "/secrets.json" for ::1 at 2017-12-12 14:10:25 +1100
Processing by SecretsController#index as JSON
  [1m[36mSecret Load (0.3ms)[0m  [1m[34mSELECT "secrets".* FROM "secrets"[0m
  Rendering secrets/index.json.jbuilder
  Rendered secrets/_secret.json.jbuilder (0.5ms)
  Rendered secrets/_secret.json.jbuilder (0.1ms)
  Rendered secrets/_secret.json.jbuilder (0.1ms)
  Rendered secrets/_secret.json.jbuilder (0.2ms)
  Rendered secrets/index.json.jbuilder (5.0ms)
Completed 200 OK in 17ms (Views: 13.6ms | ActiveRecord: 0.3ms)


Started GET "/secrets.json" for ::1 at 2017-12-12 14:10:29 +1100
Processing by SecretsController#index as JSON
  [1m[36mSecret Load (0.2ms)[0m  [1m[34mSELECT "secrets".* FROM "secrets"[0m
  Rendering secrets/index.json.jbuilder
  Rendered secrets/_secret.json.jbuilder (0.4ms)
  Rendered secrets/_secret.json.jbuilder (0.2ms)
  Rendered secrets/_secret.json.jbuilder (0.1ms)
  Rendered secrets/_secret.json.jbuilder (0.1ms)
  Rendered secrets/index.json.jbuilder (5.0ms)
Completed 200 OK in 17ms (Views: 13.4ms | ActiveRecord: 0.2ms)


Started GET "/secrets.json" for ::1 at 2017-12-12 14:10:33 +1100
Processing by SecretsController#index as JSON
  [1m[36mSecret Load (0.2ms)[0m  [1m[34mSELECT "secrets".* FROM "secrets"[0m
  Rendering secrets/index.json.jbuilder
  Rendered secrets/_secret.json.jbuilder (0.4ms)
  Rendered secrets/_secret.json.jbuilder (0.2ms)
  Rendered secrets/_secret.json.jbuilder (0.1ms)
  Rendered secrets/_secret.json.jbuilder (0.1ms)
  Rendered secrets/index.json.jbuilder (4.6ms)
Completed 200 OK in 17ms (Views: 13.4ms | ActiveRecord: 0.2ms)


Started GET "/secrets.json" for ::1 at 2017-12-12 14:10:37 +1100
Processing by SecretsController#index as JSON
  [1m[36mSecret Load (0.2ms)[0m  [1m[34mSELECT "secrets".* FROM "secrets"[0m
  Rendering secrets/index.json.jbuilder
  Rendered secrets/_secret.json.jbuilder (0.4ms)
  Rendered secrets/_secret.json.jbuilder (0.1ms)
  Rendered secrets/_secret.json.jbuilder (0.1ms)
  Rendered secrets/_secret.json.jbuilder (0.2ms)
  Rendered secrets/index.json.jbuilder (4.9ms)
Completed 200 OK in 17ms (Views: 13.4ms | ActiveRecord: 0.2ms)


Started GET "/secrets.json" for ::1 at 2017-12-12 14:10:41 +1100
Processing by SecretsController#index as JSON
  [1m[36mSecret Load (0.2ms)[0m  [1m[34mSELECT "secrets".* FROM "secrets"[0m
  Rendering secrets/index.json.jbuilder
  Rendered secrets/_secret.json.jbuilder (0.4ms)
  Rendered secrets/_secret.json.jbuilder (0.2ms)
  Rendered secrets/_secret.json.jbuilder (0.1ms)
  Rendered secrets/_secret.json.jbuilder (0.1ms)
  Rendered secrets/index.json.jbuilder (4.6ms)
Completed 200 OK in 16ms (Views: 12.7ms | ActiveRecord: 0.2ms)


Started GET "/secrets.json" for ::1 at 2017-12-12 14:10:45 +1100
Processing by SecretsController#index as JSON
  [1m[36mSecret Load (0.2ms)[0m  [1m[34mSELECT "secrets".* FROM "secrets"[0m
  Rendering secrets/index.json.jbuilder
  Rendered secrets/_secret.json.jbuilder (0.3ms)
  Rendered secrets/_secret.json.jbuilder (0.1ms)
  Rendered secrets/_secret.json.jbuilder (0.1ms)
  Rendered secrets/_secret.json.jbuilder (0.1ms)
  Rendered secrets/index.json.jbuilder (4.4ms)
Completed 200 OK in 16ms (Views: 12.8ms | ActiveRecord: 0.2ms)


Started GET "/secrets.json" for ::1 at 2017-12-12 14:10:49 +1100
Processing by SecretsController#index as JSON
  [1m[36mSecret Load (0.2ms)[0m  [1m[34mSELECT "secrets".* FROM "secrets"[0m
  Rendering secrets/index.json.jbuilder
  Rendered secrets/_secret.json.jbuilder (0.4ms)
  Rendered secrets/_secret.json.jbuilder (0.1ms)
  Rendered secrets/_secret.json.jbuilder (0.1ms)
  Rendered secrets/_secret.json.jbuilder (0.1ms)
  Rendered secrets/index.json.jbuilder (5.1ms)
Completed 200 OK in 17ms (Views: 13.7ms | ActiveRecord: 0.2ms)


Started GET "/secrets.json" for ::1 at 2017-12-12 14:10:53 +1100
Processing by SecretsController#index as JSON
  [1m[36mSecret Load (0.2ms)[0m  [1m[34mSELECT "secrets".* FROM "secrets"[0m
  Rendering secrets/index.json.jbuilder
  Rendered secrets/_secret.json.jbuilder (0.4ms)
  Rendered secrets/_secret.json.jbuilder (0.1ms)
  Rendered secrets/_secret.json.jbuilder (0.1ms)
  Rendered secrets/_secret.json.jbuilder (0.1ms)
  Rendered secrets/index.json.jbuilder (4.8ms)
Completed 200 OK in 17ms (Views: 13.5ms | ActiveRecord: 0.2ms)


Started GET "/secrets.json" for ::1 at 2017-12-12 14:10:57 +1100
Processing by SecretsController#index as JSON
  [1m[36mSecret Load (0.2ms)[0m  [1m[34mSELECT "secrets".* FROM "secrets"[0m
  Rendering secrets/index.json.jbuilder
  Rendered secrets/_secret.json.jbuilder (0.4ms)
  Rendered secrets/_secret.json.jbuilder (0.1ms)
  Rendered secrets/_secret.json.jbuilder (0.1ms)
  Rendered secrets/_secret.json.jbuilder (0.1ms)
  Rendered secrets/index.json.jbuilder (4.6ms)
Completed 200 OK in 17ms (Views: 14.1ms | ActiveRecord: 0.2ms)


Started GET "/secrets.json" for ::1 at 2017-12-12 14:11:01 +1100
Processing by SecretsController#index as JSON
  [1m[36mSecret Load (0.2ms)[0m  [1m[34mSELECT "secrets".* FROM "secrets"[0m
  Rendering secrets/index.json.jbuilder
  Rendered secrets/_secret.json.jbuilder (0.4ms)
  Rendered secrets/_secret.json.jbuilder (0.1ms)
  Rendered secrets/_secret.json.jbuilder (0.1ms)
  Rendered secrets/_secret.json.jbuilder (0.1ms)
  Rendered secrets/index.json.jbuilder (4.4ms)
Completed 200 OK in 16ms (Views: 12.7ms | ActiveRecord: 0.2ms)


Started GET "/secrets.json" for ::1 at 2017-12-12 14:11:05 +1100
Processing by SecretsController#index as JSON
  [1m[36mSecret Load (0.2ms)[0m  [1m[34mSELECT "secrets".* FROM "secrets"[0m
  Rendering secrets/index.json.jbuilder
  Rendered secrets/_secret.json.jbuilder (0.4ms)
  Rendered secrets/_secret.json.jbuilder (0.1ms)
  Rendered secrets/_secret.json.jbuilder (0.1ms)
  Rendered secrets/_secret.json.jbuilder (0.1ms)
  Rendered secrets/index.json.jbuilder (4.4ms)
Completed 200 OK in 16ms (Views: 12.6ms | ActiveRecord: 0.2ms)


Started GET "/secrets.json" for ::1 at 2017-12-12 14:11:09 +1100
Processing by SecretsController#index as JSON
  [1m[36mSecret Load (0.3ms)[0m  [1m[34mSELECT "secrets".* FROM "secrets"[0m
  Rendering secrets/index.json.jbuilder
  Rendered secrets/_secret.json.jbuilder (0.4ms)
  Rendered secrets/_secret.json.jbuilder (0.1ms)
  Rendered secrets/_secret.json.jbuilder (0.1ms)
  Rendered secrets/_secret.json.jbuilder (0.1ms)
  Rendered secrets/index.json.jbuilder (4.7ms)
Completed 200 OK in 17ms (Views: 13.1ms | ActiveRecord: 0.3ms)


Started GET "/secrets.json" for ::1 at 2017-12-12 14:11:13 +1100
Processing by SecretsController#index as JSON
  [1m[36mSecret Load (0.2ms)[0m  [1m[34mSELECT "secrets".* FROM "secrets"[0m
  Rendering secrets/index.json.jbuilder
  Rendered secrets/_secret.json.jbuilder (0.3ms)
  Rendered secrets/_secret.json.jbuilder (0.1ms)
  Rendered secrets/_secret.json.jbuilder (0.1ms)
  Rendered secrets/_secret.json.jbuilder (0.1ms)
  Rendered secrets/index.json.jbuilder (4.3ms)
Completed 200 OK in 16ms (Views: 12.5ms | ActiveRecord: 0.2ms)


Started GET "/secrets.json" for ::1 at 2017-12-12 14:11:17 +1100
Processing by SecretsController#index as JSON
  [1m[36mSecret Load (0.2ms)[0m  [1m[34mSELECT "secrets".* FROM "secrets"[0m
  Rendering secrets/index.json.jbuilder
  Rendered secrets/_secret.json.jbuilder (0.8ms)
  Rendered secrets/_secret.json.jbuilder (0.3ms)
  Rendered secrets/_secret.json.jbuilder (0.3ms)
  Rendered secrets/_secret.json.jbuilder (0.3ms)
  Rendered secrets/index.json.jbuilder (8.0ms)
Completed 200 OK in 21ms (Views: 17.7ms | ActiveRecord: 0.2ms)


Started GET "/secrets.json" for ::1 at 2017-12-12 14:11:21 +1100
Processing by SecretsController#index as JSON
  [1m[36mSecret Load (0.2ms)[0m  [1m[34mSELECT "secrets".* FROM "secrets"[0m
  Rendering secrets/index.json.jbuilder
  Rendered secrets/_secret.json.jbuilder (0.4ms)
  Rendered secrets/_secret.json.jbuilder (0.1ms)
  Rendered secrets/_secret.json.jbuilder (0.1ms)
  Rendered secrets/_secret.json.jbuilder (0.1ms)
  Rendered secrets/index.json.jbuilder (4.6ms)
Completed 200 OK in 16ms (Views: 12.7ms | ActiveRecord: 0.2ms)


Started GET "/secrets.json" for ::1 at 2017-12-12 14:11:26 +1100
Processing by SecretsController#index as JSON
  [1m[36mSecret Load (0.2ms)[0m  [1m[34mSELECT "secrets".* FROM "secrets"[0m
  Rendering secrets/index.json.jbuilder
  Rendered secrets/_secret.json.jbuilder (0.4ms)
  Rendered secrets/_secret.json.jbuilder (0.1ms)
  Rendered secrets/_secret.json.jbuilder (0.1ms)
  Rendered secrets/_secret.json.jbuilder (0.1ms)
  Rendered secrets/index.json.jbuilder (4.6ms)
Completed 200 OK in 17ms (Views: 13.6ms | ActiveRecord: 0.2ms)


Started GET "/secrets.json" for ::1 at 2017-12-12 14:11:30 +1100
Processing by SecretsController#index as JSON
  [1m[36mSecret Load (0.2ms)[0m  [1m[34mSELECT "secrets".* FROM "secrets"[0m
  Rendering secrets/index.json.jbuilder
  Rendered secrets/_secret.json.jbuilder (0.4ms)
  Rendered secrets/_secret.json.jbuilder (0.1ms)
  Rendered secrets/_secret.json.jbuilder (0.3ms)
  Rendered secrets/_secret.json.jbuilder (0.1ms)
  Rendered secrets/index.json.jbuilder (4.7ms)
Completed 200 OK in 17ms (Views: 13.3ms | ActiveRecord: 0.2ms)


Started GET "/secrets.json" for ::1 at 2017-12-12 14:11:34 +1100
Processing by SecretsController#index as JSON
  [1m[36mSecret Load (0.2ms)[0m  [1m[34mSELECT "secrets".* FROM "secrets"[0m
  Rendering secrets/index.json.jbuilder
  Rendered secrets/_secret.json.jbuilder (0.4ms)
  Rendered secrets/_secret.json.jbuilder (0.1ms)
  Rendered secrets/_secret.json.jbuilder (0.1ms)
  Rendered secrets/_secret.json.jbuilder (0.1ms)
  Rendered secrets/index.json.jbuilder (5.0ms)
Completed 200 OK in 16ms (Views: 13.2ms | ActiveRecord: 0.2ms)


Started GET "/secrets.json" for ::1 at 2017-12-12 14:11:38 +1100
Processing by SecretsController#index as JSON
  [1m[36mSecret Load (0.2ms)[0m  [1m[34mSELECT "secrets".* FROM "secrets"[0m
  Rendering secrets/index.json.jbuilder
  Rendered secrets/_secret.json.jbuilder (0.4ms)
  Rendered secrets/_secret.json.jbuilder (0.1ms)
  Rendered secrets/_secret.json.jbuilder (0.1ms)
  Rendered secrets/_secret.json.jbuilder (0.2ms)
  Rendered secrets/index.json.jbuilder (5.0ms)
Completed 200 OK in 18ms (Views: 14.3ms | ActiveRecord: 0.2ms)


Started GET "/secrets.json" for ::1 at 2017-12-12 14:11:42 +1100
Processing by SecretsController#index as JSON
  [1m[36mSecret Load (0.2ms)[0m  [1m[34mSELECT "secrets".* FROM "secrets"[0m
  Rendering secrets/index.json.jbuilder
  Rendered secrets/_secret.json.jbuilder (0.4ms)
  Rendered secrets/_secret.json.jbuilder (0.1ms)
  Rendered secrets/_secret.json.jbuilder (0.2ms)
  Rendered secrets/_secret.json.jbuilder (0.2ms)
  Rendered secrets/index.json.jbuilder (5.1ms)
Completed 200 OK in 17ms (Views: 13.7ms | ActiveRecord: 0.2ms)


Started GET "/secrets.json" for ::1 at 2017-12-12 14:11:46 +1100
Processing by SecretsController#index as JSON
  [1m[36mSecret Load (0.2ms)[0m  [1m[34mSELECT "secrets".* FROM "secrets"[0m
  Rendering secrets/index.json.jbuilder
  Rendered secrets/_secret.json.jbuilder (0.4ms)
  Rendered secrets/_secret.json.jbuilder (0.1ms)
  Rendered secrets/_secret.json.jbuilder (0.1ms)
  Rendered secrets/_secret.json.jbuilder (0.1ms)
  Rendered secrets/index.json.jbuilder (4.4ms)
Completed 200 OK in 17ms (Views: 13.4ms | ActiveRecord: 0.2ms)


Started GET "/secrets.json" for ::1 at 2017-12-12 14:11:50 +1100
Processing by SecretsController#index as JSON
  [1m[36mSecret Load (0.2ms)[0m  [1m[34mSELECT "secrets".* FROM "secrets"[0m
  Rendering secrets/index.json.jbuilder
  Rendered secrets/_secret.json.jbuilder (0.4ms)
  Rendered secrets/_secret.json.jbuilder (0.1ms)
  Rendered secrets/_secret.json.jbuilder (0.1ms)
  Rendered secrets/_secret.json.jbuilder (0.3ms)
  Rendered secrets/index.json.jbuilder (4.9ms)
Completed 200 OK in 17ms (Views: 13.4ms | ActiveRecord: 0.2ms)


Started GET "/secrets.json" for ::1 at 2017-12-12 14:11:54 +1100
Processing by SecretsController#index as JSON
  [1m[36mSecret Load (0.2ms)[0m  [1m[34mSELECT "secrets".* FROM "secrets"[0m
  Rendering secrets/index.json.jbuilder
  Rendered secrets/_secret.json.jbuilder (0.4ms)
  Rendered secrets/_secret.json.jbuilder (0.1ms)
  Rendered secrets/_secret.json.jbuilder (0.1ms)
  Rendered secrets/_secret.json.jbuilder (0.1ms)
  Rendered secrets/index.json.jbuilder (4.5ms)
Completed 200 OK in 16ms (Views: 13.0ms | ActiveRecord: 0.2ms)


Started GET "/secrets.json" for ::1 at 2017-12-12 14:11:58 +1100
Processing by SecretsController#index as JSON
  [1m[36mSecret Load (0.2ms)[0m  [1m[34mSELECT "secrets".* FROM "secrets"[0m
  Rendering secrets/index.json.jbuilder
  Rendered secrets/_secret.json.jbuilder (0.4ms)
  Rendered secrets/_secret.json.jbuilder (0.1ms)
  Rendered secrets/_secret.json.jbuilder (0.2ms)
  Rendered secrets/_secret.json.jbuilder (0.1ms)
  Rendered secrets/index.json.jbuilder (4.6ms)
Completed 200 OK in 18ms (Views: 13.1ms | ActiveRecord: 0.2ms)


Started GET "/secrets.json" for ::1 at 2017-12-12 14:12:02 +1100
Processing by SecretsController#index as JSON
  [1m[36mSecret Load (0.2ms)[0m  [1m[34mSELECT "secrets".* FROM "secrets"[0m
  Rendering secrets/index.json.jbuilder
  Rendered secrets/_secret.json.jbuilder (0.3ms)
  Rendered secrets/_secret.json.jbuilder (0.1ms)
  Rendered secrets/_secret.json.jbuilder (0.1ms)
  Rendered secrets/_secret.json.jbuilder (0.1ms)
  Rendered secrets/index.json.jbuilder (4.4ms)
Completed 200 OK in 16ms (Views: 12.7ms | ActiveRecord: 0.2ms)


Started GET "/secrets.json" for ::1 at 2017-12-12 14:12:06 +1100
Processing by SecretsController#index as JSON
  [1m[36mSecret Load (0.2ms)[0m  [1m[34mSELECT "secrets".* FROM "secrets"[0m
  Rendering secrets/index.json.jbuilder
  Rendered secrets/_secret.json.jbuilder (0.3ms)
  Rendered secrets/_secret.json.jbuilder (0.1ms)
  Rendered secrets/_secret.json.jbuilder (0.1ms)
  Rendered secrets/_secret.json.jbuilder (0.1ms)
  Rendered secrets/index.json.jbuilder (4.4ms)
Completed 200 OK in 16ms (Views: 12.6ms | ActiveRecord: 0.2ms)


Started GET "/secrets.json" for ::1 at 2017-12-12 14:12:10 +1100
Processing by SecretsController#index as JSON
  [1m[36mSecret Load (0.2ms)[0m  [1m[34mSELECT "secrets".* FROM "secrets"[0m
  Rendering secrets/index.json.jbuilder
  Rendered secrets/_secret.json.jbuilder (0.4ms)
  Rendered secrets/_secret.json.jbuilder (0.1ms)
  Rendered secrets/_secret.json.jbuilder (0.1ms)
  Rendered secrets/_secret.json.jbuilder (0.1ms)
  Rendered secrets/index.json.jbuilder (4.4ms)
Completed 200 OK in 16ms (Views: 12.6ms | ActiveRecord: 0.2ms)


Started GET "/secrets.json" for ::1 at 2017-12-12 14:12:14 +1100
Processing by SecretsController#index as JSON
  [1m[36mSecret Load (0.2ms)[0m  [1m[34mSELECT "secrets".* FROM "secrets"[0m
  Rendering secrets/index.json.jbuilder
  Rendered secrets/_secret.json.jbuilder (0.4ms)
  Rendered secrets/_secret.json.jbuilder (0.1ms)
  Rendered secrets/_secret.json.jbuilder (0.1ms)
  Rendered secrets/_secret.json.jbuilder (0.2ms)
  Rendered secrets/index.json.jbuilder (4.9ms)
Completed 200 OK in 17ms (Views: 13.4ms | ActiveRecord: 0.2ms)


Started GET "/secrets.json" for ::1 at 2017-12-12 14:12:18 +1100
Processing by SecretsController#index as JSON
  [1m[36mSecret Load (0.2ms)[0m  [1m[34mSELECT "secrets".* FROM "secrets"[0m
  Rendering secrets/index.json.jbuilder
  Rendered secrets/_secret.json.jbuilder (0.5ms)
  Rendered secrets/_secret.json.jbuilder (0.2ms)
  Rendered secrets/_secret.json.jbuilder (0.1ms)
  Rendered secrets/_secret.json.jbuilder (0.1ms)
  Rendered secrets/index.json.jbuilder (5.2ms)
Completed 200 OK in 17ms (Views: 13.9ms | ActiveRecord: 0.2ms)


Started GET "/secrets.json" for ::1 at 2017-12-12 14:12:22 +1100
Processing by SecretsController#index as JSON
  [1m[36mSecret Load (0.2ms)[0m  [1m[34mSELECT "secrets".* FROM "secrets"[0m
  Rendering secrets/index.json.jbuilder
  Rendered secrets/_secret.json.jbuilder (0.5ms)
  Rendered secrets/_secret.json.jbuilder (0.2ms)
  Rendered secrets/_secret.json.jbuilder (0.2ms)
  Rendered secrets/_secret.json.jbuilder (0.1ms)
  Rendered secrets/index.json.jbuilder (6.5ms)
Completed 200 OK in 19ms (Views: 15.5ms | ActiveRecord: 0.2ms)


Started GET "/secrets.json" for ::1 at 2017-12-12 14:12:26 +1100
Processing by SecretsController#index as JSON
  [1m[36mSecret Load (0.2ms)[0m  [1m[34mSELECT "secrets".* FROM "secrets"[0m
  Rendering secrets/index.json.jbuilder
  Rendered secrets/_secret.json.jbuilder (0.4ms)
  Rendered secrets/_secret.json.jbuilder (0.1ms)
  Rendered secrets/_secret.json.jbuilder (0.1ms)
  Rendered secrets/_secret.json.jbuilder (0.1ms)
  Rendered secrets/index.json.jbuilder (4.5ms)
Completed 200 OK in 16ms (Views: 13.0ms | ActiveRecord: 0.2ms)


Started GET "/secrets.json" for ::1 at 2017-12-12 14:12:30 +1100
Processing by SecretsController#index as JSON
  [1m[36mSecret Load (0.2ms)[0m  [1m[34mSELECT "secrets".* FROM "secrets"[0m
  Rendering secrets/index.json.jbuilder
  Rendered secrets/_secret.json.jbuilder (0.3ms)
  Rendered secrets/_secret.json.jbuilder (0.1ms)
  Rendered secrets/_secret.json.jbuilder (0.1ms)
  Rendered secrets/_secret.json.jbuilder (0.1ms)
  Rendered secrets/index.json.jbuilder (4.8ms)
Completed 200 OK in 17ms (Views: 13.6ms | ActiveRecord: 0.2ms)


Started GET "/secrets.json" for ::1 at 2017-12-12 14:12:34 +1100
Processing by SecretsController#index as JSON
  [1m[36mSecret Load (0.2ms)[0m  [1m[34mSELECT "secrets".* FROM "secrets"[0m
  Rendering secrets/index.json.jbuilder
  Rendered secrets/_secret.json.jbuilder (0.4ms)
  Rendered secrets/_secret.json.jbuilder (0.1ms)
  Rendered secrets/_secret.json.jbuilder (0.1ms)
  Rendered secrets/_secret.json.jbuilder (0.2ms)
  Rendered secrets/index.json.jbuilder (4.9ms)
Completed 200 OK in 16ms (Views: 13.1ms | ActiveRecord: 0.2ms)


Started GET "/secrets.json" for ::1 at 2017-12-12 14:12:38 +1100
Processing by SecretsController#index as JSON
  [1m[36mSecret Load (0.2ms)[0m  [1m[34mSELECT "secrets".* FROM "secrets"[0m
  Rendering secrets/index.json.jbuilder
  Rendered secrets/_secret.json.jbuilder (0.4ms)
  Rendered secrets/_secret.json.jbuilder (0.1ms)
  Rendered secrets/_secret.json.jbuilder (0.1ms)
  Rendered secrets/_secret.json.jbuilder (0.1ms)
  Rendered secrets/index.json.jbuilder (4.7ms)
Completed 200 OK in 16ms (Views: 13.3ms | ActiveRecord: 0.2ms)


Started GET "/secrets.json" for ::1 at 2017-12-12 14:12:42 +1100
Processing by SecretsController#index as JSON
  [1m[36mSecret Load (0.2ms)[0m  [1m[34mSELECT "secrets".* FROM "secrets"[0m
  Rendering secrets/index.json.jbuilder
  Rendered secrets/_secret.json.jbuilder (0.4ms)
  Rendered secrets/_secret.json.jbuilder (0.1ms)
  Rendered secrets/_secret.json.jbuilder (0.1ms)
  Rendered secrets/_secret.json.jbuilder (0.1ms)
  Rendered secrets/index.json.jbuilder (4.5ms)
Completed 200 OK in 17ms (Views: 13.5ms | ActiveRecord: 0.2ms)


Started GET "/secrets.json" for ::1 at 2017-12-12 14:12:46 +1100
Processing by SecretsController#index as JSON
  [1m[36mSecret Load (0.2ms)[0m  [1m[34mSELECT "secrets".* FROM "secrets"[0m
  Rendering secrets/index.json.jbuilder
  Rendered secrets/_secret.json.jbuilder (0.4ms)
  Rendered secrets/_secret.json.jbuilder (0.1ms)
  Rendered secrets/_secret.json.jbuilder (0.2ms)
  Rendered secrets/_secret.json.jbuilder (0.1ms)
  Rendered secrets/index.json.jbuilder (5.0ms)
Completed 200 OK in 18ms (Views: 14.2ms | ActiveRecord: 0.2ms)


Started GET "/secrets.json" for ::1 at 2017-12-12 14:12:50 +1100
Processing by SecretsController#index as JSON
  [1m[36mSecret Load (0.2ms)[0m  [1m[34mSELECT "secrets".* FROM "secrets"[0m
  Rendering secrets/index.json.jbuilder
  Rendered secrets/_secret.json.jbuilder (0.7ms)
  Rendered secrets/_secret.json.jbuilder (0.2ms)
  Rendered secrets/_secret.json.jbuilder (0.1ms)
  Rendered secrets/_secret.json.jbuilder (0.2ms)
  Rendered secrets/index.json.jbuilder (6.3ms)
Completed 200 OK in 19ms (Views: 15.7ms | ActiveRecord: 0.2ms)


Started GET "/secrets.json" for ::1 at 2017-12-12 14:12:54 +1100
Processing by SecretsController#index as JSON
  [1m[36mSecret Load (0.2ms)[0m  [1m[34mSELECT "secrets".* FROM "secrets"[0m
  Rendering secrets/index.json.jbuilder
  Rendered secrets/_secret.json.jbuilder (0.4ms)
  Rendered secrets/_secret.json.jbuilder (0.2ms)
  Rendered secrets/_secret.json.jbuilder (0.1ms)
  Rendered secrets/_secret.json.jbuilder (0.1ms)
  Rendered secrets/index.json.jbuilder (5.0ms)
Completed 200 OK in 17ms (Views: 13.8ms | ActiveRecord: 0.2ms)


Started GET "/secrets.json" for ::1 at 2017-12-12 14:12:58 +1100
Processing by SecretsController#index as JSON
  [1m[36mSecret Load (0.2ms)[0m  [1m[34mSELECT "secrets".* FROM "secrets"[0m
  Rendering secrets/index.json.jbuilder
  Rendered secrets/_secret.json.jbuilder (0.5ms)
  Rendered secrets/_secret.json.jbuilder (0.1ms)
  Rendered secrets/_secret.json.jbuilder (0.1ms)
  Rendered secrets/_secret.json.jbuilder (0.1ms)
  Rendered secrets/index.json.jbuilder (5.0ms)
Completed 200 OK in 17ms (Views: 14.1ms | ActiveRecord: 0.2ms)


Started GET "/secrets.json" for ::1 at 2017-12-12 14:13:02 +1100
Processing by SecretsController#index as JSON
  [1m[36mSecret Load (0.2ms)[0m  [1m[34mSELECT "secrets".* FROM "secrets"[0m
  Rendering secrets/index.json.jbuilder
  Rendered secrets/_secret.json.jbuilder (0.5ms)
  Rendered secrets/_secret.json.jbuilder (0.1ms)
  Rendered secrets/_secret.json.jbuilder (0.1ms)
  Rendered secrets/_secret.json.jbuilder (0.1ms)
  Rendered secrets/index.json.jbuilder (5.4ms)
Completed 200 OK in 18ms (Views: 14.3ms | ActiveRecord: 0.2ms)


Started GET "/secrets.json" for ::1 at 2017-12-12 14:13:06 +1100
Processing by SecretsController#index as JSON
  [1m[36mSecret Load (0.2ms)[0m  [1m[34mSELECT "secrets".* FROM "secrets"[0m
  Rendering secrets/index.json.jbuilder
  Rendered secrets/_secret.json.jbuilder (0.4ms)
  Rendered secrets/_secret.json.jbuilder (0.1ms)
  Rendered secrets/_secret.json.jbuilder (0.1ms)
  Rendered secrets/_secret.json.jbuilder (0.1ms)
  Rendered secrets/index.json.jbuilder (4.8ms)
Completed 200 OK in 17ms (Views: 13.5ms | ActiveRecord: 0.2ms)


Started GET "/secrets.json" for ::1 at 2017-12-12 14:13:10 +1100
Processing by SecretsController#index as JSON
  [1m[36mSecret Load (0.2ms)[0m  [1m[34mSELECT "secrets".* FROM "secrets"[0m
  Rendering secrets/index.json.jbuilder
  Rendered secrets/_secret.json.jbuilder (0.5ms)
  Rendered secrets/_secret.json.jbuilder (0.2ms)
  Rendered secrets/_secret.json.jbuilder (0.1ms)
  Rendered secrets/_secret.json.jbuilder (0.1ms)
  Rendered secrets/index.json.jbuilder (5.5ms)
Completed 200 OK in 17ms (Views: 13.8ms | ActiveRecord: 0.2ms)


Started GET "/secrets.json" for ::1 at 2017-12-12 14:13:14 +1100
Processing by SecretsController#index as JSON
  [1m[36mSecret Load (0.2ms)[0m  [1m[34mSELECT "secrets".* FROM "secrets"[0m
  Rendering secrets/index.json.jbuilder
  Rendered secrets/_secret.json.jbuilder (0.4ms)
  Rendered secrets/_secret.json.jbuilder (0.1ms)
  Rendered secrets/_secret.json.jbuilder (0.1ms)
  Rendered secrets/_secret.json.jbuilder (0.1ms)
  Rendered secrets/index.json.jbuilder (5.0ms)
Completed 200 OK in 17ms (Views: 13.5ms | ActiveRecord: 0.2ms)


Started GET "/secrets.json" for ::1 at 2017-12-12 14:13:18 +1100
Processing by SecretsController#index as JSON
  [1m[36mSecret Load (0.2ms)[0m  [1m[34mSELECT "secrets".* FROM "secrets"[0m
  Rendering secrets/index.json.jbuilder
  Rendered secrets/_secret.json.jbuilder (0.4ms)
  Rendered secrets/_secret.json.jbuilder (0.1ms)
  Rendered secrets/_secret.json.jbuilder (0.1ms)
  Rendered secrets/_secret.json.jbuilder (0.1ms)
  Rendered secrets/index.json.jbuilder (4.9ms)
Completed 200 OK in 18ms (Views: 14.5ms | ActiveRecord: 0.2ms)


Started GET "/secrets.json" for ::1 at 2017-12-12 14:13:22 +1100
Processing by SecretsController#index as JSON
  [1m[36mSecret Load (0.2ms)[0m  [1m[34mSELECT "secrets".* FROM "secrets"[0m
  Rendering secrets/index.json.jbuilder
  Rendered secrets/_secret.json.jbuilder (0.4ms)
  Rendered secrets/_secret.json.jbuilder (0.1ms)
  Rendered secrets/_secret.json.jbuilder (0.1ms)
  Rendered secrets/_secret.json.jbuilder (0.1ms)
  Rendered secrets/index.json.jbuilder (4.7ms)
Completed 200 OK in 17ms (Views: 13.5ms | ActiveRecord: 0.2ms)


Started GET "/secrets.json" for ::1 at 2017-12-12 14:13:26 +1100
Processing by SecretsController#index as JSON
  [1m[36mSecret Load (0.2ms)[0m  [1m[34mSELECT "secrets".* FROM "secrets"[0m
  Rendering secrets/index.json.jbuilder
  Rendered secrets/_secret.json.jbuilder (0.5ms)
  Rendered secrets/_secret.json.jbuilder (0.1ms)
  Rendered secrets/_secret.json.jbuilder (0.1ms)
  Rendered secrets/_secret.json.jbuilder (0.1ms)
  Rendered secrets/index.json.jbuilder (4.9ms)
Completed 200 OK in 17ms (Views: 13.9ms | ActiveRecord: 0.2ms)


Started GET "/secrets.json" for ::1 at 2017-12-12 14:13:30 +1100
Processing by SecretsController#index as JSON
  [1m[36mSecret Load (0.2ms)[0m  [1m[34mSELECT "secrets".* FROM "secrets"[0m
  Rendering secrets/index.json.jbuilder
  Rendered secrets/_secret.json.jbuilder (0.4ms)
  Rendered secrets/_secret.json.jbuilder (0.1ms)
  Rendered secrets/_secret.json.jbuilder (0.1ms)
  Rendered secrets/_secret.json.jbuilder (0.1ms)
  Rendered secrets/index.json.jbuilder (4.5ms)
Completed 200 OK in 22ms (Views: 13.1ms | ActiveRecord: 0.2ms)


Started GET "/secrets.json" for ::1 at 2017-12-12 14:13:34 +1100
Processing by SecretsController#index as JSON
  [1m[36mSecret Load (0.2ms)[0m  [1m[34mSELECT "secrets".* FROM "secrets"[0m
  Rendering secrets/index.json.jbuilder
  Rendered secrets/_secret.json.jbuilder (0.4ms)
  Rendered secrets/_secret.json.jbuilder (0.1ms)
  Rendered secrets/_secret.json.jbuilder (0.1ms)
  Rendered secrets/_secret.json.jbuilder (0.1ms)
  Rendered secrets/index.json.jbuilder (4.5ms)
Completed 200 OK in 16ms (Views: 12.9ms | ActiveRecord: 0.2ms)


Started GET "/secrets.json" for ::1 at 2017-12-12 14:13:38 +1100
Processing by SecretsController#index as JSON
  [1m[36mSecret Load (0.2ms)[0m  [1m[34mSELECT "secrets".* FROM "secrets"[0m
  Rendering secrets/index.json.jbuilder
  Rendered secrets/_secret.json.jbuilder (0.4ms)
  Rendered secrets/_secret.json.jbuilder (0.1ms)
  Rendered secrets/_secret.json.jbuilder (0.1ms)
  Rendered secrets/_secret.json.jbuilder (0.1ms)
  Rendered secrets/index.json.jbuilder (4.8ms)
Completed 200 OK in 17ms (Views: 13.3ms | ActiveRecord: 0.2ms)


Started GET "/secrets.json" for ::1 at 2017-12-12 14:13:42 +1100
Processing by SecretsController#index as JSON
  [1m[36mSecret Load (0.2ms)[0m  [1m[34mSELECT "secrets".* FROM "secrets"[0m
  Rendering secrets/index.json.jbuilder
  Rendered secrets/_secret.json.jbuilder (0.4ms)
  Rendered secrets/_secret.json.jbuilder (0.1ms)
  Rendered secrets/_secret.json.jbuilder (0.1ms)
  Rendered secrets/_secret.json.jbuilder (0.1ms)
  Rendered secrets/index.json.jbuilder (4.6ms)
Completed 200 OK in 16ms (Views: 13.0ms | ActiveRecord: 0.2ms)


Started GET "/secrets.json" for ::1 at 2017-12-12 14:13:46 +1100
Processing by SecretsController#index as JSON
  [1m[36mSecret Load (0.2ms)[0m  [1m[34mSELECT "secrets".* FROM "secrets"[0m
  Rendering secrets/index.json.jbuilder
  Rendered secrets/_secret.json.jbuilder (0.5ms)
  Rendered secrets/_secret.json.jbuilder (0.2ms)
  Rendered secrets/_secret.json.jbuilder (0.1ms)
  Rendered secrets/_secret.json.jbuilder (0.1ms)
  Rendered secrets/index.json.jbuilder (5.0ms)
Completed 200 OK in 16ms (Views: 13.1ms | ActiveRecord: 0.2ms)


Started GET "/secrets.json" for ::1 at 2017-12-12 14:13:50 +1100
Processing by SecretsController#index as JSON
  [1m[36mSecret Load (0.2ms)[0m  [1m[34mSELECT "secrets".* FROM "secrets"[0m
  Rendering secrets/index.json.jbuilder
  Rendered secrets/_secret.json.jbuilder (0.4ms)
  Rendered secrets/_secret.json.jbuilder (0.1ms)
  Rendered secrets/_secret.json.jbuilder (0.1ms)
  Rendered secrets/_secret.json.jbuilder (0.1ms)
  Rendered secrets/index.json.jbuilder (4.9ms)
Completed 200 OK in 17ms (Views: 13.6ms | ActiveRecord: 0.2ms)


Started GET "/secrets.json" for ::1 at 2017-12-12 14:13:54 +1100
Processing by SecretsController#index as JSON
  [1m[36mSecret Load (0.2ms)[0m  [1m[34mSELECT "secrets".* FROM "secrets"[0m
  Rendering secrets/index.json.jbuilder
  Rendered secrets/_secret.json.jbuilder (0.4ms)
  Rendered secrets/_secret.json.jbuilder (0.1ms)
  Rendered secrets/_secret.json.jbuilder (0.1ms)
  Rendered secrets/_secret.json.jbuilder (0.1ms)
  Rendered secrets/index.json.jbuilder (4.5ms)
Completed 200 OK in 18ms (Views: 14.2ms | ActiveRecord: 0.2ms)


Started GET "/secrets.json" for ::1 at 2017-12-12 14:13:58 +1100
Processing by SecretsController#index as JSON
  [1m[36mSecret Load (0.2ms)[0m  [1m[34mSELECT "secrets".* FROM "secrets"[0m
  Rendering secrets/index.json.jbuilder
  Rendered secrets/_secret.json.jbuilder (0.4ms)
  Rendered secrets/_secret.json.jbuilder (0.1ms)
  Rendered secrets/_secret.json.jbuilder (0.1ms)
  Rendered secrets/_secret.json.jbuilder (0.1ms)
  Rendered secrets/index.json.jbuilder (4.5ms)
Completed 200 OK in 17ms (Views: 13.3ms | ActiveRecord: 0.2ms)


Started GET "/secrets.json" for ::1 at 2017-12-12 14:14:02 +1100
Processing by SecretsController#index as JSON
  [1m[36mSecret Load (0.2ms)[0m  [1m[34mSELECT "secrets".* FROM "secrets"[0m
  Rendering secrets/index.json.jbuilder
  Rendered secrets/_secret.json.jbuilder (0.7ms)
  Rendered secrets/_secret.json.jbuilder (0.1ms)
  Rendered secrets/_secret.json.jbuilder (0.1ms)
  Rendered secrets/_secret.json.jbuilder (0.1ms)
  Rendered secrets/index.json.jbuilder (4.9ms)
Completed 200 OK in 17ms (Views: 13.5ms | ActiveRecord: 0.2ms)


Started GET "/secrets.json" for ::1 at 2017-12-12 14:14:06 +1100
Processing by SecretsController#index as JSON
  [1m[36mSecret Load (0.2ms)[0m  [1m[34mSELECT "secrets".* FROM "secrets"[0m
  Rendering secrets/index.json.jbuilder
  Rendered secrets/_secret.json.jbuilder (0.3ms)
  Rendered secrets/_secret.json.jbuilder (0.1ms)
  Rendered secrets/_secret.json.jbuilder (0.1ms)
  Rendered secrets/_secret.json.jbuilder (0.1ms)
  Rendered secrets/index.json.jbuilder (4.4ms)
Completed 200 OK in 16ms (Views: 12.7ms | ActiveRecord: 0.2ms)


Started GET "/secrets.json" for ::1 at 2017-12-12 14:14:10 +1100
Processing by SecretsController#index as JSON
  [1m[36mSecret Load (0.2ms)[0m  [1m[34mSELECT "secrets".* FROM "secrets"[0m
  Rendering secrets/index.json.jbuilder
  Rendered secrets/_secret.json.jbuilder (0.5ms)
  Rendered secrets/_secret.json.jbuilder (0.2ms)
  Rendered secrets/_secret.json.jbuilder (0.1ms)
  Rendered secrets/_secret.json.jbuilder (0.1ms)
  Rendered secrets/index.json.jbuilder (5.2ms)
Completed 200 OK in 17ms (Views: 13.5ms | ActiveRecord: 0.2ms)


Started GET "/secrets.json" for ::1 at 2017-12-12 14:14:14 +1100
Processing by SecretsController#index as JSON
  [1m[36mSecret Load (0.2ms)[0m  [1m[34mSELECT "secrets".* FROM "secrets"[0m
  Rendering secrets/index.json.jbuilder
  Rendered secrets/_secret.json.jbuilder (0.4ms)
  Rendered secrets/_secret.json.jbuilder (0.1ms)
  Rendered secrets/_secret.json.jbuilder (0.1ms)
  Rendered secrets/_secret.json.jbuilder (0.1ms)
  Rendered secrets/index.json.jbuilder (4.4ms)
Completed 200 OK in 16ms (Views: 12.7ms | ActiveRecord: 0.2ms)


Started GET "/secrets.json" for ::1 at 2017-12-12 14:14:18 +1100
Processing by SecretsController#index as JSON
  [1m[36mSecret Load (0.2ms)[0m  [1m[34mSELECT "secrets".* FROM "secrets"[0m
  Rendering secrets/index.json.jbuilder
  Rendered secrets/_secret.json.jbuilder (0.6ms)
  Rendered secrets/_secret.json.jbuilder (0.1ms)
  Rendered secrets/_secret.json.jbuilder (0.1ms)
  Rendered secrets/_secret.json.jbuilder (0.1ms)
  Rendered secrets/index.json.jbuilder (5.4ms)
Completed 200 OK in 19ms (Views: 15.6ms | ActiveRecord: 0.2ms)


Started GET "/secrets.json" for ::1 at 2017-12-12 14:14:22 +1100
Processing by SecretsController#index as JSON
  [1m[36mSecret Load (0.3ms)[0m  [1m[34mSELECT "secrets".* FROM "secrets"[0m
  Rendering secrets/index.json.jbuilder
  Rendered secrets/_secret.json.jbuilder (0.4ms)
  Rendered secrets/_secret.json.jbuilder (0.1ms)
  Rendered secrets/_secret.json.jbuilder (0.1ms)
  Rendered secrets/_secret.json.jbuilder (0.1ms)
  Rendered secrets/index.json.jbuilder (4.4ms)
Completed 200 OK in 17ms (Views: 12.8ms | ActiveRecord: 0.3ms)


Started GET "/secrets.json" for ::1 at 2017-12-12 14:14:26 +1100
Processing by SecretsController#index as JSON
  [1m[36mSecret Load (0.2ms)[0m  [1m[34mSELECT "secrets".* FROM "secrets"[0m
  Rendering secrets/index.json.jbuilder
  Rendered secrets/_secret.json.jbuilder (0.4ms)
  Rendered secrets/_secret.json.jbuilder (0.1ms)
  Rendered secrets/_secret.json.jbuilder (0.1ms)
  Rendered secrets/_secret.json.jbuilder (0.1ms)
  Rendered secrets/index.json.jbuilder (4.4ms)
Completed 200 OK in 16ms (Views: 12.7ms | ActiveRecord: 0.2ms)


Started GET "/secrets.json" for ::1 at 2017-12-12 14:14:30 +1100
Processing by SecretsController#index as JSON
  [1m[36mSecret Load (0.2ms)[0m  [1m[34mSELECT "secrets".* FROM "secrets"[0m
  Rendering secrets/index.json.jbuilder
  Rendered secrets/_secret.json.jbuilder (0.4ms)
  Rendered secrets/_secret.json.jbuilder (0.1ms)
  Rendered secrets/_secret.json.jbuilder (0.1ms)
  Rendered secrets/_secret.json.jbuilder (0.1ms)
  Rendered secrets/index.json.jbuilder (4.7ms)
Completed 200 OK in 16ms (Views: 13.0ms | ActiveRecord: 0.2ms)


Started GET "/secrets.json" for ::1 at 2017-12-12 14:14:34 +1100
Processing by SecretsController#index as JSON
  [1m[36mSecret Load (0.2ms)[0m  [1m[34mSELECT "secrets".* FROM "secrets"[0m
  Rendering secrets/index.json.jbuilder
  Rendered secrets/_secret.json.jbuilder (0.3ms)
  Rendered secrets/_secret.json.jbuilder (0.1ms)
  Rendered secrets/_secret.json.jbuilder (0.1ms)
  Rendered secrets/_secret.json.jbuilder (0.1ms)
  Rendered secrets/index.json.jbuilder (4.6ms)
Completed 200 OK in 17ms (Views: 13.5ms | ActiveRecord: 0.2ms)


Started GET "/secrets.json" for ::1 at 2017-12-12 14:14:38 +1100
Processing by SecretsController#index as JSON
  [1m[36mSecret Load (0.2ms)[0m  [1m[34mSELECT "secrets".* FROM "secrets"[0m
  Rendering secrets/index.json.jbuilder
  Rendered secrets/_secret.json.jbuilder (0.4ms)
  Rendered secrets/_secret.json.jbuilder (0.1ms)
  Rendered secrets/_secret.json.jbuilder (0.1ms)
  Rendered secrets/_secret.json.jbuilder (0.1ms)
  Rendered secrets/index.json.jbuilder (4.5ms)
Completed 200 OK in 16ms (Views: 12.6ms | ActiveRecord: 0.2ms)


Started GET "/secrets.json" for ::1 at 2017-12-12 14:14:42 +1100
Processing by SecretsController#index as JSON
  [1m[36mSecret Load (0.2ms)[0m  [1m[34mSELECT "secrets".* FROM "secrets"[0m
  Rendering secrets/index.json.jbuilder
  Rendered secrets/_secret.json.jbuilder (0.4ms)
  Rendered secrets/_secret.json.jbuilder (0.1ms)
  Rendered secrets/_secret.json.jbuilder (0.1ms)
  Rendered secrets/_secret.json.jbuilder (0.1ms)
  Rendered secrets/index.json.jbuilder (4.5ms)
Completed 200 OK in 17ms (Views: 12.9ms | ActiveRecord: 0.2ms)


Started GET "/secrets.json" for ::1 at 2017-12-12 14:14:46 +1100
Processing by SecretsController#index as JSON
  [1m[36mSecret Load (0.2ms)[0m  [1m[34mSELECT "secrets".* FROM "secrets"[0m
  Rendering secrets/index.json.jbuilder
  Rendered secrets/_secret.json.jbuilder (0.3ms)
  Rendered secrets/_secret.json.jbuilder (0.1ms)
  Rendered secrets/_secret.json.jbuilder (0.1ms)
  Rendered secrets/_secret.json.jbuilder (0.1ms)
  Rendered secrets/index.json.jbuilder (4.4ms)
Completed 200 OK in 17ms (Views: 13.4ms | ActiveRecord: 0.2ms)


Started GET "/secrets.json" for ::1 at 2017-12-12 14:14:50 +1100
Processing by SecretsController#index as JSON
  [1m[36mSecret Load (0.2ms)[0m  [1m[34mSELECT "secrets".* FROM "secrets"[0m
  Rendering secrets/index.json.jbuilder
  Rendered secrets/_secret.json.jbuilder (0.3ms)
  Rendered secrets/_secret.json.jbuilder (0.1ms)
  Rendered secrets/_secret.json.jbuilder (0.1ms)
  Rendered secrets/_secret.json.jbuilder (0.1ms)
  Rendered secrets/index.json.jbuilder (4.5ms)
Completed 200 OK in 17ms (Views: 13.1ms | ActiveRecord: 0.2ms)


Started GET "/secrets.json" for ::1 at 2017-12-12 14:14:54 +1100
Processing by SecretsController#index as JSON
  [1m[36mSecret Load (0.2ms)[0m  [1m[34mSELECT "secrets".* FROM "secrets"[0m
  Rendering secrets/index.json.jbuilder
  Rendered secrets/_secret.json.jbuilder (0.4ms)
  Rendered secrets/_secret.json.jbuilder (0.2ms)
  Rendered secrets/_secret.json.jbuilder (0.2ms)
  Rendered secrets/_secret.json.jbuilder (0.1ms)
  Rendered secrets/index.json.jbuilder (5.8ms)
Completed 200 OK in 18ms (Views: 14.0ms | ActiveRecord: 0.2ms)


Started GET "/secrets.json" for ::1 at 2017-12-12 14:14:58 +1100
Processing by SecretsController#index as JSON
  [1m[36mSecret Load (0.2ms)[0m  [1m[34mSELECT "secrets".* FROM "secrets"[0m
  Rendering secrets/index.json.jbuilder
  Rendered secrets/_secret.json.jbuilder (0.4ms)
  Rendered secrets/_secret.json.jbuilder (0.1ms)
  Rendered secrets/_secret.json.jbuilder (0.1ms)
  Rendered secrets/_secret.json.jbuilder (0.1ms)
  Rendered secrets/index.json.jbuilder (4.8ms)
Completed 200 OK in 17ms (Views: 13.7ms | ActiveRecord: 0.2ms)


Started GET "/secrets.json" for ::1 at 2017-12-12 14:15:02 +1100
Processing by SecretsController#index as JSON
  [1m[36mSecret Load (0.2ms)[0m  [1m[34mSELECT "secrets".* FROM "secrets"[0m
  Rendering secrets/index.json.jbuilder
  Rendered secrets/_secret.json.jbuilder (0.4ms)
  Rendered secrets/_secret.json.jbuilder (0.1ms)
  Rendered secrets/_secret.json.jbuilder (0.1ms)
  Rendered secrets/_secret.json.jbuilder (0.1ms)
  Rendered secrets/index.json.jbuilder (4.5ms)
Completed 200 OK in 16ms (Views: 13.3ms | ActiveRecord: 0.2ms)


Started GET "/secrets.json" for ::1 at 2017-12-12 14:15:06 +1100
Processing by SecretsController#index as JSON
  [1m[36mSecret Load (0.2ms)[0m  [1m[34mSELECT "secrets".* FROM "secrets"[0m
  Rendering secrets/index.json.jbuilder
  Rendered secrets/_secret.json.jbuilder (0.5ms)
  Rendered secrets/_secret.json.jbuilder (0.2ms)
  Rendered secrets/_secret.json.jbuilder (0.1ms)
  Rendered secrets/_secret.json.jbuilder (0.1ms)
  Rendered secrets/index.json.jbuilder (5.0ms)
Completed 200 OK in 18ms (Views: 13.4ms | ActiveRecord: 0.2ms)


Started GET "/secrets.json" for ::1 at 2017-12-12 14:15:10 +1100
Processing by SecretsController#index as JSON
  [1m[36mSecret Load (0.2ms)[0m  [1m[34mSELECT "secrets".* FROM "secrets"[0m
  Rendering secrets/index.json.jbuilder
  Rendered secrets/_secret.json.jbuilder (0.4ms)
  Rendered secrets/_secret.json.jbuilder (0.1ms)
  Rendered secrets/_secret.json.jbuilder (0.2ms)
  Rendered secrets/_secret.json.jbuilder (0.1ms)
  Rendered secrets/index.json.jbuilder (5.0ms)
Completed 200 OK in 17ms (Views: 13.4ms | ActiveRecord: 0.2ms)


Started GET "/secrets.json" for ::1 at 2017-12-12 14:15:14 +1100
Processing by SecretsController#index as JSON
  [1m[36mSecret Load (0.2ms)[0m  [1m[34mSELECT "secrets".* FROM "secrets"[0m
  Rendering secrets/index.json.jbuilder
  Rendered secrets/_secret.json.jbuilder (0.5ms)
  Rendered secrets/_secret.json.jbuilder (0.1ms)
  Rendered secrets/_secret.json.jbuilder (0.1ms)
  Rendered secrets/_secret.json.jbuilder (0.1ms)
  Rendered secrets/index.json.jbuilder (5.3ms)
Completed 200 OK in 19ms (Views: 15.0ms | ActiveRecord: 0.2ms)


Started GET "/secrets.json" for ::1 at 2017-12-12 14:15:18 +1100
Processing by SecretsController#index as JSON
  [1m[36mSecret Load (0.2ms)[0m  [1m[34mSELECT "secrets".* FROM "secrets"[0m
  Rendering secrets/index.json.jbuilder
  Rendered secrets/_secret.json.jbuilder (0.4ms)
  Rendered secrets/_secret.json.jbuilder (0.1ms)
  Rendered secrets/_secret.json.jbuilder (0.1ms)
  Rendered secrets/_secret.json.jbuilder (0.1ms)
  Rendered secrets/index.json.jbuilder (4.6ms)
Completed 200 OK in 17ms (Views: 13.7ms | ActiveRecord: 0.2ms)


Started GET "/secrets.json" for ::1 at 2017-12-12 14:15:23 +1100
Processing by SecretsController#index as JSON
  [1m[36mSecret Load (0.2ms)[0m  [1m[34mSELECT "secrets".* FROM "secrets"[0m
  Rendering secrets/index.json.jbuilder
  Rendered secrets/_secret.json.jbuilder (0.9ms)
  Rendered secrets/_secret.json.jbuilder (0.4ms)
  Rendered secrets/_secret.json.jbuilder (0.3ms)
  Rendered secrets/_secret.json.jbuilder (0.4ms)
  Rendered secrets/index.json.jbuilder (12.9ms)
Completed 200 OK in 33ms (Views: 27.8ms | ActiveRecord: 0.2ms)


Started GET "/secrets.json" for ::1 at 2017-12-12 14:15:28 +1100
Processing by SecretsController#index as JSON
  [1m[36mSecret Load (0.2ms)[0m  [1m[34mSELECT "secrets".* FROM "secrets"[0m
  Rendering secrets/index.json.jbuilder
  Rendered secrets/_secret.json.jbuilder (0.5ms)
  Rendered secrets/_secret.json.jbuilder (0.1ms)
  Rendered secrets/_secret.json.jbuilder (0.1ms)
  Rendered secrets/_secret.json.jbuilder (0.1ms)
  Rendered secrets/index.json.jbuilder (5.4ms)
Completed 200 OK in 18ms (Views: 15.0ms | ActiveRecord: 0.2ms)


Started GET "/secrets.json" for ::1 at 2017-12-12 14:15:33 +1100
Processing by SecretsController#index as JSON
  [1m[36mSecret Load (0.2ms)[0m  [1m[34mSELECT "secrets".* FROM "secrets"[0m
  Rendering secrets/index.json.jbuilder
  Rendered secrets/_secret.json.jbuilder (0.4ms)
  Rendered secrets/_secret.json.jbuilder (0.1ms)
  Rendered secrets/_secret.json.jbuilder (0.1ms)
  Rendered secrets/_secret.json.jbuilder (0.1ms)
  Rendered secrets/index.json.jbuilder (4.8ms)
Completed 200 OK in 17ms (Views: 13.3ms | ActiveRecord: 0.2ms)


Started GET "/secrets.json" for ::1 at 2017-12-12 14:15:38 +1100
Processing by SecretsController#index as JSON
  [1m[36mSecret Load (0.2ms)[0m  [1m[34mSELECT "secrets".* FROM "secrets"[0m
  Rendering secrets/index.json.jbuilder
  Rendered secrets/_secret.json.jbuilder (0.4ms)
  Rendered secrets/_secret.json.jbuilder (0.2ms)
  Rendered secrets/_secret.json.jbuilder (0.1ms)
  Rendered secrets/_secret.json.jbuilder (0.1ms)
  Rendered secrets/index.json.jbuilder (4.9ms)
Completed 200 OK in 16ms (Views: 13.1ms | ActiveRecord: 0.2ms)


Started GET "/secrets.json" for ::1 at 2017-12-12 14:15:43 +1100
Processing by SecretsController#index as JSON
  [1m[36mSecret Load (0.2ms)[0m  [1m[34mSELECT "secrets".* FROM "secrets"[0m
  Rendering secrets/index.json.jbuilder
  Rendered secrets/_secret.json.jbuilder (0.4ms)
  Rendered secrets/_secret.json.jbuilder (0.1ms)
  Rendered secrets/_secret.json.jbuilder (0.1ms)
  Rendered secrets/_secret.json.jbuilder (0.2ms)
  Rendered secrets/index.json.jbuilder (5.2ms)
Completed 200 OK in 18ms (Views: 14.2ms | ActiveRecord: 0.2ms)


Started GET "/secrets.json" for ::1 at 2017-12-12 14:15:49 +1100
Processing by SecretsController#index as JSON
  [1m[36mSecret Load (0.2ms)[0m  [1m[34mSELECT "secrets".* FROM "secrets"[0m
  Rendering secrets/index.json.jbuilder
  Rendered secrets/_secret.json.jbuilder (0.5ms)
  Rendered secrets/_secret.json.jbuilder (0.2ms)
  Rendered secrets/_secret.json.jbuilder (0.1ms)
  Rendered secrets/_secret.json.jbuilder (0.1ms)
  Rendered secrets/index.json.jbuilder (6.4ms)
Completed 200 OK in 18ms (Views: 15.0ms | ActiveRecord: 0.2ms)


Started GET "/secrets.json" for ::1 at 2017-12-12 14:15:53 +1100
Processing by SecretsController#index as JSON
  [1m[36mSecret Load (0.2ms)[0m  [1m[34mSELECT "secrets".* FROM "secrets"[0m
  Rendering secrets/index.json.jbuilder
  Rendered secrets/_secret.json.jbuilder (0.4ms)
  Rendered secrets/_secret.json.jbuilder (0.1ms)
  Rendered secrets/_secret.json.jbuilder (0.1ms)
  Rendered secrets/_secret.json.jbuilder (0.1ms)
  Rendered secrets/index.json.jbuilder (4.5ms)
Completed 200 OK in 16ms (Views: 12.8ms | ActiveRecord: 0.2ms)


Started GET "/secrets.json" for ::1 at 2017-12-12 14:15:59 +1100
Processing by SecretsController#index as JSON
  [1m[36mSecret Load (0.2ms)[0m  [1m[34mSELECT "secrets".* FROM "secrets"[0m
  Rendering secrets/index.json.jbuilder
  Rendered secrets/_secret.json.jbuilder (0.4ms)
  Rendered secrets/_secret.json.jbuilder (0.1ms)
  Rendered secrets/_secret.json.jbuilder (0.1ms)
  Rendered secrets/_secret.json.jbuilder (0.1ms)
  Rendered secrets/index.json.jbuilder (4.5ms)
Completed 200 OK in 17ms (Views: 13.3ms | ActiveRecord: 0.2ms)


Started GET "/secrets.json" for ::1 at 2017-12-12 14:16:03 +1100
Processing by SecretsController#index as JSON
  [1m[36mSecret Load (0.3ms)[0m  [1m[34mSELECT "secrets".* FROM "secrets"[0m
  Rendering secrets/index.json.jbuilder
  Rendered secrets/_secret.json.jbuilder (0.5ms)
  Rendered secrets/_secret.json.jbuilder (0.1ms)
  Rendered secrets/_secret.json.jbuilder (0.1ms)
  Rendered secrets/_secret.json.jbuilder (0.1ms)
  Rendered secrets/index.json.jbuilder (4.9ms)
Completed 200 OK in 22ms (Views: 16.6ms | ActiveRecord: 0.3ms)


Started GET "/secrets.json" for ::1 at 2017-12-12 14:16:09 +1100
Processing by SecretsController#index as JSON
  [1m[36mSecret Load (0.2ms)[0m  [1m[34mSELECT "secrets".* FROM "secrets"[0m
  Rendering secrets/index.json.jbuilder
  Rendered secrets/_secret.json.jbuilder (0.4ms)
  Rendered secrets/_secret.json.jbuilder (0.3ms)
  Rendered secrets/_secret.json.jbuilder (0.2ms)
  Rendered secrets/_secret.json.jbuilder (0.1ms)
  Rendered secrets/index.json.jbuilder (6.5ms)
Completed 200 OK in 19ms (Views: 15.4ms | ActiveRecord: 0.2ms)


Started GET "/secrets.json" for ::1 at 2017-12-12 14:16:13 +1100
Processing by SecretsController#index as JSON
  [1m[36mSecret Load (0.2ms)[0m  [1m[34mSELECT "secrets".* FROM "secrets"[0m
  Rendering secrets/index.json.jbuilder
  Rendered secrets/_secret.json.jbuilder (0.4ms)
  Rendered secrets/_secret.json.jbuilder (0.2ms)
  Rendered secrets/_secret.json.jbuilder (0.1ms)
  Rendered secrets/_secret.json.jbuilder (0.1ms)
  Rendered secrets/index.json.jbuilder (5.0ms)
Completed 200 OK in 17ms (Views: 13.4ms | ActiveRecord: 0.2ms)


Started GET "/secrets.json" for ::1 at 2017-12-12 14:16:16 +1100
Processing by SecretsController#index as JSON
  [1m[36mSecret Load (0.1ms)[0m  [1m[34mSELECT "secrets".* FROM "secrets"[0m
  Rendering secrets/index.json.jbuilder
  Rendered secrets/_secret.json.jbuilder (0.4ms)
  Rendered secrets/_secret.json.jbuilder (0.1ms)
  Rendered secrets/_secret.json.jbuilder (0.1ms)
  Rendered secrets/_secret.json.jbuilder (0.1ms)
  Rendered secrets/index.json.jbuilder (4.0ms)
Completed 200 OK in 14ms (Views: 10.8ms | ActiveRecord: 0.1ms)


Started GET "/secrets.json" for ::1 at 2017-12-12 14:16:18 +1100
Processing by SecretsController#index as JSON
  [1m[36mSecret Load (0.2ms)[0m  [1m[34mSELECT "secrets".* FROM "secrets"[0m
  Rendering secrets/index.json.jbuilder
  Rendered secrets/_secret.json.jbuilder (0.4ms)
  Rendered secrets/_secret.json.jbuilder (0.1ms)
  Rendered secrets/_secret.json.jbuilder (0.1ms)
  Rendered secrets/_secret.json.jbuilder (0.1ms)
  Rendered secrets/index.json.jbuilder (4.9ms)
Completed 200 OK in 17ms (Views: 13.2ms | ActiveRecord: 0.2ms)


Started GET "/secrets.json" for ::1 at 2017-12-12 14:16:20 +1100
Processing by SecretsController#index as JSON
  [1m[36mSecret Load (0.2ms)[0m  [1m[34mSELECT "secrets".* FROM "secrets"[0m
  Rendering secrets/index.json.jbuilder
  Rendered secrets/_secret.json.jbuilder (0.4ms)
  Rendered secrets/_secret.json.jbuilder (0.1ms)
  Rendered secrets/_secret.json.jbuilder (0.1ms)
  Rendered secrets/_secret.json.jbuilder (0.1ms)
  Rendered secrets/index.json.jbuilder (4.6ms)
Completed 200 OK in 16ms (Views: 13.0ms | ActiveRecord: 0.2ms)


Started GET "/secrets.json" for ::1 at 2017-12-12 14:16:23 +1100
Processing by SecretsController#index as JSON
  [1m[36mSecret Load (0.2ms)[0m  [1m[34mSELECT "secrets".* FROM "secrets"[0m
  Rendering secrets/index.json.jbuilder
  Rendered secrets/_secret.json.jbuilder (0.4ms)
  Rendered secrets/_secret.json.jbuilder (0.1ms)
  Rendered secrets/_secret.json.jbuilder (0.1ms)
  Rendered secrets/_secret.json.jbuilder (0.1ms)
  Rendered secrets/index.json.jbuilder (4.6ms)
Completed 200 OK in 17ms (Views: 13.2ms | ActiveRecord: 0.2ms)


Started GET "/secrets.json" for ::1 at 2017-12-12 14:16:24 +1100
Processing by SecretsController#index as JSON
  [1m[36mSecret Load (0.3ms)[0m  [1m[34mSELECT "secrets".* FROM "secrets"[0m
  Rendering secrets/index.json.jbuilder
  Rendered secrets/_secret.json.jbuilder (0.4ms)
  Rendered secrets/_secret.json.jbuilder (0.1ms)
  Rendered secrets/_secret.json.jbuilder (0.1ms)
  Rendered secrets/_secret.json.jbuilder (0.1ms)
  Rendered secrets/index.json.jbuilder (4.5ms)
Completed 200 OK in 17ms (Views: 12.9ms | ActiveRecord: 0.3ms)


Started GET "/secrets.json" for ::1 at 2017-12-12 14:16:28 +1100
Processing by SecretsController#index as JSON
  [1m[36mSecret Load (0.2ms)[0m  [1m[34mSELECT "secrets".* FROM "secrets"[0m
  Rendering secrets/index.json.jbuilder
  Rendered secrets/_secret.json.jbuilder (0.5ms)
  Rendered secrets/_secret.json.jbuilder (0.1ms)
  Rendered secrets/_secret.json.jbuilder (0.1ms)
  Rendered secrets/_secret.json.jbuilder (0.1ms)
  Rendered secrets/index.json.jbuilder (4.9ms)
Completed 200 OK in 17ms (Views: 13.7ms | ActiveRecord: 0.2ms)


Started GET "/secrets.json" for ::1 at 2017-12-12 14:16:33 +1100
Processing by SecretsController#index as JSON
  [1m[36mSecret Load (0.2ms)[0m  [1m[34mSELECT "secrets".* FROM "secrets"[0m
  Rendering secrets/index.json.jbuilder
  Rendered secrets/_secret.json.jbuilder (0.4ms)
  Rendered secrets/_secret.json.jbuilder (0.1ms)
  Rendered secrets/_secret.json.jbuilder (0.1ms)
  Rendered secrets/_secret.json.jbuilder (0.1ms)
  Rendered secrets/index.json.jbuilder (5.0ms)
Completed 200 OK in 17ms (Views: 13.8ms | ActiveRecord: 0.2ms)


Started GET "/secrets.json" for ::1 at 2017-12-12 14:16:38 +1100
Processing by SecretsController#index as JSON
  [1m[36mSecret Load (0.2ms)[0m  [1m[34mSELECT "secrets".* FROM "secrets"[0m
  Rendering secrets/index.json.jbuilder
  Rendered secrets/_secret.json.jbuilder (0.4ms)
  Rendered secrets/_secret.json.jbuilder (0.1ms)
  Rendered secrets/_secret.json.jbuilder (0.1ms)
  Rendered secrets/_secret.json.jbuilder (0.1ms)
  Rendered secrets/index.json.jbuilder (5.2ms)
Completed 200 OK in 17ms (Views: 13.6ms | ActiveRecord: 0.2ms)


Started GET "/secrets.json" for ::1 at 2017-12-12 14:16:43 +1100
Processing by SecretsController#index as JSON
  [1m[36mSecret Load (0.2ms)[0m  [1m[34mSELECT "secrets".* FROM "secrets"[0m
  Rendering secrets/index.json.jbuilder
  Rendered secrets/_secret.json.jbuilder (0.6ms)
  Rendered secrets/_secret.json.jbuilder (0.1ms)
  Rendered secrets/_secret.json.jbuilder (0.1ms)
  Rendered secrets/_secret.json.jbuilder (0.1ms)
  Rendered secrets/index.json.jbuilder (5.3ms)
Completed 200 OK in 18ms (Views: 14.5ms | ActiveRecord: 0.2ms)


Started GET "/secrets.json" for ::1 at 2017-12-12 14:16:48 +1100
Processing by SecretsController#index as JSON
  [1m[36mSecret Load (0.2ms)[0m  [1m[34mSELECT "secrets".* FROM "secrets"[0m
  Rendering secrets/index.json.jbuilder
  Rendered secrets/_secret.json.jbuilder (0.4ms)
  Rendered secrets/_secret.json.jbuilder (0.1ms)
  Rendered secrets/_secret.json.jbuilder (0.1ms)
  Rendered secrets/_secret.json.jbuilder (0.1ms)
  Rendered secrets/index.json.jbuilder (4.8ms)
Completed 200 OK in 17ms (Views: 13.6ms | ActiveRecord: 0.2ms)


Started GET "/secrets.json" for ::1 at 2017-12-12 14:16:53 +1100
Processing by SecretsController#index as JSON
  [1m[36mSecret Load (0.2ms)[0m  [1m[34mSELECT "secrets".* FROM "secrets"[0m
  Rendering secrets/index.json.jbuilder
  Rendered secrets/_secret.json.jbuilder (0.4ms)
  Rendered secrets/_secret.json.jbuilder (0.1ms)
  Rendered secrets/_secret.json.jbuilder (0.1ms)
  Rendered secrets/_secret.json.jbuilder (0.1ms)
  Rendered secrets/index.json.jbuilder (4.5ms)
Completed 200 OK in 17ms (Views: 12.9ms | ActiveRecord: 0.2ms)


Started GET "/secrets.json" for ::1 at 2017-12-12 14:16:58 +1100
Processing by SecretsController#index as JSON
  [1m[36mSecret Load (0.2ms)[0m  [1m[34mSELECT "secrets".* FROM "secrets"[0m
  Rendering secrets/index.json.jbuilder
  Rendered secrets/_secret.json.jbuilder (0.4ms)
  Rendered secrets/_secret.json.jbuilder (0.1ms)
  Rendered secrets/_secret.json.jbuilder (0.1ms)
  Rendered secrets/_secret.json.jbuilder (0.1ms)
  Rendered secrets/index.json.jbuilder (4.6ms)
Completed 200 OK in 16ms (Views: 13.0ms | ActiveRecord: 0.2ms)


Started GET "/secrets.json" for ::1 at 2017-12-12 14:17:03 +1100
Processing by SecretsController#index as JSON
  [1m[36mSecret Load (0.2ms)[0m  [1m[34mSELECT "secrets".* FROM "secrets"[0m
  Rendering secrets/index.json.jbuilder
  Rendered secrets/_secret.json.jbuilder (0.7ms)
  Rendered secrets/_secret.json.jbuilder (0.3ms)
  Rendered secrets/_secret.json.jbuilder (0.3ms)
  Rendered secrets/_secret.json.jbuilder (0.3ms)
  Rendered secrets/index.json.jbuilder (7.7ms)
Completed 200 OK in 21ms (Views: 17.6ms | ActiveRecord: 0.2ms)


Started GET "/secrets.json" for ::1 at 2017-12-12 14:17:08 +1100
Processing by SecretsController#index as JSON
  [1m[36mSecret Load (0.2ms)[0m  [1m[34mSELECT "secrets".* FROM "secrets"[0m
  Rendering secrets/index.json.jbuilder
  Rendered secrets/_secret.json.jbuilder (0.4ms)
  Rendered secrets/_secret.json.jbuilder (0.1ms)
  Rendered secrets/_secret.json.jbuilder (0.1ms)
  Rendered secrets/_secret.json.jbuilder (0.1ms)
  Rendered secrets/index.json.jbuilder (4.7ms)
Completed 200 OK in 17ms (Views: 13.4ms | ActiveRecord: 0.2ms)


Started GET "/secrets.json" for ::1 at 2017-12-12 14:17:14 +1100
Processing by SecretsController#index as JSON
  [1m[36mSecret Load (0.2ms)[0m  [1m[34mSELECT "secrets".* FROM "secrets"[0m
  Rendering secrets/index.json.jbuilder
  Rendered secrets/_secret.json.jbuilder (0.4ms)
  Rendered secrets/_secret.json.jbuilder (0.1ms)
  Rendered secrets/_secret.json.jbuilder (0.1ms)
  Rendered secrets/_secret.json.jbuilder (0.1ms)
  Rendered secrets/index.json.jbuilder (4.6ms)
Completed 200 OK in 16ms (Views: 12.6ms | ActiveRecord: 0.2ms)


Started GET "/secrets.json" for ::1 at 2017-12-12 14:17:19 +1100
Processing by SecretsController#index as JSON
  [1m[36mSecret Load (0.2ms)[0m  [1m[34mSELECT "secrets".* FROM "secrets"[0m
  Rendering secrets/index.json.jbuilder
  Rendered secrets/_secret.json.jbuilder (0.7ms)
  Rendered secrets/_secret.json.jbuilder (0.2ms)
  Rendered secrets/_secret.json.jbuilder (0.1ms)
  Rendered secrets/_secret.json.jbuilder (0.1ms)
  Rendered secrets/index.json.jbuilder (6.0ms)
Completed 200 OK in 18ms (Views: 15.0ms | ActiveRecord: 0.2ms)


