Started GET "/" for ::1 at 2018-01-11 10:28:08 +1100
Processing by PagesController#index as HTML
  Rendering pages/index.html.erb within layouts/application
  Rendered pages/index.html.erb within layouts/application (1.3ms)
Completed 200 OK in 1547ms (Views: 1389.1ms)


Started GET "/" for ::1 at 2018-01-11 10:31:43 +1100
Processing by PagesController#index as HTML
  Rendering pages/index.html.erb within layouts/application
  Rendered pages/index.html.erb within layouts/application (1.1ms)
Completed 200 OK in 324ms (Views: 194.2ms)


Started GET "/hamldemo" for ::1 at 2018-01-11 10:34:00 +1100
Processing by PagesController#hamldemo as HTML
  Rendering pages/hamldemo.haml within layouts/application
  Rendered pages/hamldemo.haml within layouts/application (5.3ms)
Completed 200 OK in 39ms (Views: 35.6ms)


Started GET "/hamldemo" for ::1 at 2018-01-11 10:34:55 +1100
Processing by PagesController#hamldemo as HTML
  Rendering pages/hamldemo.haml within layouts/application
  Rendered pages/hamldemo.haml within layouts/application (11.0ms)
Completed 200 OK in 48ms (Views: 43.3ms)


Started GET "/hamldemo" for ::1 at 2018-01-11 10:36:12 +1100
Processing by PagesController#hamldemo as HTML
  Rendering pages/hamldemo.haml within layouts/application
  Rendered pages/hamldemo.haml within layouts/application (12.1ms)
Completed 200 OK in 48ms (Views: 44.4ms)


Started GET "/hamldemo" for ::1 at 2018-01-11 10:37:00 +1100
Processing by PagesController#hamldemo as HTML
  Rendering pages/hamldemo.haml within layouts/application
  Rendered pages/hamldemo.haml within layouts/application (2.8ms)
Completed 200 OK in 35ms (Views: 30.4ms)


Started GET "/hamldemo" for ::1 at 2018-01-11 10:37:50 +1100
Processing by PagesController#hamldemo as HTML
  Rendering pages/hamldemo.haml within layouts/application
  Rendered pages/hamldemo.haml within layouts/application (2.2ms)
Completed 200 OK in 34ms (Views: 29.2ms)


Started GET "/hamldemo" for ::1 at 2018-01-11 10:37:53 +1100
Processing by PagesController#hamldemo as HTML
  Rendering pages/hamldemo.haml within layouts/application
  Rendered pages/hamldemo.haml within layouts/application (2.4ms)
Completed 200 OK in 32ms (Views: 28.1ms)


Started GET "/hamldemo" for ::1 at 2018-01-11 10:37:54 +1100
Processing by PagesController#hamldemo as HTML
  Rendering pages/hamldemo.haml within layouts/application
  Rendered pages/hamldemo.haml within layouts/application (3.5ms)
Completed 200 OK in 57ms (Views: 51.5ms)


Started GET "/hamldemo" for ::1 at 2018-01-11 10:37:55 +1100
Processing by PagesController#hamldemo as HTML
  Rendering pages/hamldemo.haml within layouts/application
  Rendered pages/hamldemo.haml within layouts/application (3.1ms)
Completed 200 OK in 42ms (Views: 36.7ms)


Started GET "/hamldemo" for ::1 at 2018-01-11 10:40:17 +1100
Processing by PagesController#hamldemo as HTML
  Rendering pages/hamldemo.haml within layouts/application
  Rendered pages/hamldemo.haml within layouts/application (2.9ms)
Completed 200 OK in 32ms (Views: 29.0ms)


Started GET "/hamldemo" for ::1 at 2018-01-11 10:40:27 +1100
Processing by PagesController#hamldemo as HTML
  Rendering pages/hamldemo.haml within layouts/application
  Rendered pages/hamldemo.haml within layouts/application (2.2ms)
Completed 200 OK in 33ms (Views: 29.1ms)


Started GET "/hamldemo" for ::1 at 2018-01-11 10:42:44 +1100
Processing by PagesController#hamldemo as HTML
  Rendering pages/hamldemo.haml within layouts/application
  Rendered pages/hamldemo.haml within layouts/application (2.8ms)
Completed 200 OK in 33ms (Views: 29.1ms)


Started GET "/hamldemo" for ::1 at 2018-01-11 10:42:54 +1100
Processing by PagesController#hamldemo as HTML
  Rendering pages/hamldemo.haml within layouts/application
  Rendered pages/hamldemo.haml within layouts/application (3.0ms)
Completed 200 OK in 35ms (Views: 31.1ms)


Started GET "/hamldemo" for ::1 at 2018-01-11 10:43:10 +1100
Processing by PagesController#hamldemo as HTML
  Rendering pages/hamldemo.haml within layouts/application
  Rendered pages/hamldemo.haml within layouts/application (4.0ms)
Completed 200 OK in 43ms (Views: 39.8ms)


Started GET "/" for ::1 at 2018-01-11 10:52:40 +1100
Processing by PagesController#index as HTML
  Rendering pages/index.haml within layouts/application
  Rendered pages/index.haml within layouts/application (4.3ms)
Completed 200 OK in 250ms (Views: 246.0ms)


Started GET "/" for ::1 at 2018-01-11 10:56:38 +1100
Processing by PagesController#index as HTML
  Rendering pages/index.haml within layouts/application
  Rendered pages/index.haml within layouts/application (4.0ms)
Completed 200 OK in 251ms (Views: 247.6ms)


Started GET "/" for ::1 at 2018-01-11 10:57:06 +1100
Processing by PagesController#index as HTML
  Rendering pages/index.haml within layouts/application
  Rendered pages/index.haml within layouts/application (3.9ms)
Completed 200 OK in 33ms (Views: 28.7ms)


Started GET "/" for ::1 at 2018-01-11 10:57:10 +1100
Processing by PagesController#index as HTML
  Rendering pages/index.haml within layouts/application
  Rendered pages/index.haml within layouts/application (4.2ms)
Completed 200 OK in 36ms (Views: 32.7ms)


Started GET "/" for ::1 at 2018-01-11 11:00:15 +1100
Processing by PagesController#index as HTML
  Rendering pages/index.haml within layouts/application
  Rendered pages/index.haml within layouts/application (4.1ms)
Completed 200 OK in 195ms (Views: 190.7ms)


Started GET "/" for ::1 at 2018-01-11 11:00:26 +1100
Processing by PagesController#index as HTML
  Rendering pages/index.haml within layouts/application
  Rendered pages/index.haml within layouts/application (7.5ms)
Completed 200 OK in 363ms (Views: 357.5ms)


Started GET "/" for ::1 at 2018-01-11 11:01:41 +1100
Processing by PagesController#index as HTML
  Rendering pages/index.haml within layouts/application
  Rendered pages/index.haml within layouts/application (3.8ms)
Completed 200 OK in 52ms (Views: 48.5ms)


Started GET "/" for ::1 at 2018-01-11 11:06:53 +1100
Processing by PagesController#index as HTML
  Rendering pages/index.haml within layouts/application
  Rendered pages/index.haml within layouts/application (5.0ms)
Completed 200 OK in 208ms (Views: 204.3ms)


Started GET "/" for ::1 at 2018-01-11 11:07:15 +1100
Processing by PagesController#index as HTML
  Rendering pages/index.haml within layouts/application
  Rendered pages/index.haml within layouts/application (5.7ms)
Completed 200 OK in 108ms (Views: 103.8ms)


Started GET "/" for ::1 at 2018-01-11 11:28:46 +1100
Processing by PagesController#index as HTML
  Rendering pages/index.haml within layouts/application
  Rendered pages/index.haml within layouts/application (21.4ms)
Completed 200 OK in 57ms (Views: 53.5ms)


Started GET "/" for ::1 at 2018-01-11 11:29:39 +1100
Processing by PagesController#index as HTML
  Rendering pages/index.haml within layouts/application
  Rendered pages/index.haml within layouts/application (4.8ms)
Completed 200 OK in 33ms (Views: 29.7ms)


Started GET "/" for ::1 at 2018-01-11 11:30:00 +1100
Processing by PagesController#index as HTML
  Rendering pages/index.haml within layouts/application
  Rendered pages/index.haml within layouts/application (4.8ms)
Completed 200 OK in 37ms (Views: 33.5ms)


Started GET "/" for ::1 at 2018-01-11 11:30:14 +1100
Processing by PagesController#index as HTML
  Rendering pages/index.haml within layouts/application
  Rendered pages/index.haml within layouts/application (5.0ms)
Completed 200 OK in 38ms (Views: 34.1ms)


Started GET "/" for ::1 at 2018-01-11 11:31:51 +1100
Processing by PagesController#index as HTML
  Rendering pages/index.haml within layouts/application
  Rendered pages/index.haml within layouts/application (4.7ms)
Completed 200 OK in 122ms (Views: 119.2ms)


Started GET "/" for ::1 at 2018-01-11 11:32:34 +1100
Processing by PagesController#index as HTML
  Rendering pages/index.haml within layouts/application
  Rendered pages/index.haml within layouts/application (5.0ms)
Completed 200 OK in 215ms (Views: 211.4ms)


Started GET "/" for ::1 at 2018-01-11 11:32:54 +1100
Processing by PagesController#index as HTML
  Rendering pages/index.haml within layouts/application
  Rendered pages/index.haml within layouts/application (6.2ms)
Completed 200 OK in 42ms (Views: 38.2ms)


Started GET "/" for ::1 at 2018-01-11 11:39:26 +1100
Processing by PagesController#index as HTML
  Rendering pages/index.haml within layouts/application
  Rendered pages/index.haml within layouts/application (5.0ms)
Completed 200 OK in 106ms (Views: 102.2ms)


Started GET "/" for ::1 at 2018-01-11 11:41:46 +1100
Processing by PagesController#index as HTML
  Rendering pages/index.haml within layouts/application
  Rendered pages/index.haml within layouts/application (5.1ms)
Completed 200 OK in 258ms (Views: 254.6ms)


Started GET "/" for ::1 at 2018-01-11 11:42:00 +1100
Processing by PagesController#index as HTML
  Rendering pages/index.haml within layouts/application
  Rendered pages/index.haml within layouts/application (4.0ms)
Completed 200 OK in 267ms (Views: 264.3ms)


Started GET "/" for ::1 at 2018-01-11 11:42:21 +1100
Processing by PagesController#index as HTML
  Rendering pages/index.haml within layouts/application
  Rendered pages/index.haml within layouts/application (6.4ms)
Completed 200 OK in 82ms (Views: 77.7ms)


Started GET "/" for ::1 at 2018-01-11 11:44:04 +1100
Processing by PagesController#index as HTML
  Rendering pages/index.haml within layouts/application
  Rendered pages/index.haml within layouts/application (4.2ms)
Completed 200 OK in 180ms (Views: 175.9ms)


Started GET "/" for ::1 at 2018-01-11 11:45:39 +1100
Processing by PagesController#index as HTML
  Rendering pages/index.haml within layouts/application
  Rendered pages/index.haml within layouts/application (4.4ms)
Completed 200 OK in 229ms (Views: 224.1ms)


Started GET "/" for ::1 at 2018-01-11 11:46:24 +1100
Processing by PagesController#index as HTML
  Rendering pages/index.haml within layouts/application
  Rendered pages/index.haml within layouts/application (3.7ms)
Completed 200 OK in 212ms (Views: 208.2ms)


Started GET "/" for ::1 at 2018-01-11 11:49:33 +1100
Processing by PagesController#index as HTML
  Rendering pages/index.haml within layouts/application
  Rendered pages/index.haml within layouts/application (3.7ms)
Completed 200 OK in 109ms (Views: 105.1ms)


Started GET "/" for ::1 at 2018-01-11 11:52:42 +1100
Processing by PagesController#index as HTML
  Rendering pages/index.haml within layouts/application
  Rendered pages/index.haml within layouts/application (3.9ms)
Completed 200 OK in 229ms (Views: 226.1ms)


Started GET "/" for ::1 at 2018-01-11 11:54:43 +1100
Processing by PagesController#index as HTML
  Rendering pages/index.haml within layouts/application
  Rendered pages/index.haml within layouts/application (4.4ms)
Completed 200 OK in 193ms (Views: 189.5ms)


