Started GET "/home" for 127.0.0.1 at 2017-11-21 18:58:21 +1100
  
ActionController::RoutingError (No route matches [GET] "/home"):
  
actionpack (5.1.4) lib/action_dispatch/middleware/debug_exceptions.rb:63:in `call'
web-console (3.5.1) lib/web_console/middleware.rb:135:in `call_app'
web-console (3.5.1) lib/web_console/middleware.rb:28:in `block in call'
web-console (3.5.1) lib/web_console/middleware.rb:18:in `catch'
web-console (3.5.1) lib/web_console/middleware.rb:18:in `call'
actionpack (5.1.4) lib/action_dispatch/middleware/show_exceptions.rb:31:in `call'
railties (5.1.4) lib/rails/rack/logger.rb:36:in `call_app'
railties (5.1.4) lib/rails/rack/logger.rb:24:in `block in call'
activesupport (5.1.4) lib/active_support/tagged_logging.rb:69:in `block in tagged'
activesupport (5.1.4) lib/active_support/tagged_logging.rb:26:in `tagged'
activesupport (5.1.4) lib/active_support/tagged_logging.rb:69:in `tagged'
railties (5.1.4) lib/rails/rack/logger.rb:24:in `call'
sprockets-rails (3.2.1) lib/sprockets/rails/quiet_assets.rb:13:in `call'
actionpack (5.1.4) lib/action_dispatch/middleware/remote_ip.rb:79:in `call'
actionpack (5.1.4) lib/action_dispatch/middleware/request_id.rb:25:in `call'
rack (2.0.3) lib/rack/method_override.rb:22:in `call'
rack (2.0.3) lib/rack/runtime.rb:22:in `call'
activesupport (5.1.4) lib/active_support/cache/strategy/local_cache_middleware.rb:27:in `call'
actionpack (5.1.4) lib/action_dispatch/middleware/executor.rb:12:in `call'
actionpack (5.1.4) lib/action_dispatch/middleware/static.rb:125:in `call'
rack (2.0.3) lib/rack/sendfile.rb:111:in `call'
railties (5.1.4) lib/rails/engine.rb:522:in `call'
puma (3.11.0) lib/puma/configuration.rb:225:in `call'
puma (3.11.0) lib/puma/server.rb:624:in `handle_request'
puma (3.11.0) lib/puma/server.rb:438:in `process_client'
puma (3.11.0) lib/puma/server.rb:302:in `block in run'
puma (3.11.0) lib/puma/thread_pool.rb:120:in `block in spawn_thread'
Started GET "/" for 127.0.0.1 at 2017-11-21 18:58:24 +1100
Processing by Rails::WelcomeController#index as HTML
  Rendering /Users/liz/.rbenv/versions/2.4.2/lib/ruby/gems/2.4.0/gems/railties-5.1.4/lib/rails/templates/rails/welcome/index.html.erb
  Rendered /Users/liz/.rbenv/versions/2.4.2/lib/ruby/gems/2.4.0/gems/railties-5.1.4/lib/rails/templates/rails/welcome/index.html.erb (1.7ms)
Completed 200 OK in 100ms (Views: 4.2ms)


  [1m[35m (0.1ms)[0m  [1m[34mSELECT sqlite_version(*)[0m
  [1m[35m (6.5ms)[0m  [1m[35mCREATE TABLE "schema_migrations" ("version" varchar NOT NULL PRIMARY KEY)[0m
  [1m[35m (1.4ms)[0m  [1m[35mCREATE TABLE "ar_internal_metadata" ("key" varchar NOT NULL PRIMARY KEY, "value" varchar, "created_at" datetime NOT NULL, "updated_at" datetime NOT NULL)[0m
  [1m[35m (0.1ms)[0m  [1m[34mSELECT "schema_migrations"."version" FROM "schema_migrations" ORDER BY "schema_migrations"."version" ASC[0m
  [1m[35m (0.2ms)[0m  [1m[34mSELECT "schema_migrations"."version" FROM "schema_migrations" ORDER BY "schema_migrations"."version" ASC[0m
  [1m[36mPark Load (0.1ms)[0m  [1m[34mSELECT "parks".* FROM "parks"[0m
  [1m[35m (0.0ms)[0m  [1m[36mbegin transaction[0m
  [1m[35mSQL (0.4ms)[0m  [1m[32mINSERT INTO "parks" ("name", "state", "nearest_city", "size") VALUES (?, ?, ?, ?)[0m  [["name", "Grand Canyon"], ["state", "Arizona"], ["nearest_city", "Tusayan"], ["size", 4926.0]]
  [1m[35m (5.8ms)[0m  [1m[36mcommit transaction[0m
  [1m[35m (0.1ms)[0m  [1m[36mbegin transaction[0m
  [1m[35mSQL (0.5ms)[0m  [1m[32mINSERT INTO "parks" ("name", "state", "nearest_city", "size") VALUES (?, ?, ?, ?)[0m  [["name", "Yosemite"], ["state", "California"], ["nearest_city", "Mariposa"], ["size", 3027.0]]
  [1m[35m (1.0ms)[0m  [1m[36mcommit transaction[0m
  [1m[35m (0.1ms)[0m  [1m[36mbegin transaction[0m
  [1m[35mSQL (3.1ms)[0m  [1m[32mINSERT INTO "parks" ("name", "state", "nearest_city", "size") VALUES (?, ?, ?, ?)[0m  [["name", "Kings Canyon"], ["state", "California"], ["nearest_city", "Fresno"], ["size", 1869.25]]
  [1m[35m (0.9ms)[0m  [1m[36mcommit transaction[0m
  [1m[35m (0.0ms)[0m  [1m[36mbegin transaction[0m
  [1m[35mSQL (0.4ms)[0m  [1m[32mINSERT INTO "parks" ("name", "state", "nearest_city", "size") VALUES (?, ?, ?, ?)[0m  [["name", "Rocky Mountain"], ["state", "Colorado"], ["nearest_city", "Estes Park, Grand Lake"], ["size", 1074.28]]
  [1m[35m (0.8ms)[0m  [1m[36mcommit transaction[0m
  [1m[35m (0.1ms)[0m  [1m[36mbegin transaction[0m
  [1m[35mSQL (0.7ms)[0m  [1m[32mINSERT INTO "parks" ("name", "state", "nearest_city", "size") VALUES (?, ?, ?, ?)[0m  [["name", "Yellowstone"], ["state", "Idaho, Montana, Wyoming"], ["nearest_city", "Gardiner, Jackson, West Yellowstone"], ["size", 8991.0]]
  [1m[35m (1.8ms)[0m  [1m[36mcommit transaction[0m
  [1m[35m (0.2ms)[0m  [1m[36mbegin transaction[0m
  [1m[35mSQL (0.6ms)[0m  [1m[32mINSERT INTO "parks" ("name", "state", "nearest_city", "size") VALUES (?, ?, ?, ?)[0m  [["name", "Zion"], ["state", "Utah"], ["nearest_city", "Springdale"], ["size", 593.3]]
  [1m[35m (1.5ms)[0m  [1m[36mcommit transaction[0m
  [1m[36mPark Load (2.5ms)[0m  [1m[34mSELECT  "parks".* FROM "parks" LIMIT ?[0m  [["LIMIT", 11]]
Started GET "/rails/info/routes" for 127.0.0.1 at 2017-11-21 19:43:49 +1100
Processing by Rails::InfoController#routes as HTML
  Rendering /Users/liz/.rbenv/versions/2.4.2/lib/ruby/gems/2.4.0/gems/railties-5.1.4/lib/rails/templates/rails/info/routes.html.erb within layouts/application
  Rendered collection of /Users/liz/.rbenv/versions/2.4.2/lib/ruby/gems/2.4.0/gems/actionpack-5.1.4/lib/action_dispatch/middleware/templates/routes/_route.html.erb [8 times] (3.1ms)
  Rendered /Users/liz/.rbenv/versions/2.4.2/lib/ruby/gems/2.4.0/gems/actionpack-5.1.4/lib/action_dispatch/middleware/templates/routes/_table.html.erb (5.1ms)
  Rendered /Users/liz/.rbenv/versions/2.4.2/lib/ruby/gems/2.4.0/gems/railties-5.1.4/lib/rails/templates/rails/info/routes.html.erb within layouts/application (16.3ms)
Completed 200 OK in 136ms (Views: 31.2ms)


Started GET "/rails/info/routes" for 127.0.0.1 at 2017-11-21 19:44:33 +1100
Processing by Rails::InfoController#routes as HTML
  Rendering /Users/liz/.rbenv/versions/2.4.2/lib/ruby/gems/2.4.0/gems/railties-5.1.4/lib/rails/templates/rails/info/routes.html.erb within layouts/application
  Rendered collection of /Users/liz/.rbenv/versions/2.4.2/lib/ruby/gems/2.4.0/gems/actionpack-5.1.4/lib/action_dispatch/middleware/templates/routes/_route.html.erb [8 times] (2.1ms)
  Rendered /Users/liz/.rbenv/versions/2.4.2/lib/ruby/gems/2.4.0/gems/actionpack-5.1.4/lib/action_dispatch/middleware/templates/routes/_table.html.erb (0.8ms)
  Rendered /Users/liz/.rbenv/versions/2.4.2/lib/ruby/gems/2.4.0/gems/railties-5.1.4/lib/rails/templates/rails/info/routes.html.erb within layouts/application (7.5ms)
Completed 200 OK in 19ms (Views: 14.9ms)


Started GET "/" for 127.0.0.1 at 2017-11-21 19:49:51 +1100
Processing by ParksController#index as HTML
  Rendering parks/index.html.erb within layouts/application
  Rendered parks/index.html.erb within layouts/application (0.3ms)
Completed 200 OK in 198ms (Views: 195.2ms)


Started GET "/" for 127.0.0.1 at 2017-11-21 19:54:19 +1100
Processing by ParksController#index as HTML
  Rendering parks/index.html.erb within layouts/application
  Rendered parks/index.html.erb within layouts/application (0.3ms)
Completed 200 OK in 47ms (Views: 17.9ms)


Started GET "/" for 127.0.0.1 at 2017-11-21 20:00:23 +1100
Processing by ParksController#index as HTML
  Rendering parks/index.html.erb within layouts/application
  Rendered parks/index.html.erb within layouts/application (0.5ms)
Completed 500 Internal Server Error in 10ms


  
SyntaxError (/Users/liz/Projects/wdi-24/WDi24-Homework/elizabeth_lai/week_05/day_02/high_places/app/views/parks/index.html.erb:8: syntax error, unexpected keyword_end
ze;@output_buffer.append=( end );@output_buffer.safe_append=
                              ^
/Users/liz/Projects/wdi-24/WDi24-Homework/elizabeth_lai/week_05/day_02/high_places/app/views/parks/index.html.erb:21: syntax error, unexpected keyword_ensure, expecting ')'
          ensure
                ^
/Users/liz/Projects/wdi-24/WDi24-Homework/elizabeth_lai/week_05/day_02/high_places/app/views/parks/index.html.erb:23: syntax error, unexpected keyword_end, expecting ')'
          end
             ^):
  
app/views/parks/index.html.erb:8: syntax error, unexpected keyword_end
app/views/parks/index.html.erb:21: syntax error, unexpected keyword_ensure, expecting ')'
app/views/parks/index.html.erb:23: syntax error, unexpected keyword_end, expecting ')'
Started GET "/" for 127.0.0.1 at 2017-11-21 20:01:08 +1100
Processing by ParksController#index as HTML
  Rendering parks/index.html.erb within layouts/application
  [1m[36mPark Load (0.8ms)[0m  [1m[34mSELECT "parks".* FROM "parks"[0m
  Rendered parks/index.html.erb within layouts/application (10.1ms)
Completed 200 OK in 28ms (Views: 25.4ms | ActiveRecord: 1.4ms)


Started GET "/parks/6" for 127.0.0.1 at 2017-11-21 20:02:24 +1100
Processing by ParksController#profile as HTML
  Parameters: {"id"=>"6"}
  Rendering parks/profile.html.erb within layouts/application
  Rendered parks/profile.html.erb within layouts/application (0.3ms)
Completed 200 OK in 16ms (Views: 13.4ms | ActiveRecord: 0.0ms)


Started GET "/" for 127.0.0.1 at 2017-11-21 20:03:26 +1100
Processing by ParksController#index as HTML
  Rendering parks/index.html.erb within layouts/application
  [1m[36mPark Load (0.2ms)[0m  [1m[34mSELECT "parks".* FROM "parks"[0m
  Rendered parks/index.html.erb within layouts/application (2.0ms)
Completed 200 OK in 19ms (Views: 15.9ms | ActiveRecord: 0.2ms)


Started GET "/" for 127.0.0.1 at 2017-11-21 20:03:28 +1100
Processing by ParksController#index as HTML
  Rendering parks/index.html.erb within layouts/application
  [1m[36mPark Load (0.1ms)[0m  [1m[34mSELECT "parks".* FROM "parks"[0m
  Rendered parks/index.html.erb within layouts/application (1.6ms)
Completed 200 OK in 21ms (Views: 17.3ms | ActiveRecord: 0.1ms)


Started GET "/" for 127.0.0.1 at 2017-11-21 20:04:18 +1100
Processing by ParksController#index as HTML
  Rendering parks/index.html.erb within layouts/application
  [1m[36mPark Load (0.2ms)[0m  [1m[34mSELECT "parks".* FROM "parks"[0m
  Rendered parks/index.html.erb within layouts/application (1.8ms)
Completed 200 OK in 19ms (Views: 15.9ms | ActiveRecord: 0.2ms)


Started GET "/" for 127.0.0.1 at 2017-11-21 20:04:29 +1100
Processing by ParksController#index as HTML
  Rendering parks/index.html.erb within layouts/application
  [1m[36mPark Load (0.1ms)[0m  [1m[34mSELECT "parks".* FROM "parks"[0m
  Rendered parks/index.html.erb within layouts/application (1.8ms)
Completed 200 OK in 21ms (Views: 18.9ms | ActiveRecord: 0.1ms)


Started GET "/" for 127.0.0.1 at 2017-11-21 20:04:52 +1100
Processing by ParksController#index as HTML
  Rendering parks/index.html.erb within layouts/application
  Rendered parks/index.html.erb within layouts/application (0.6ms)
Completed 500 Internal Server Error in 11ms (ActiveRecord: 0.0ms)


  
SyntaxError (/Users/liz/Projects/wdi-24/WDi24-Homework/elizabeth_lai/week_05/day_02/high_places/app/views/parks/index.html.erb:21: syntax error, unexpected keyword_ensure, expecting end-of-input
          ensure
                ^):
  
app/views/parks/index.html.erb:21: syntax error, unexpected keyword_ensure, expecting end-of-input
Started GET "/" for 127.0.0.1 at 2017-11-21 20:05:06 +1100
Processing by ParksController#index as HTML
  Rendering parks/index.html.erb within layouts/application
  [1m[36mPark Load (0.3ms)[0m  [1m[34mSELECT  "parks".* FROM "parks" LIMIT ?[0m  [["LIMIT", 11]]
  [1m[36mCACHE Park Load (0.0ms)[0m  [1m[34mSELECT  "parks".* FROM "parks" LIMIT ?[0m  [["LIMIT", 11]]
  [1m[36mCACHE Park Load (0.0ms)[0m  [1m[34mSELECT  "parks".* FROM "parks" LIMIT ?[0m  [["LIMIT", 11]]
  [1m[36mCACHE Park Load (0.0ms)[0m  [1m[34mSELECT  "parks".* FROM "parks" LIMIT ?[0m  [["LIMIT", 11]]
  [1m[36mCACHE Park Load (0.0ms)[0m  [1m[34mSELECT  "parks".* FROM "parks" LIMIT ?[0m  [["LIMIT", 11]]
  [1m[36mCACHE Park Load (0.0ms)[0m  [1m[34mSELECT  "parks".* FROM "parks" LIMIT ?[0m  [["LIMIT", 11]]
  [1m[36mCACHE Park Load (0.0ms)[0m  [1m[34mSELECT  "parks".* FROM "parks" LIMIT ?[0m  [["LIMIT", 11]]
  [1m[36mCACHE Park Load (0.0ms)[0m  [1m[34mSELECT  "parks".* FROM "parks" LIMIT ?[0m  [["LIMIT", 11]]
  Rendered parks/index.html.erb within layouts/application (191.1ms)
Completed 500 Internal Server Error in 199ms (ActiveRecord: 0.4ms)


  
ActionView::Template::Error (undefined local variable or method `park' for #<#<Class:0x00007ff4d0853b18>:0x00007ff4d198ba48>
Did you mean?  @parks):
    3: 
    4: 
    5: <p>
    6:   <%= link_to park.name %>
    7: </p>
    8: 
    9: 
  
app/views/parks/index.html.erb:6:in `_app_views_parks_index_html_erb___2168424155503874189_70344732608880'
Started GET "/rails/info/routes" for 127.0.0.1 at 2017-11-21 20:05:46 +1100
Processing by Rails::InfoController#routes as HTML
  Rendering /Users/liz/.rbenv/versions/2.4.2/lib/ruby/gems/2.4.0/gems/railties-5.1.4/lib/rails/templates/rails/info/routes.html.erb within layouts/application
  Rendered collection of /Users/liz/.rbenv/versions/2.4.2/lib/ruby/gems/2.4.0/gems/actionpack-5.1.4/lib/action_dispatch/middleware/templates/routes/_route.html.erb [8 times] (2.3ms)
  Rendered /Users/liz/.rbenv/versions/2.4.2/lib/ruby/gems/2.4.0/gems/actionpack-5.1.4/lib/action_dispatch/middleware/templates/routes/_table.html.erb (0.9ms)
  Rendered /Users/liz/.rbenv/versions/2.4.2/lib/ruby/gems/2.4.0/gems/railties-5.1.4/lib/rails/templates/rails/info/routes.html.erb within layouts/application (8.4ms)
Completed 200 OK in 25ms (Views: 19.4ms | ActiveRecord: 0.0ms)


Started GET "/" for 127.0.0.1 at 2017-11-21 20:05:52 +1100
Processing by ParksController#index as HTML
  Rendering parks/index.html.erb within layouts/application
  [1m[36mPark Load (0.1ms)[0m  [1m[34mSELECT "parks".* FROM "parks"[0m
  Rendered parks/index.html.erb within layouts/application (1.8ms)
Completed 200 OK in 20ms (Views: 17.7ms | ActiveRecord: 0.1ms)


Started GET "/" for 127.0.0.1 at 2017-11-21 20:06:37 +1100
Processing by ParksController#index as HTML
  Rendering parks/index.html.erb within layouts/application
  [1m[36mPark Load (0.2ms)[0m  [1m[34mSELECT "parks".* FROM "parks"[0m
  Rendered parks/index.html.erb within layouts/application (2.7ms)
Completed 200 OK in 22ms (Views: 18.6ms | ActiveRecord: 0.2ms)


Started GET "/" for 127.0.0.1 at 2017-11-21 20:06:39 +1100
Processing by ParksController#index as HTML
  Rendering parks/index.html.erb within layouts/application
  [1m[36mPark Load (0.3ms)[0m  [1m[34mSELECT "parks".* FROM "parks"[0m
  Rendered parks/index.html.erb within layouts/application (2.2ms)
Completed 200 OK in 30ms (Views: 25.3ms | ActiveRecord: 0.3ms)


Started GET "/" for 127.0.0.1 at 2017-11-21 20:07:04 +1100
Processing by ParksController#index as HTML
  Rendering parks/index.html.erb within layouts/application
  [1m[36mPark Load (0.2ms)[0m  [1m[34mSELECT "parks".* FROM "parks"[0m
  Rendered parks/index.html.erb within layouts/application (158.5ms)
Completed 500 Internal Server Error in 168ms (ActiveRecord: 0.2ms)


  
ActionView::Template::Error (undefined local variable or method `planet' for #<#<Class:0x00007ff4d0853b18>:0x00007ff4cd601750>):
    3: <%= @parks.each do |park| %>
    4: 
    5: <p>
    6:   <%= link_to park.name, park_path(planet.id) %>
    7: </p>
    8: <% end %>
    9: 
  
app/views/parks/index.html.erb:6:in `block in _app_views_parks_index_html_erb___2168424155503874189_70344697188540'
app/views/parks/index.html.erb:3:in `_app_views_parks_index_html_erb___2168424155503874189_70344697188540'
Started GET "/" for 127.0.0.1 at 2017-11-21 20:07:46 +1100
Processing by ParksController#index as HTML
  Rendering parks/index.html.erb within layouts/application
  [1m[36mPark Load (0.2ms)[0m  [1m[34mSELECT "parks".* FROM "parks"[0m
  Rendered parks/index.html.erb within layouts/application (1.7ms)
Completed 200 OK in 22ms (Views: 18.8ms | ActiveRecord: 0.2ms)


Started GET "/parks/4" for 127.0.0.1 at 2017-11-21 20:07:47 +1100
Processing by ParksController#profile as HTML
  Parameters: {"id"=>"4"}
  Rendering parks/profile.html.erb within layouts/application
  Rendered parks/profile.html.erb within layouts/application (0.3ms)
Completed 200 OK in 26ms (Views: 23.0ms | ActiveRecord: 0.0ms)


Started GET "/" for 127.0.0.1 at 2017-11-21 20:08:29 +1100
Processing by ParksController#index as HTML
  Rendering parks/index.html.erb within layouts/application
  [1m[36mPark Load (0.2ms)[0m  [1m[34mSELECT "parks".* FROM "parks"[0m
  Rendered parks/index.html.erb within layouts/application (1.6ms)
Completed 200 OK in 25ms (Views: 22.0ms | ActiveRecord: 0.2ms)


Started GET "/" for 127.0.0.1 at 2017-11-21 20:12:28 +1100
Processing by ParksController#index as HTML
Completed 500 Internal Server Error in 3ms


  
NoMethodError (undefined method `name=' for nil:NilClass):
  
app/controllers/parks_controller.rb:3:in `index'
Started GET "/" for 127.0.0.1 at 2017-11-21 20:12:38 +1100
Processing by ParksController#index as HTML
Completed 500 Internal Server Error in 5ms


  
NoMethodError (undefined method `name=' for nil:NilClass):
  
app/controllers/parks_controller.rb:3:in `index'
Started GET "/" for 127.0.0.1 at 2017-11-21 20:13:21 +1100
Processing by ParksController#index as HTML
  Rendering parks/index.html.erb within layouts/application
  Rendered parks/index.html.erb within layouts/application (2.9ms)
Completed 500 Internal Server Error in 12ms


  
ActionView::Template::Error (undefined method `name' for nil:NilClass):
    1: <h2>National Parks in the United States of America</h2>
    2: 
    3: <%= @parks.name.each do |park| %>
    4: 
    5: <p>
    6:   <%= link_to park.name, park_path(park.id) %>
  
app/views/parks/index.html.erb:3:in `_app_views_parks_index_html_erb___2168424155503874189_70344724515040'
Started GET "/" for 127.0.0.1 at 2017-11-21 20:13:32 +1100
Processing by ParksController#index as HTML
  Rendering parks/index.html.erb within layouts/application
  Rendered parks/index.html.erb within layouts/application (3.7ms)
Completed 500 Internal Server Error in 15ms


  
ActionView::Template::Error (undefined method `each' for "Park":String):
    1: <h2>National Parks in the United States of America</h2>
    2: 
    3: <%= @park.name.each do |park| %>
    4: 
    5: <p>
    6:   <%= link_to park.name, park_path(park.id) %>
  
app/views/parks/index.html.erb:3:in `_app_views_parks_index_html_erb___2168424155503874189_70344733946300'
Started GET "/" for 127.0.0.1 at 2017-11-21 20:13:43 +1100
Processing by ParksController#index as HTML
  Rendering parks/index.html.erb within layouts/application
  [1m[36mPark Load (0.1ms)[0m  [1m[34mSELECT "parks".* FROM "parks"[0m
  Rendered parks/index.html.erb within layouts/application (8.5ms)
Completed 500 Internal Server Error in 19ms (ActiveRecord: 0.7ms)


  
ActionView::Template::Error (no implicit conversion of Symbol into Integer):
    1: <h2>National Parks in the United States of America</h2>
    2: 
    3: <%= @park[:name].each do |park| %>
    4: 
    5: <p>
    6:   <%= link_to park.name, park_path(park.id) %>
  
app/views/parks/index.html.erb:3:in `_app_views_parks_index_html_erb___2168424155503874189_70344723877980'
Started GET "/" for 127.0.0.1 at 2017-11-21 20:13:56 +1100
Processing by ParksController#index as HTML
  Rendering parks/index.html.erb within layouts/application
  [1m[36mPark Load (0.2ms)[0m  [1m[34mSELECT "parks".* FROM "parks"[0m
  Rendered parks/index.html.erb within layouts/application (3.6ms)
Completed 500 Internal Server Error in 14ms (ActiveRecord: 0.2ms)


  
ActionView::Template::Error (no implicit conversion of String into Integer):
    1: <h2>National Parks in the United States of America</h2>
    2: 
    3: <%= @park['name'].each do |park| %>
    4: 
    5: <p>
    6:   <%= link_to park.name, park_path(park.id) %>
  
app/views/parks/index.html.erb:3:in `_app_views_parks_index_html_erb___2168424155503874189_70344727549020'
Started GET "/" for 127.0.0.1 at 2017-11-21 20:14:00 +1100
Processing by ParksController#index as HTML
  Rendering parks/index.html.erb within layouts/application
  Rendered parks/index.html.erb within layouts/application (4.8ms)
Completed 500 Internal Server Error in 13ms (ActiveRecord: 0.0ms)


  
ActionView::Template::Error (undefined method `[]' for nil:NilClass):
    1: <h2>National Parks in the United States of America</h2>
    2: 
    3: <%= @parks['name'].each do |park| %>
    4: 
    5: <p>
    6:   <%= link_to park.name, park_path(park.id) %>
  
app/views/parks/index.html.erb:3:in `_app_views_parks_index_html_erb___2168424155503874189_70344697173880'
Started GET "/" for 127.0.0.1 at 2017-11-21 20:14:10 +1100
Processing by ParksController#index as HTML
  Rendering parks/index.html.erb within layouts/application
  Rendered parks/index.html.erb within layouts/application (3.5ms)
Completed 500 Internal Server Error in 14ms (ActiveRecord: 0.0ms)


  
ActionView::Template::Error (undefined method `each' for nil:NilClass):
    1: <h2>National Parks in the United States of America</h2>
    2: 
    3: <%= @parks.each do |park| %>
    4: 
    5: <p>
    6:   <%= link_to park.name, park_path(park.id) %>
  
app/views/parks/index.html.erb:3:in `_app_views_parks_index_html_erb___2168424155503874189_70344733653260'
Started GET "/" for 127.0.0.1 at 2017-11-21 20:14:16 +1100
Processing by ParksController#index as HTML
  Rendering parks/index.html.erb within layouts/application
  [1m[36mPark Load (0.2ms)[0m  [1m[34mSELECT "parks".* FROM "parks"[0m
  Rendered parks/index.html.erb within layouts/application (3.4ms)
Completed 200 OK in 20ms (Views: 17.5ms | ActiveRecord: 0.2ms)


Started GET "/" for 127.0.0.1 at 2017-11-21 22:02:11 +1100
Processing by ParksController#index as HTML
  Rendering parks/index.html.erb within layouts/application
  [1m[36mPark Load (0.1ms)[0m  [1m[34mSELECT "parks".* FROM "parks"[0m
  Rendered parks/index.html.erb within layouts/application (7.3ms)
Completed 200 OK in 34ms (Views: 30.6ms | ActiveRecord: 0.7ms)


Started GET "/parks/1" for 127.0.0.1 at 2017-11-21 22:02:12 +1100
Processing by ParksController#profile as HTML
  Parameters: {"id"=>"1"}
  [1m[36mPark Load (0.2ms)[0m  [1m[34mSELECT  "parks".* FROM "parks" WHERE "parks"."id" = ? LIMIT ?[0m  [["id", 1], ["LIMIT", 1]]
  Rendering parks/profile.html.erb within layouts/application
  Rendered parks/profile.html.erb within layouts/application (0.2ms)
Completed 200 OK in 23ms (Views: 14.5ms | ActiveRecord: 0.2ms)


Started GET "/new" for 127.0.0.1 at 2017-11-21 22:02:30 +1100
  
ActionController::RoutingError (No route matches [GET] "/new"):
  
actionpack (5.1.4) lib/action_dispatch/middleware/debug_exceptions.rb:63:in `call'
web-console (3.5.1) lib/web_console/middleware.rb:135:in `call_app'
web-console (3.5.1) lib/web_console/middleware.rb:28:in `block in call'
web-console (3.5.1) lib/web_console/middleware.rb:18:in `catch'
web-console (3.5.1) lib/web_console/middleware.rb:18:in `call'
actionpack (5.1.4) lib/action_dispatch/middleware/show_exceptions.rb:31:in `call'
railties (5.1.4) lib/rails/rack/logger.rb:36:in `call_app'
railties (5.1.4) lib/rails/rack/logger.rb:24:in `block in call'
activesupport (5.1.4) lib/active_support/tagged_logging.rb:69:in `block in tagged'
activesupport (5.1.4) lib/active_support/tagged_logging.rb:26:in `tagged'
activesupport (5.1.4) lib/active_support/tagged_logging.rb:69:in `tagged'
railties (5.1.4) lib/rails/rack/logger.rb:24:in `call'
sprockets-rails (3.2.1) lib/sprockets/rails/quiet_assets.rb:13:in `call'
actionpack (5.1.4) lib/action_dispatch/middleware/remote_ip.rb:79:in `call'
actionpack (5.1.4) lib/action_dispatch/middleware/request_id.rb:25:in `call'
rack (2.0.3) lib/rack/method_override.rb:22:in `call'
rack (2.0.3) lib/rack/runtime.rb:22:in `call'
activesupport (5.1.4) lib/active_support/cache/strategy/local_cache_middleware.rb:27:in `call'
actionpack (5.1.4) lib/action_dispatch/middleware/executor.rb:12:in `call'
actionpack (5.1.4) lib/action_dispatch/middleware/static.rb:125:in `call'
rack (2.0.3) lib/rack/sendfile.rb:111:in `call'
railties (5.1.4) lib/rails/engine.rb:522:in `call'
puma (3.11.0) lib/puma/configuration.rb:225:in `call'
puma (3.11.0) lib/puma/server.rb:624:in `handle_request'
puma (3.11.0) lib/puma/server.rb:438:in `process_client'
puma (3.11.0) lib/puma/server.rb:302:in `block in run'
puma (3.11.0) lib/puma/thread_pool.rb:120:in `block in spawn_thread'
Started GET "/parks/new" for 127.0.0.1 at 2017-11-21 22:03:49 +1100
Processing by ParksController#new as HTML
  Rendering parks/new.html.erb within layouts/application
  Rendered parks/new.html.erb within layouts/application (0.3ms)
Completed 200 OK in 18ms (Views: 14.8ms | ActiveRecord: 0.0ms)


Started GET "/parks/1" for 127.0.0.1 at 2017-11-21 22:04:01 +1100
Processing by ParksController#profile as HTML
  Parameters: {"id"=>"1"}
  [1m[36mPark Load (0.1ms)[0m  [1m[34mSELECT  "parks".* FROM "parks" WHERE "parks"."id" = ? LIMIT ?[0m  [["id", 1], ["LIMIT", 1]]
  Rendering parks/profile.html.erb within layouts/application
  Rendered parks/profile.html.erb within layouts/application (0.3ms)
Completed 200 OK in 15ms (Views: 12.4ms | ActiveRecord: 0.1ms)


Started GET "/parks/1/edit" for 127.0.0.1 at 2017-11-21 22:04:05 +1100
Processing by ParksController#edit as HTML
  Parameters: {"id"=>"1"}
  [1m[36mPark Load (0.1ms)[0m  [1m[34mSELECT  "parks".* FROM "parks" WHERE "parks"."id" = ? LIMIT ?[0m  [["id", 1], ["LIMIT", 1]]
  Rendering parks/edit.html.erb within layouts/application
  Rendered parks/edit.html.erb within layouts/application (0.3ms)
Completed 200 OK in 16ms (Views: 12.6ms | ActiveRecord: 0.1ms)


Started GET "/parks/1/edit" for 127.0.0.1 at 2017-11-21 22:11:44 +1100
Processing by ParksController#edit as HTML
  Parameters: {"id"=>"1"}
  [1m[36mPark Load (0.1ms)[0m  [1m[34mSELECT  "parks".* FROM "parks" WHERE "parks"."id" = ? LIMIT ?[0m  [["id", 1], ["LIMIT", 1]]
  Rendering parks/edit.html.erb within layouts/application
  Rendered parks/edit.html.erb within layouts/application (123.6ms)
Completed 500 Internal Server Error in 133ms (ActiveRecord: 0.1ms)


  
ActionView::Template::Error (undefined local variable or method `park' for #<#<Class:0x00007ff4d287b530>:0x00007ff4d1e45c00>
Did you mean?  @park):
    1: <h2>Edit park</h2>
    2: 
    3: <form action="<%= park_path(park.id) %>" method='post'>
    4:   Name: <input type="text" name="name" value="<%=  @park.name %>" autofocus>
    5:   State: <input type="text" name="state" value="<%= @park.state %>">
    6:   Nearest city: <input type="text" name="nearest_city" value="<%= @park.nearest_city %>">
  
app/views/parks/edit.html.erb:3:in `_app_views_parks_edit_html_erb___404416190503795951_70344735077120'
Started GET "/parks/1/edit" for 127.0.0.1 at 2017-11-21 22:12:38 +1100
Processing by ParksController#edit as HTML
  Parameters: {"id"=>"1"}
  [1m[36mPark Load (0.3ms)[0m  [1m[34mSELECT  "parks".* FROM "parks" WHERE "parks"."id" = ? LIMIT ?[0m  [["id", 1], ["LIMIT", 1]]
  Rendering parks/edit.html.erb within layouts/application
  Rendered parks/edit.html.erb within layouts/application (0.5ms)
Completed 200 OK in 17ms (Views: 13.3ms | ActiveRecord: 0.3ms)


Started POST "/parks/1" for 127.0.0.1 at 2017-11-21 22:19:06 +1100
Processing by ParksController#update as HTML
  Parameters: {"name"=>"Grand Canyon", "state"=>"Arizona", "nearest_city"=>"Tusayan", "size"=>"4926.0", "image"=>"https://www.amtrakvacations.com/content/uploads/2015/12/grand-canyon-1024x398.jpg", "id"=>"1"}
Can't verify CSRF token authenticity.
Completed 422 Unprocessable Entity in 1ms (ActiveRecord: 0.0ms)


  
ActionController::InvalidAuthenticityToken (ActionController::InvalidAuthenticityToken):
  
actionpack (5.1.4) lib/action_controller/metal/request_forgery_protection.rb:195:in `handle_unverified_request'
actionpack (5.1.4) lib/action_controller/metal/request_forgery_protection.rb:227:in `handle_unverified_request'
actionpack (5.1.4) lib/action_controller/metal/request_forgery_protection.rb:222:in `verify_authenticity_token'
activesupport (5.1.4) lib/active_support/callbacks.rb:413:in `block in make_lambda'
activesupport (5.1.4) lib/active_support/callbacks.rb:197:in `block (2 levels) in halting'
actionpack (5.1.4) lib/abstract_controller/callbacks.rb:12:in `block (2 levels) in <module:Callbacks>'
activesupport (5.1.4) lib/active_support/callbacks.rb:198:in `block in halting'
activesupport (5.1.4) lib/active_support/callbacks.rb:507:in `block in invoke_before'
activesupport (5.1.4) lib/active_support/callbacks.rb:507:in `each'
activesupport (5.1.4) lib/active_support/callbacks.rb:507:in `invoke_before'
activesupport (5.1.4) lib/active_support/callbacks.rb:130:in `run_callbacks'
actionpack (5.1.4) lib/abstract_controller/callbacks.rb:19:in `process_action'
actionpack (5.1.4) lib/action_controller/metal/rescue.rb:20:in `process_action'
actionpack (5.1.4) lib/action_controller/metal/instrumentation.rb:32:in `block in process_action'
activesupport (5.1.4) lib/active_support/notifications.rb:166:in `block in instrument'
activesupport (5.1.4) lib/active_support/notifications/instrumenter.rb:21:in `instrument'
activesupport (5.1.4) lib/active_support/notifications.rb:166:in `instrument'
actionpack (5.1.4) lib/action_controller/metal/instrumentation.rb:30:in `process_action'
actionpack (5.1.4) lib/action_controller/metal/params_wrapper.rb:252:in `process_action'
activerecord (5.1.4) lib/active_record/railties/controller_runtime.rb:22:in `process_action'
actionpack (5.1.4) lib/abstract_controller/base.rb:124:in `process'
actionview (5.1.4) lib/action_view/rendering.rb:30:in `process'
actionpack (5.1.4) lib/action_controller/metal.rb:189:in `dispatch'
actionpack (5.1.4) lib/action_controller/metal.rb:253:in `dispatch'
actionpack (5.1.4) lib/action_dispatch/routing/route_set.rb:49:in `dispatch'
actionpack (5.1.4) lib/action_dispatch/routing/route_set.rb:31:in `serve'
actionpack (5.1.4) lib/action_dispatch/journey/router.rb:50:in `block in serve'
actionpack (5.1.4) lib/action_dispatch/journey/router.rb:33:in `each'
actionpack (5.1.4) lib/action_dispatch/journey/router.rb:33:in `serve'
actionpack (5.1.4) lib/action_dispatch/routing/route_set.rb:834:in `call'
rack (2.0.3) lib/rack/etag.rb:25:in `call'
rack (2.0.3) lib/rack/conditional_get.rb:38:in `call'
rack (2.0.3) lib/rack/head.rb:12:in `call'
rack (2.0.3) lib/rack/session/abstract/id.rb:232:in `context'
rack (2.0.3) lib/rack/session/abstract/id.rb:226:in `call'
actionpack (5.1.4) lib/action_dispatch/middleware/cookies.rb:613:in `call'
activerecord (5.1.4) lib/active_record/migration.rb:556:in `call'
actionpack (5.1.4) lib/action_dispatch/middleware/callbacks.rb:26:in `block in call'
activesupport (5.1.4) lib/active_support/callbacks.rb:97:in `run_callbacks'
actionpack (5.1.4) lib/action_dispatch/middleware/callbacks.rb:24:in `call'
actionpack (5.1.4) lib/action_dispatch/middleware/executor.rb:12:in `call'
actionpack (5.1.4) lib/action_dispatch/middleware/debug_exceptions.rb:59:in `call'
web-console (3.5.1) lib/web_console/middleware.rb:135:in `call_app'
web-console (3.5.1) lib/web_console/middleware.rb:28:in `block in call'
web-console (3.5.1) lib/web_console/middleware.rb:18:in `catch'
web-console (3.5.1) lib/web_console/middleware.rb:18:in `call'
actionpack (5.1.4) lib/action_dispatch/middleware/show_exceptions.rb:31:in `call'
railties (5.1.4) lib/rails/rack/logger.rb:36:in `call_app'
railties (5.1.4) lib/rails/rack/logger.rb:24:in `block in call'
activesupport (5.1.4) lib/active_support/tagged_logging.rb:69:in `block in tagged'
activesupport (5.1.4) lib/active_support/tagged_logging.rb:26:in `tagged'
activesupport (5.1.4) lib/active_support/tagged_logging.rb:69:in `tagged'
railties (5.1.4) lib/rails/rack/logger.rb:24:in `call'
sprockets-rails (3.2.1) lib/sprockets/rails/quiet_assets.rb:13:in `call'
actionpack (5.1.4) lib/action_dispatch/middleware/remote_ip.rb:79:in `call'
actionpack (5.1.4) lib/action_dispatch/middleware/request_id.rb:25:in `call'
rack (2.0.3) lib/rack/method_override.rb:22:in `call'
rack (2.0.3) lib/rack/runtime.rb:22:in `call'
activesupport (5.1.4) lib/active_support/cache/strategy/local_cache_middleware.rb:27:in `call'
actionpack (5.1.4) lib/action_dispatch/middleware/executor.rb:12:in `call'
actionpack (5.1.4) lib/action_dispatch/middleware/static.rb:125:in `call'
rack (2.0.3) lib/rack/sendfile.rb:111:in `call'
railties (5.1.4) lib/rails/engine.rb:522:in `call'
puma (3.11.0) lib/puma/configuration.rb:225:in `call'
puma (3.11.0) lib/puma/server.rb:624:in `handle_request'
puma (3.11.0) lib/puma/server.rb:438:in `process_client'
puma (3.11.0) lib/puma/server.rb:302:in `block in run'
puma (3.11.0) lib/puma/thread_pool.rb:120:in `block in spawn_thread'
Started POST "/parks/1" for 127.0.0.1 at 2017-11-21 22:20:38 +1100
Processing by ParksController#update as HTML
  Parameters: {"name"=>"Grand Canyon", "state"=>"Arizona", "nearest_city"=>"Tusayan", "size"=>"4926.0", "image"=>"https://www.amtrakvacations.com/content/uploads/2015/12/grand-canyon-1024x398.jpg", "id"=>"1"}
  [1m[36mPark Load (0.1ms)[0m  [1m[34mSELECT  "parks".* FROM "parks" WHERE "parks"."id" = ? LIMIT ?[0m  [["id", 1], ["LIMIT", 1]]
Completed 500 Internal Server Error in 80ms (ActiveRecord: 0.7ms)


  
NameError (undefined local variable or method `park' for #<ParksController:0x00007ff4d1d29c68>
Did you mean?  @park):
  
app/controllers/parks_controller.rb:32:in `update'
Started POST "/parks/1" for 127.0.0.1 at 2017-11-21 22:21:35 +1100
Processing by ParksController#update as HTML
  Parameters: {"name"=>"Grand Canyon", "state"=>"Arizona", "nearest_city"=>"Tusayan", "size"=>"4926.0", "image"=>"https://www.amtrakvacations.com/content/uploads/2015/12/grand-canyon-1024x398.jpg", "id"=>"1"}
  [1m[36mPark Load (0.2ms)[0m  [1m[34mSELECT  "parks".* FROM "parks" WHERE "parks"."id" = ? LIMIT ?[0m  [["id", 1], ["LIMIT", 1]]
  [1m[35m (0.0ms)[0m  [1m[36mbegin transaction[0m
  [1m[35mSQL (0.3ms)[0m  [1m[33mUPDATE "parks" SET "image" = ? WHERE "parks"."id" = ?[0m  [["image", "https://www.amtrakvacations.com/content/uploads/2015/12/grand-canyon-1024x398.jpg"], ["id", 1]]
  [1m[35m (5.9ms)[0m  [1m[36mcommit transaction[0m
Redirected to http://localhost:3000/parks/1
Completed 302 Found in 20ms (ActiveRecord: 7.2ms)


Started GET "/parks/1" for 127.0.0.1 at 2017-11-21 22:21:35 +1100
Processing by ParksController#profile as HTML
  Parameters: {"id"=>"1"}
  [1m[36mPark Load (0.1ms)[0m  [1m[34mSELECT  "parks".* FROM "parks" WHERE "parks"."id" = ? LIMIT ?[0m  [["id", 1], ["LIMIT", 1]]
  Rendering parks/profile.html.erb within layouts/application
  Rendered parks/profile.html.erb within layouts/application (0.3ms)
Completed 200 OK in 25ms (Views: 21.2ms | ActiveRecord: 0.1ms)


Started GET "/parks/1" for 127.0.0.1 at 2017-11-21 22:23:15 +1100
Processing by ParksController#profile as HTML
  Parameters: {"id"=>"1"}
  [1m[36mPark Load (0.1ms)[0m  [1m[34mSELECT  "parks".* FROM "parks" WHERE "parks"."id" = ? LIMIT ?[0m  [["id", 1], ["LIMIT", 1]]
  Rendering parks/profile.html.erb within layouts/application
  Rendered parks/profile.html.erb within layouts/application (0.3ms)
Completed 200 OK in 26ms (Views: 15.9ms | ActiveRecord: 0.6ms)


Started GET "/parks" for 127.0.0.1 at 2017-11-21 22:23:20 +1100
Processing by ParksController#index as HTML
  Rendering parks/index.html.erb within layouts/application
  Rendered parks/index.html.erb within layouts/application (2.8ms)
Completed 500 Internal Server Error in 12ms (ActiveRecord: 0.0ms)


  
ActionView::Template::Error (undefined method `each' for nil:NilClass):
    1: <h2>National Parks in the United States of America</h2>
    2: 
    3: <%= @park.each do |park| %>
    4: 
    5: <p>
    6:   <%= link_to park.name, park_path(park.id) %>
  
app/views/parks/index.html.erb:3:in `_app_views_parks_index_html_erb___2168424155503874189_70344741083480'
Started GET "/parks" for 127.0.0.1 at 2017-11-21 22:23:54 +1100
Processing by ParksController#index as HTML
  Rendering parks/index.html.erb within layouts/application
  [1m[36mPark Load (0.2ms)[0m  [1m[34mSELECT "parks".* FROM "parks"[0m
  Rendered parks/index.html.erb within layouts/application (1.6ms)
Completed 200 OK in 18ms (Views: 14.5ms | ActiveRecord: 0.2ms)


Started GET "/parks/1" for 127.0.0.1 at 2017-11-21 22:33:43 +1100
Processing by ParksController#profile as HTML
  Parameters: {"id"=>"1"}
  [1m[36mPark Load (0.1ms)[0m  [1m[34mSELECT  "parks".* FROM "parks" WHERE "parks"."id" = ? LIMIT ?[0m  [["id", 1], ["LIMIT", 1]]
  Rendering parks/profile.html.erb within layouts/application
  Rendered parks/profile.html.erb within layouts/application (0.3ms)
Completed 200 OK in 18ms (Views: 14.2ms | ActiveRecord: 0.1ms)


Started GET "/rails/info/routes" for 127.0.0.1 at 2017-11-21 22:37:21 +1100
Processing by Rails::InfoController#routes as HTML
  Rendering /Users/liz/.rbenv/versions/2.4.2/lib/ruby/gems/2.4.0/gems/railties-5.1.4/lib/rails/templates/rails/info/routes.html.erb within layouts/application
  Rendered collection of /Users/liz/.rbenv/versions/2.4.2/lib/ruby/gems/2.4.0/gems/actionpack-5.1.4/lib/action_dispatch/middleware/templates/routes/_route.html.erb [8 times] (1.9ms)
  Rendered /Users/liz/.rbenv/versions/2.4.2/lib/ruby/gems/2.4.0/gems/actionpack-5.1.4/lib/action_dispatch/middleware/templates/routes/_table.html.erb (0.8ms)
  Rendered /Users/liz/.rbenv/versions/2.4.2/lib/ruby/gems/2.4.0/gems/railties-5.1.4/lib/rails/templates/rails/info/routes.html.erb within layouts/application (7.7ms)
Completed 200 OK in 23ms (Views: 16.4ms | ActiveRecord: 0.0ms)


Started GET "/parks" for 127.0.0.1 at 2017-11-21 22:37:23 +1100
Processing by ParksController#index as HTML
  Rendering parks/index.html.erb within layouts/application
  [1m[36mPark Load (0.2ms)[0m  [1m[34mSELECT "parks".* FROM "parks"[0m
  Rendered parks/index.html.erb within layouts/application (1.6ms)
Completed 200 OK in 19ms (Views: 16.6ms | ActiveRecord: 0.2ms)


Started GET "/parks/1" for 127.0.0.1 at 2017-11-21 22:37:25 +1100
Processing by ParksController#profile as HTML
  Parameters: {"id"=>"1"}
  [1m[36mPark Load (0.2ms)[0m  [1m[34mSELECT  "parks".* FROM "parks" WHERE "parks"."id" = ? LIMIT ?[0m  [["id", 1], ["LIMIT", 1]]
  Rendering parks/profile.html.erb within layouts/application
  Rendered parks/profile.html.erb within layouts/application (0.6ms)
Completed 500 Internal Server Error in 12ms (ActiveRecord: 0.2ms)


  
SyntaxError (/Users/liz/Projects/wdi-24/WDi24-Homework/elizabeth_lai/week_05/day_02/high_places/app/views/parks/profile.html.erb:3: syntax error, unexpected =>, expecting &. or :: or '[' or '.'
ge_tag (@park.image, :class => 'gc') unless @planet.image.bl
                              ^
/Users/liz/Projects/wdi-24/WDi24-Homework/elizabeth_lai/week_05/day_02/high_places/app/views/parks/profile.html.erb:3: syntax error, unexpected ')', expecting keyword_end
 unless @planet.image.blank? );@output_buffer.safe_append='
                              ^):
  
app/views/parks/profile.html.erb:3: syntax error, unexpected =>, expecting &. or :: or '[' or '.'
app/views/parks/profile.html.erb:3: syntax error, unexpected ')', expecting keyword_end
Started GET "/parks/1" for 127.0.0.1 at 2017-11-21 22:38:14 +1100
Processing by ParksController#profile as HTML
  Parameters: {"id"=>"1"}
  [1m[36mPark Load (0.3ms)[0m  [1m[34mSELECT  "parks".* FROM "parks" WHERE "parks"."id" = ? LIMIT ?[0m  [["id", 1], ["LIMIT", 1]]
  Rendering parks/profile.html.erb within layouts/application
  Rendered parks/profile.html.erb within layouts/application (1.2ms)
Completed 200 OK in 23ms (Views: 19.0ms | ActiveRecord: 0.3ms)


Started GET "/parks/1" for 127.0.0.1 at 2017-11-21 22:40:10 +1100
Processing by ParksController#profile as HTML
  Parameters: {"id"=>"1"}
  [1m[36mPark Load (0.1ms)[0m  [1m[34mSELECT  "parks".* FROM "parks" WHERE "parks"."id" = ? LIMIT ?[0m  [["id", 1], ["LIMIT", 1]]
  Rendering parks/profile.html.erb within layouts/application
  Rendered parks/profile.html.erb within layouts/application (1.2ms)
Completed 200 OK in 18ms (Views: 14.5ms | ActiveRecord: 0.1ms)


Started GET "/parks/1" for 127.0.0.1 at 2017-11-21 22:40:23 +1100
Processing by ParksController#profile as HTML
  Parameters: {"id"=>"1"}
  [1m[36mPark Load (0.1ms)[0m  [1m[34mSELECT  "parks".* FROM "parks" WHERE "parks"."id" = ? LIMIT ?[0m  [["id", 1], ["LIMIT", 1]]
  Rendering parks/profile.html.erb within layouts/application
  Rendered parks/profile.html.erb within layouts/application (1.1ms)
Completed 200 OK in 16ms (Views: 13.6ms | ActiveRecord: 0.1ms)


Started GET "/parks/1" for 127.0.0.1 at 2017-11-21 22:40:54 +1100
Processing by ParksController#profile as HTML
  Parameters: {"id"=>"1"}
  [1m[36mPark Load (0.1ms)[0m  [1m[34mSELECT  "parks".* FROM "parks" WHERE "parks"."id" = ? LIMIT ?[0m  [["id", 1], ["LIMIT", 1]]
  Rendering parks/profile.html.erb within layouts/application
  Rendered parks/profile.html.erb within layouts/application (0.8ms)
Completed 200 OK in 17ms (Views: 14.0ms | ActiveRecord: 0.1ms)


Started GET "/parks/1" for 127.0.0.1 at 2017-11-21 22:41:09 +1100
Processing by ParksController#profile as HTML
  Parameters: {"id"=>"1"}
  [1m[36mPark Load (0.1ms)[0m  [1m[34mSELECT  "parks".* FROM "parks" WHERE "parks"."id" = ? LIMIT ?[0m  [["id", 1], ["LIMIT", 1]]
  Rendering parks/profile.html.erb within layouts/application
  Rendered parks/profile.html.erb within layouts/application (0.9ms)
Completed 200 OK in 17ms (Views: 14.0ms | ActiveRecord: 0.1ms)


Started GET "/parks/1" for 127.0.0.1 at 2017-11-21 22:44:50 +1100
Processing by ParksController#profile as HTML
  Parameters: {"id"=>"1"}
  [1m[36mPark Load (0.1ms)[0m  [1m[34mSELECT  "parks".* FROM "parks" WHERE "parks"."id" = ? LIMIT ?[0m  [["id", 1], ["LIMIT", 1]]
  Rendering parks/profile.html.erb within layouts/application
  Rendered parks/profile.html.erb within layouts/application (0.8ms)
Completed 200 OK in 44ms (Views: 40.0ms | ActiveRecord: 0.1ms)


Started GET "/parks" for 127.0.0.1 at 2017-11-21 22:45:58 +1100
Processing by ParksController#index as HTML
  Rendering parks/index.html.erb within layouts/application
  [1m[36mPark Load (0.2ms)[0m  [1m[34mSELECT "parks".* FROM "parks"[0m
  Rendered parks/index.html.erb within layouts/application (1.9ms)
Completed 200 OK in 20ms (Views: 16.8ms | ActiveRecord: 0.2ms)


Started GET "/parks/2" for 127.0.0.1 at 2017-11-21 22:45:59 +1100
Processing by ParksController#profile as HTML
  Parameters: {"id"=>"2"}
  [1m[36mPark Load (0.1ms)[0m  [1m[34mSELECT  "parks".* FROM "parks" WHERE "parks"."id" = ? LIMIT ?[0m  [["id", 2], ["LIMIT", 1]]
  Rendering parks/profile.html.erb within layouts/application
  Rendered parks/profile.html.erb within layouts/application (0.7ms)
Completed 200 OK in 19ms (Views: 14.9ms | ActiveRecord: 0.1ms)


Started GET "/parks/4" for 127.0.0.1 at 2017-11-21 22:46:04 +1100
Processing by ParksController#profile as HTML
  Parameters: {"id"=>"4"}
  [1m[36mPark Load (0.2ms)[0m  [1m[34mSELECT  "parks".* FROM "parks" WHERE "parks"."id" = ? LIMIT ?[0m  [["id", 4], ["LIMIT", 1]]
  Rendering parks/profile.html.erb within layouts/application
  Rendered parks/profile.html.erb within layouts/application (0.9ms)
Completed 200 OK in 21ms (Views: 15.6ms | ActiveRecord: 0.2ms)


Started GET "/parks/4" for 127.0.0.1 at 2017-11-21 22:46:39 +1100
Processing by ParksController#profile as HTML
  Parameters: {"id"=>"4"}
  [1m[36mPark Load (0.1ms)[0m  [1m[34mSELECT  "parks".* FROM "parks" WHERE "parks"."id" = ? LIMIT ?[0m  [["id", 4], ["LIMIT", 1]]
  Rendering parks/profile.html.erb within layouts/application
  Rendered parks/profile.html.erb within layouts/application (0.9ms)
Completed 200 OK in 18ms (Views: 14.9ms | ActiveRecord: 0.1ms)


Started GET "/parks/4" for 127.0.0.1 at 2017-11-21 22:48:46 +1100
Processing by ParksController#profile as HTML
  Parameters: {"id"=>"4"}
  [1m[36mPark Load (0.2ms)[0m  [1m[34mSELECT  "parks".* FROM "parks" WHERE "parks"."id" = ? LIMIT ?[0m  [["id", 4], ["LIMIT", 1]]
  Rendering parks/profile.html.erb within layouts/application
  Rendered parks/profile.html.erb within layouts/application (0.8ms)
Completed 200 OK in 18ms (Views: 14.8ms | ActiveRecord: 0.2ms)


Started GET "/parks/new" for 127.0.0.1 at 2017-11-21 22:48:48 +1100
Processing by ParksController#new as HTML
  Rendering parks/new.html.erb within layouts/application
  Rendered parks/new.html.erb within layouts/application (0.3ms)
Completed 200 OK in 21ms (Views: 16.0ms | ActiveRecord: 0.0ms)


Started GET "/" for 127.0.0.1 at 2017-11-21 22:48:49 +1100
Processing by ParksController#index as HTML
  Rendering parks/index.html.erb within layouts/application
  [1m[36mPark Load (0.1ms)[0m  [1m[34mSELECT "parks".* FROM "parks"[0m
  Rendered parks/index.html.erb within layouts/application (1.8ms)
Completed 200 OK in 20ms (Views: 15.9ms | ActiveRecord: 0.1ms)


Started GET "/parks/3" for 127.0.0.1 at 2017-11-21 22:58:23 +1100
Processing by ParksController#profile as HTML
  Parameters: {"id"=>"3"}
  [1m[36mPark Load (0.1ms)[0m  [1m[34mSELECT  "parks".* FROM "parks" WHERE "parks"."id" = ? LIMIT ?[0m  [["id", 3], ["LIMIT", 1]]
  Rendering parks/profile.html.erb within layouts/application
  Rendered parks/profile.html.erb within layouts/application (0.8ms)
Completed 200 OK in 18ms (Views: 14.7ms | ActiveRecord: 0.1ms)


Started GET "/parks/3/edit" for 127.0.0.1 at 2017-11-21 22:58:24 +1100
Processing by ParksController#edit as HTML
  Parameters: {"id"=>"3"}
  [1m[36mPark Load (0.1ms)[0m  [1m[34mSELECT  "parks".* FROM "parks" WHERE "parks"."id" = ? LIMIT ?[0m  [["id", 3], ["LIMIT", 1]]
  Rendering parks/edit.html.erb within layouts/application
  Rendered parks/edit.html.erb within layouts/application (0.7ms)
Completed 200 OK in 21ms (Views: 18.2ms | ActiveRecord: 0.1ms)


Started POST "/parks/3" for 127.0.0.1 at 2017-11-21 22:58:27 +1100
Processing by ParksController#update as HTML
  Parameters: {"name"=>"Kings Canyon", "state"=>"California", "nearest_city"=>"Fresno", "size"=>"1869.25", "image"=>"https://static.thousandwonders.net/Kings.Canyon.National.Park.original.7419.jpg", "id"=>"3"}
  [1m[36mPark Load (0.1ms)[0m  [1m[34mSELECT  "parks".* FROM "parks" WHERE "parks"."id" = ? LIMIT ?[0m  [["id", 3], ["LIMIT", 1]]
  [1m[35m (0.2ms)[0m  [1m[36mbegin transaction[0m
  [1m[35mSQL (0.4ms)[0m  [1m[33mUPDATE "parks" SET "image" = ? WHERE "parks"."id" = ?[0m  [["image", "https://static.thousandwonders.net/Kings.Canyon.National.Park.original.7419.jpg"], ["id", 3]]
  [1m[35m (0.8ms)[0m  [1m[36mcommit transaction[0m
Redirected to http://localhost:3000/parks/3
Completed 302 Found in 5ms (ActiveRecord: 1.4ms)


Started GET "/parks/3" for 127.0.0.1 at 2017-11-21 22:58:27 +1100
Processing by ParksController#profile as HTML
  Parameters: {"id"=>"3"}
  [1m[36mPark Load (0.1ms)[0m  [1m[34mSELECT  "parks".* FROM "parks" WHERE "parks"."id" = ? LIMIT ?[0m  [["id", 3], ["LIMIT", 1]]
  Rendering parks/profile.html.erb within layouts/application
  Rendered parks/profile.html.erb within layouts/application (1.0ms)
Completed 200 OK in 23ms (Views: 20.7ms | ActiveRecord: 0.1ms)


Started GET "/parks/3" for 127.0.0.1 at 2017-11-21 22:59:01 +1100
Processing by ParksController#profile as HTML
  Parameters: {"id"=>"3"}
  [1m[36mPark Load (0.1ms)[0m  [1m[34mSELECT  "parks".* FROM "parks" WHERE "parks"."id" = ? LIMIT ?[0m  [["id", 3], ["LIMIT", 1]]
  Rendering parks/profile.html.erb within layouts/application
  Rendered parks/profile.html.erb within layouts/application (0.9ms)
Completed 200 OK in 26ms (Views: 22.6ms | ActiveRecord: 0.1ms)


Started GET "/parks/3" for 127.0.0.1 at 2017-11-21 22:59:27 +1100
Processing by ParksController#profile as HTML
  Parameters: {"id"=>"3"}
  [1m[36mPark Load (0.1ms)[0m  [1m[34mSELECT  "parks".* FROM "parks" WHERE "parks"."id" = ? LIMIT ?[0m  [["id", 3], ["LIMIT", 1]]
  Rendering parks/profile.html.erb within layouts/application
  Rendered parks/profile.html.erb within layouts/application (0.9ms)
Completed 200 OK in 30ms (Views: 27.0ms | ActiveRecord: 0.1ms)


Started GET "/parks/3" for 127.0.0.1 at 2017-11-21 23:00:16 +1100
Processing by ParksController#profile as HTML
  Parameters: {"id"=>"3"}
  [1m[36mPark Load (0.1ms)[0m  [1m[34mSELECT  "parks".* FROM "parks" WHERE "parks"."id" = ? LIMIT ?[0m  [["id", 3], ["LIMIT", 1]]
  Rendering parks/profile.html.erb within layouts/application
  Rendered parks/profile.html.erb within layouts/application (0.9ms)
Completed 200 OK in 28ms (Views: 24.3ms | ActiveRecord: 0.1ms)


Started GET "/parks/3" for 127.0.0.1 at 2017-11-21 23:00:27 +1100
Processing by ParksController#profile as HTML
  Parameters: {"id"=>"3"}
  [1m[36mPark Load (0.4ms)[0m  [1m[34mSELECT  "parks".* FROM "parks" WHERE "parks"."id" = ? LIMIT ?[0m  [["id", 3], ["LIMIT", 1]]
  Rendering parks/profile.html.erb within layouts/application
  Rendered parks/profile.html.erb within layouts/application (0.9ms)
Completed 200 OK in 30ms (Views: 26.4ms | ActiveRecord: 0.4ms)


Started GET "/parks/3" for 127.0.0.1 at 2017-11-21 23:00:33 +1100
Processing by ParksController#profile as HTML
  Parameters: {"id"=>"3"}
  [1m[36mPark Load (0.2ms)[0m  [1m[34mSELECT  "parks".* FROM "parks" WHERE "parks"."id" = ? LIMIT ?[0m  [["id", 3], ["LIMIT", 1]]
  Rendering parks/profile.html.erb within layouts/application
  Rendered parks/profile.html.erb within layouts/application (0.9ms)
Completed 200 OK in 27ms (Views: 23.2ms | ActiveRecord: 0.2ms)


Started GET "/" for 127.0.0.1 at 2017-11-21 23:00:37 +1100
Processing by ParksController#index as HTML
  Rendering parks/index.html.erb within layouts/application
  [1m[36mPark Load (0.1ms)[0m  [1m[34mSELECT "parks".* FROM "parks"[0m
  Rendered parks/index.html.erb within layouts/application (1.5ms)
Completed 200 OK in 25ms (Views: 18.3ms | ActiveRecord: 0.1ms)


Started GET "/parks/1" for 127.0.0.1 at 2017-11-21 23:00:39 +1100
Processing by ParksController#profile as HTML
  Parameters: {"id"=>"1"}
  [1m[36mPark Load (0.1ms)[0m  [1m[34mSELECT  "parks".* FROM "parks" WHERE "parks"."id" = ? LIMIT ?[0m  [["id", 1], ["LIMIT", 1]]
  Rendering parks/profile.html.erb within layouts/application
  Rendered parks/profile.html.erb within layouts/application (1.5ms)
Completed 200 OK in 26ms (Views: 21.2ms | ActiveRecord: 0.1ms)


Started GET "/" for 127.0.0.1 at 2017-11-21 23:02:32 +1100
Processing by ParksController#index as HTML
  Rendering parks/index.html.erb within layouts/application
  [1m[36mPark Load (0.2ms)[0m  [1m[34mSELECT "parks".* FROM "parks"[0m
  Rendered parks/index.html.erb within layouts/application (1.6ms)
Completed 200 OK in 20ms (Views: 16.8ms | ActiveRecord: 0.2ms)


Started GET "/parks/2" for 127.0.0.1 at 2017-11-21 23:02:33 +1100
Processing by ParksController#profile as HTML
  Parameters: {"id"=>"2"}
  [1m[36mPark Load (0.1ms)[0m  [1m[34mSELECT  "parks".* FROM "parks" WHERE "parks"."id" = ? LIMIT ?[0m  [["id", 2], ["LIMIT", 1]]
  Rendering parks/profile.html.erb within layouts/application
  Rendered parks/profile.html.erb within layouts/application (1.2ms)
Completed 200 OK in 20ms (Views: 15.4ms | ActiveRecord: 0.1ms)


Started GET "/parks/2/edit" for 127.0.0.1 at 2017-11-21 23:02:34 +1100
Processing by ParksController#edit as HTML
  Parameters: {"id"=>"2"}
  [1m[36mPark Load (0.1ms)[0m  [1m[34mSELECT  "parks".* FROM "parks" WHERE "parks"."id" = ? LIMIT ?[0m  [["id", 2], ["LIMIT", 1]]
  Rendering parks/edit.html.erb within layouts/application
  Rendered parks/edit.html.erb within layouts/application (0.7ms)
Completed 200 OK in 21ms (Views: 15.4ms | ActiveRecord: 0.1ms)


Started POST "/parks/2" for 127.0.0.1 at 2017-11-21 23:02:37 +1100
Processing by ParksController#update as HTML
  Parameters: {"name"=>"Yosemite", "state"=>"California", "nearest_city"=>"Mariposa", "size"=>"3027.0", "image"=>"https://assets3.thrillist.com/v1/image/1704223/size/tmg-facebook_social.jpg", "id"=>"2"}
  [1m[36mPark Load (0.1ms)[0m  [1m[34mSELECT  "parks".* FROM "parks" WHERE "parks"."id" = ? LIMIT ?[0m  [["id", 2], ["LIMIT", 1]]
  [1m[35m (0.0ms)[0m  [1m[36mbegin transaction[0m
  [1m[35mSQL (2.1ms)[0m  [1m[33mUPDATE "parks" SET "image" = ? WHERE "parks"."id" = ?[0m  [["image", "https://assets3.thrillist.com/v1/image/1704223/size/tmg-facebook_social.jpg"], ["id", 2]]
  [1m[35m (1.7ms)[0m  [1m[36mcommit transaction[0m
Redirected to http://localhost:3000/parks/2
Completed 302 Found in 7ms (ActiveRecord: 4.0ms)


Started GET "/parks/2" for 127.0.0.1 at 2017-11-21 23:02:37 +1100
Processing by ParksController#profile as HTML
  Parameters: {"id"=>"2"}
  [1m[36mPark Load (0.1ms)[0m  [1m[34mSELECT  "parks".* FROM "parks" WHERE "parks"."id" = ? LIMIT ?[0m  [["id", 2], ["LIMIT", 1]]
  Rendering parks/profile.html.erb within layouts/application
  Rendered parks/profile.html.erb within layouts/application (1.2ms)
Completed 200 OK in 26ms (Views: 23.6ms | ActiveRecord: 0.1ms)


Started GET "/" for 127.0.0.1 at 2017-11-21 23:02:40 +1100
Processing by ParksController#index as HTML
  Rendering parks/index.html.erb within layouts/application
  [1m[36mPark Load (0.3ms)[0m  [1m[34mSELECT "parks".* FROM "parks"[0m
  Rendered parks/index.html.erb within layouts/application (2.1ms)
Completed 200 OK in 22ms (Views: 18.1ms | ActiveRecord: 0.3ms)


Started GET "/parks/4" for 127.0.0.1 at 2017-11-21 23:02:42 +1100
Processing by ParksController#profile as HTML
  Parameters: {"id"=>"4"}
  [1m[36mPark Load (0.1ms)[0m  [1m[34mSELECT  "parks".* FROM "parks" WHERE "parks"."id" = ? LIMIT ?[0m  [["id", 4], ["LIMIT", 1]]
  Rendering parks/profile.html.erb within layouts/application
  Rendered parks/profile.html.erb within layouts/application (0.9ms)
Completed 200 OK in 22ms (Views: 15.6ms | ActiveRecord: 0.1ms)


Started GET "/parks/4/edit" for 127.0.0.1 at 2017-11-21 23:02:45 +1100
Processing by ParksController#edit as HTML
  Parameters: {"id"=>"4"}
  [1m[36mPark Load (0.1ms)[0m  [1m[34mSELECT  "parks".* FROM "parks" WHERE "parks"."id" = ? LIMIT ?[0m  [["id", 4], ["LIMIT", 1]]
  Rendering parks/edit.html.erb within layouts/application
  Rendered parks/edit.html.erb within layouts/application (0.7ms)
Completed 200 OK in 26ms (Views: 21.5ms | ActiveRecord: 0.1ms)


Started POST "/parks/4" for 127.0.0.1 at 2017-11-21 23:05:28 +1100
Processing by ParksController#update as HTML
  Parameters: {"name"=>"Rocky Mountain", "state"=>"Colorado", "nearest_city"=>"Estes Park, Grand Lake", "size"=>"1074.28", "image"=>"https://www.nationalparks.org/sites/default/files/RMNP%20-%20shutterstock_143431792%20%281%29.jpg", "id"=>"4"}
  [1m[36mPark Load (0.2ms)[0m  [1m[34mSELECT  "parks".* FROM "parks" WHERE "parks"."id" = ? LIMIT ?[0m  [["id", 4], ["LIMIT", 1]]
  [1m[35m (0.1ms)[0m  [1m[36mbegin transaction[0m
  [1m[35mSQL (0.3ms)[0m  [1m[33mUPDATE "parks" SET "image" = ? WHERE "parks"."id" = ?[0m  [["image", "https://www.nationalparks.org/sites/default/files/RMNP%20-%20shutterstock_143431792%20%281%29.jpg"], ["id", 4]]
  [1m[35m (5.9ms)[0m  [1m[36mcommit transaction[0m
Redirected to http://localhost:3000/parks/4
Completed 302 Found in 10ms (ActiveRecord: 6.5ms)


Started GET "/parks/4" for 127.0.0.1 at 2017-11-21 23:05:29 +1100
Processing by ParksController#profile as HTML
  Parameters: {"id"=>"4"}
  [1m[36mPark Load (0.2ms)[0m  [1m[34mSELECT  "parks".* FROM "parks" WHERE "parks"."id" = ? LIMIT ?[0m  [["id", 4], ["LIMIT", 1]]
  Rendering parks/profile.html.erb within layouts/application
  Rendered parks/profile.html.erb within layouts/application (1.0ms)
Completed 200 OK in 20ms (Views: 16.2ms | ActiveRecord: 0.2ms)


Started GET "/" for 127.0.0.1 at 2017-11-21 23:05:37 +1100
Processing by ParksController#index as HTML
  Rendering parks/index.html.erb within layouts/application
  [1m[36mPark Load (0.2ms)[0m  [1m[34mSELECT "parks".* FROM "parks"[0m
  Rendered parks/index.html.erb within layouts/application (1.8ms)
Completed 200 OK in 25ms (Views: 21.1ms | ActiveRecord: 0.2ms)


Started GET "/parks/5" for 127.0.0.1 at 2017-11-21 23:05:40 +1100
Processing by ParksController#profile as HTML
  Parameters: {"id"=>"5"}
  [1m[36mPark Load (0.2ms)[0m  [1m[34mSELECT  "parks".* FROM "parks" WHERE "parks"."id" = ? LIMIT ?[0m  [["id", 5], ["LIMIT", 1]]
  Rendering parks/profile.html.erb within layouts/application
  Rendered parks/profile.html.erb within layouts/application (0.8ms)
Completed 200 OK in 24ms (Views: 17.8ms | ActiveRecord: 0.2ms)


Started GET "/parks/5/edit" for 127.0.0.1 at 2017-11-21 23:05:41 +1100
Processing by ParksController#edit as HTML
  Parameters: {"id"=>"5"}
  [1m[36mPark Load (0.2ms)[0m  [1m[34mSELECT  "parks".* FROM "parks" WHERE "parks"."id" = ? LIMIT ?[0m  [["id", 5], ["LIMIT", 1]]
  Rendering parks/edit.html.erb within layouts/application
  Rendered parks/edit.html.erb within layouts/application (0.6ms)
Completed 200 OK in 22ms (Views: 15.7ms | ActiveRecord: 0.2ms)


Started POST "/parks/5" for 127.0.0.1 at 2017-11-21 23:06:13 +1100
Processing by ParksController#update as HTML
  Parameters: {"name"=>"Yellowstone", "state"=>"Idaho, Montana, Wyoming", "nearest_city"=>"Gardiner, Jackson, West Yellowstone", "size"=>"8991.0", "image"=>"http://cdn.yellowstoneparknet.com/images/home/summer.jpg", "id"=>"5"}
  [1m[36mPark Load (0.1ms)[0m  [1m[34mSELECT  "parks".* FROM "parks" WHERE "parks"."id" = ? LIMIT ?[0m  [["id", 5], ["LIMIT", 1]]
  [1m[35m (0.1ms)[0m  [1m[36mbegin transaction[0m
  [1m[35mSQL (0.4ms)[0m  [1m[33mUPDATE "parks" SET "image" = ? WHERE "parks"."id" = ?[0m  [["image", "http://cdn.yellowstoneparknet.com/images/home/summer.jpg"], ["id", 5]]
  [1m[35m (5.9ms)[0m  [1m[36mcommit transaction[0m
Redirected to http://localhost:3000/parks/5
Completed 302 Found in 9ms (ActiveRecord: 6.5ms)


Started GET "/parks/5" for 127.0.0.1 at 2017-11-21 23:06:13 +1100
Processing by ParksController#profile as HTML
  Parameters: {"id"=>"5"}
  [1m[36mPark Load (0.2ms)[0m  [1m[34mSELECT  "parks".* FROM "parks" WHERE "parks"."id" = ? LIMIT ?[0m  [["id", 5], ["LIMIT", 1]]
  Rendering parks/profile.html.erb within layouts/application
  Rendered parks/profile.html.erb within layouts/application (1.1ms)
Completed 200 OK in 27ms (Views: 23.6ms | ActiveRecord: 0.2ms)


Started GET "/" for 127.0.0.1 at 2017-11-21 23:06:15 +1100
Processing by ParksController#index as HTML
  Rendering parks/index.html.erb within layouts/application
  [1m[36mPark Load (0.1ms)[0m  [1m[34mSELECT "parks".* FROM "parks"[0m
  Rendered parks/index.html.erb within layouts/application (1.6ms)
Completed 200 OK in 21ms (Views: 16.8ms | ActiveRecord: 0.1ms)


Started GET "/parks/6" for 127.0.0.1 at 2017-11-21 23:06:16 +1100
Processing by ParksController#profile as HTML
  Parameters: {"id"=>"6"}
  [1m[36mPark Load (0.1ms)[0m  [1m[34mSELECT  "parks".* FROM "parks" WHERE "parks"."id" = ? LIMIT ?[0m  [["id", 6], ["LIMIT", 1]]
  Rendering parks/profile.html.erb within layouts/application
  Rendered parks/profile.html.erb within layouts/application (1.3ms)
Completed 200 OK in 26ms (Views: 20.4ms | ActiveRecord: 0.1ms)


Started GET "/parks/6/edit" for 127.0.0.1 at 2017-11-21 23:06:17 +1100
Processing by ParksController#edit as HTML
  Parameters: {"id"=>"6"}
  [1m[36mPark Load (0.3ms)[0m  [1m[34mSELECT  "parks".* FROM "parks" WHERE "parks"."id" = ? LIMIT ?[0m  [["id", 6], ["LIMIT", 1]]
  Rendering parks/edit.html.erb within layouts/application
  Rendered parks/edit.html.erb within layouts/application (0.6ms)
Completed 200 OK in 20ms (Views: 15.7ms | ActiveRecord: 0.3ms)


Started POST "/parks/6" for 127.0.0.1 at 2017-11-21 23:07:05 +1100
Processing by ParksController#update as HTML
  Parameters: {"name"=>"Zion", "state"=>"Utah", "nearest_city"=>"Springdale", "size"=>"593.3", "image"=>"https://www.sandhollowresorts.com/wp-content/uploads/2013/12/zion1.jpg", "id"=>"6"}
  [1m[36mPark Load (0.2ms)[0m  [1m[34mSELECT  "parks".* FROM "parks" WHERE "parks"."id" = ? LIMIT ?[0m  [["id", 6], ["LIMIT", 1]]
  [1m[35m (0.1ms)[0m  [1m[36mbegin transaction[0m
  [1m[35mSQL (0.4ms)[0m  [1m[33mUPDATE "parks" SET "image" = ? WHERE "parks"."id" = ?[0m  [["image", "https://www.sandhollowresorts.com/wp-content/uploads/2013/12/zion1.jpg"], ["id", 6]]
  [1m[35m (6.1ms)[0m  [1m[36mcommit transaction[0m
Redirected to http://localhost:3000/parks/6
Completed 302 Found in 10ms (ActiveRecord: 6.8ms)


Started GET "/parks/6" for 127.0.0.1 at 2017-11-21 23:07:05 +1100
Processing by ParksController#profile as HTML
  Parameters: {"id"=>"6"}
  [1m[36mPark Load (0.2ms)[0m  [1m[34mSELECT  "parks".* FROM "parks" WHERE "parks"."id" = ? LIMIT ?[0m  [["id", 6], ["LIMIT", 1]]
  Rendering parks/profile.html.erb within layouts/application
  Rendered parks/profile.html.erb within layouts/application (0.8ms)
Completed 200 OK in 18ms (Views: 15.0ms | ActiveRecord: 0.2ms)


Started GET "/" for 127.0.0.1 at 2017-11-21 23:07:07 +1100
Processing by ParksController#index as HTML
  Rendering parks/index.html.erb within layouts/application
  [1m[36mPark Load (0.2ms)[0m  [1m[34mSELECT "parks".* FROM "parks"[0m
  Rendered parks/index.html.erb within layouts/application (2.3ms)
Completed 200 OK in 20ms (Views: 16.6ms | ActiveRecord: 0.2ms)


Started GET "/" for 127.0.0.1 at 2017-11-21 23:12:20 +1100
Processing by ParksController#index as HTML
  Rendering parks/index.html.erb within layouts/application
  [1m[36mPark Load (0.2ms)[0m  [1m[34mSELECT "parks".* FROM "parks"[0m
  Rendered parks/index.html.erb within layouts/application (1.5ms)
Completed 200 OK in 25ms (Views: 21.2ms | ActiveRecord: 0.2ms)


Started GET "/" for 127.0.0.1 at 2017-11-21 23:12:31 +1100
Processing by ParksController#index as HTML
  Rendering parks/index.html.erb within layouts/application
  [1m[36mPark Load (0.2ms)[0m  [1m[34mSELECT "parks".* FROM "parks"[0m
  Rendered parks/index.html.erb within layouts/application (1.7ms)
Completed 200 OK in 29ms (Views: 26.4ms | ActiveRecord: 0.2ms)


Started GET "/" for 127.0.0.1 at 2017-11-21 23:13:22 +1100
Processing by ParksController#index as HTML
  Rendering parks/index.html.erb within layouts/application
  Rendered parks/index.html.erb within layouts/application (4.9ms)
Completed 500 Internal Server Error in 14ms (ActiveRecord: 0.0ms)


  
ActionView::Template::Error (undefined method `each' for "Park":String):
    1: <h2>National Parks in the United States of America</h2>
    2: 
    3: <container>
    4: <%= @parks.name.each do |park| %>
    5: 
    6: <p>
    7:   <%= link_to park.name, park_path(park.id) %>
  
app/views/parks/index.html.erb:4:in `_app_views_parks_index_html_erb___2168424155503874189_70344696118960'
Started GET "/" for 127.0.0.1 at 2017-11-21 23:13:29 +1100
Processing by ParksController#index as HTML
  Rendering parks/index.html.erb within layouts/application
  [1m[36mPark Load (0.1ms)[0m  [1m[34mSELECT "parks".* FROM "parks"[0m
  Rendered parks/index.html.erb within layouts/application (1.6ms)
Completed 200 OK in 18ms (Views: 15.9ms | ActiveRecord: 0.1ms)


Started GET "/" for 127.0.0.1 at 2017-11-21 23:13:58 +1100
Processing by ParksController#index as HTML
  Rendering parks/index.html.erb within layouts/application
  [1m[36mPark Load (0.2ms)[0m  [1m[34mSELECT "parks".* FROM "parks"[0m
  Rendered parks/index.html.erb within layouts/application (1.6ms)
Completed 200 OK in 20ms (Views: 16.1ms | ActiveRecord: 0.2ms)


Started GET "/" for 127.0.0.1 at 2017-11-21 23:13:59 +1100
Processing by ParksController#index as HTML
  Rendering parks/index.html.erb within layouts/application
  [1m[36mPark Load (0.2ms)[0m  [1m[34mSELECT "parks".* FROM "parks"[0m
  Rendered parks/index.html.erb within layouts/application (1.4ms)
Completed 200 OK in 18ms (Views: 15.8ms | ActiveRecord: 0.2ms)


Started GET "/parks/5" for 127.0.0.1 at 2017-11-21 23:15:24 +1100
Processing by ParksController#profile as HTML
  Parameters: {"id"=>"5"}
  [1m[36mPark Load (0.2ms)[0m  [1m[34mSELECT  "parks".* FROM "parks" WHERE "parks"."id" = ? LIMIT ?[0m  [["id", 5], ["LIMIT", 1]]
  Rendering parks/profile.html.erb within layouts/application
  Rendered parks/profile.html.erb within layouts/application (0.8ms)
Completed 200 OK in 18ms (Views: 14.7ms | ActiveRecord: 0.2ms)


Started GET "/parks/5" for 127.0.0.1 at 2017-11-21 23:16:42 +1100
Processing by ParksController#profile as HTML
  Parameters: {"id"=>"5"}
  [1m[36mPark Load (0.1ms)[0m  [1m[34mSELECT  "parks".* FROM "parks" WHERE "parks"."id" = ? LIMIT ?[0m  [["id", 5], ["LIMIT", 1]]
  Rendering parks/profile.html.erb within layouts/application
  Rendered parks/profile.html.erb within layouts/application (1.0ms)
Completed 200 OK in 31ms (Views: 27.4ms | ActiveRecord: 0.1ms)


Started GET "/parks/5" for 127.0.0.1 at 2017-11-21 23:16:50 +1100
Processing by ParksController#profile as HTML
  Parameters: {"id"=>"5"}
  [1m[36mPark Load (0.1ms)[0m  [1m[34mSELECT  "parks".* FROM "parks" WHERE "parks"."id" = ? LIMIT ?[0m  [["id", 5], ["LIMIT", 1]]
  Rendering parks/profile.html.erb within layouts/application
  Rendered parks/profile.html.erb within layouts/application (0.9ms)
Completed 200 OK in 26ms (Views: 22.0ms | ActiveRecord: 0.1ms)


Started GET "/parks/5" for 127.0.0.1 at 2017-11-21 23:17:08 +1100
Processing by ParksController#profile as HTML
  Parameters: {"id"=>"5"}
  [1m[36mPark Load (0.1ms)[0m  [1m[34mSELECT  "parks".* FROM "parks" WHERE "parks"."id" = ? LIMIT ?[0m  [["id", 5], ["LIMIT", 1]]
  Rendering parks/profile.html.erb within layouts/application
  Rendered parks/profile.html.erb within layouts/application (0.8ms)
Completed 200 OK in 31ms (Views: 28.7ms | ActiveRecord: 0.1ms)


Started GET "/parks/5" for 127.0.0.1 at 2017-11-21 23:17:29 +1100
Processing by ParksController#profile as HTML
  Parameters: {"id"=>"5"}
  [1m[36mPark Load (0.2ms)[0m  [1m[34mSELECT  "parks".* FROM "parks" WHERE "parks"."id" = ? LIMIT ?[0m  [["id", 5], ["LIMIT", 1]]
  Rendering parks/profile.html.erb within layouts/application
  Rendered parks/profile.html.erb within layouts/application (0.8ms)
Completed 200 OK in 19ms (Views: 15.0ms | ActiveRecord: 0.2ms)


Started GET "/parks/5" for 127.0.0.1 at 2017-11-21 23:17:32 +1100
Processing by ParksController#profile as HTML
  Parameters: {"id"=>"5"}
  [1m[36mPark Load (0.2ms)[0m  [1m[34mSELECT  "parks".* FROM "parks" WHERE "parks"."id" = ? LIMIT ?[0m  [["id", 5], ["LIMIT", 1]]
  Rendering parks/profile.html.erb within layouts/application
  Rendered parks/profile.html.erb within layouts/application (0.8ms)
Completed 200 OK in 17ms (Views: 13.7ms | ActiveRecord: 0.2ms)


Started GET "/parks/5" for 127.0.0.1 at 2017-11-21 23:18:48 +1100
Processing by ParksController#profile as HTML
  Parameters: {"id"=>"5"}
  [1m[36mPark Load (0.2ms)[0m  [1m[34mSELECT  "parks".* FROM "parks" WHERE "parks"."id" = ? LIMIT ?[0m  [["id", 5], ["LIMIT", 1]]
  Rendering parks/profile.html.erb within layouts/application
  Rendered parks/profile.html.erb within layouts/application (1.0ms)
Completed 200 OK in 29ms (Views: 24.9ms | ActiveRecord: 0.2ms)


Started GET "/parks/5" for 127.0.0.1 at 2017-11-21 23:19:17 +1100
Processing by ParksController#profile as HTML
  Parameters: {"id"=>"5"}
  [1m[36mPark Load (0.1ms)[0m  [1m[34mSELECT  "parks".* FROM "parks" WHERE "parks"."id" = ? LIMIT ?[0m  [["id", 5], ["LIMIT", 1]]
  Rendering parks/profile.html.erb within layouts/application
  Rendered parks/profile.html.erb within layouts/application (0.9ms)
Completed 200 OK in 20ms (Views: 15.9ms | ActiveRecord: 0.1ms)


Started GET "/parks/5" for 127.0.0.1 at 2017-11-21 23:19:40 +1100
Processing by ParksController#profile as HTML
  Parameters: {"id"=>"5"}
  [1m[36mPark Load (0.1ms)[0m  [1m[34mSELECT  "parks".* FROM "parks" WHERE "parks"."id" = ? LIMIT ?[0m  [["id", 5], ["LIMIT", 1]]
  Rendering parks/profile.html.erb within layouts/application
  Rendered parks/profile.html.erb within layouts/application (1.3ms)
Completed 200 OK in 32ms (Views: 28.8ms | ActiveRecord: 0.1ms)


Started GET "/parks/5" for 127.0.0.1 at 2017-11-21 23:20:09 +1100
Processing by ParksController#profile as HTML
  Parameters: {"id"=>"5"}
  [1m[36mPark Load (0.2ms)[0m  [1m[34mSELECT  "parks".* FROM "parks" WHERE "parks"."id" = ? LIMIT ?[0m  [["id", 5], ["LIMIT", 1]]
  Rendering parks/profile.html.erb within layouts/application
  Rendered parks/profile.html.erb within layouts/application (0.8ms)
Completed 200 OK in 27ms (Views: 23.7ms | ActiveRecord: 0.2ms)


Started GET "/parks/5" for 127.0.0.1 at 2017-11-21 23:20:45 +1100
Processing by ParksController#profile as HTML
  Parameters: {"id"=>"5"}
  [1m[36mPark Load (0.1ms)[0m  [1m[34mSELECT  "parks".* FROM "parks" WHERE "parks"."id" = ? LIMIT ?[0m  [["id", 5], ["LIMIT", 1]]
  Rendering parks/profile.html.erb within layouts/application
  Rendered parks/profile.html.erb within layouts/application (1.0ms)
Completed 200 OK in 32ms (Views: 28.4ms | ActiveRecord: 0.1ms)


Started GET "/parks/5" for 127.0.0.1 at 2017-11-21 23:25:10 +1100
Processing by ParksController#profile as HTML
  Parameters: {"id"=>"5"}
  [1m[36mPark Load (0.2ms)[0m  [1m[34mSELECT  "parks".* FROM "parks" WHERE "parks"."id" = ? LIMIT ?[0m  [["id", 5], ["LIMIT", 1]]
  Rendering parks/profile.html.erb within layouts/application
  Rendered parks/profile.html.erb within layouts/application (0.9ms)
Completed 200 OK in 31ms (Views: 27.0ms | ActiveRecord: 0.2ms)


Started GET "/parks/new" for 127.0.0.1 at 2017-11-21 23:25:12 +1100
Processing by ParksController#new as HTML
  Rendering parks/new.html.erb within layouts/application
  Rendered parks/new.html.erb within layouts/application (0.4ms)
Completed 200 OK in 21ms (Views: 16.3ms | ActiveRecord: 0.0ms)


Started GET "/" for 127.0.0.1 at 2017-11-21 23:25:17 +1100
Processing by ParksController#index as HTML
  Rendering parks/index.html.erb within layouts/application
  [1m[36mPark Load (0.2ms)[0m  [1m[34mSELECT "parks".* FROM "parks"[0m
  Rendered parks/index.html.erb within layouts/application (1.8ms)
Completed 200 OK in 24ms (Views: 19.7ms | ActiveRecord: 0.2ms)


Started GET "/" for 127.0.0.1 at 2017-11-21 23:25:33 +1100
Processing by ParksController#index as HTML
  Rendering parks/index.html.erb within layouts/application
  [1m[36mPark Load (0.2ms)[0m  [1m[34mSELECT "parks".* FROM "parks"[0m
  Rendered parks/index.html.erb within layouts/application (1.5ms)
Completed 200 OK in 27ms (Views: 23.0ms | ActiveRecord: 0.2ms)


Started GET "/" for 127.0.0.1 at 2017-11-21 23:26:20 +1100
Processing by ParksController#index as HTML
  Rendering parks/index.html.erb within layouts/application
  [1m[36mPark Load (0.2ms)[0m  [1m[34mSELECT "parks".* FROM "parks"[0m
  Rendered parks/index.html.erb within layouts/application (1.6ms)
Completed 200 OK in 29ms (Views: 24.1ms | ActiveRecord: 0.2ms)


Started GET "/" for 127.0.0.1 at 2017-11-21 23:27:02 +1100
Processing by ParksController#index as HTML
  Rendering parks/index.html.erb within layouts/application
  [1m[36mPark Load (0.2ms)[0m  [1m[34mSELECT "parks".* FROM "parks"[0m
  Rendered parks/index.html.erb within layouts/application (1.6ms)
Completed 200 OK in 28ms (Views: 24.2ms | ActiveRecord: 0.2ms)


Started GET "/" for 127.0.0.1 at 2017-11-21 23:27:05 +1100
Processing by ParksController#index as HTML
  Rendering parks/index.html.erb within layouts/application
  [1m[36mPark Load (0.1ms)[0m  [1m[34mSELECT "parks".* FROM "parks"[0m
  Rendered parks/index.html.erb within layouts/application (1.7ms)
Completed 200 OK in 18ms (Views: 15.5ms | ActiveRecord: 0.1ms)


Started GET "/" for 127.0.0.1 at 2017-11-21 23:27:40 +1100
Processing by ParksController#index as HTML
  Rendering parks/index.html.erb within layouts/application
  [1m[36mPark Load (0.2ms)[0m  [1m[34mSELECT "parks".* FROM "parks"[0m
  Rendered parks/index.html.erb within layouts/application (1.6ms)
Completed 200 OK in 32ms (Views: 27.5ms | ActiveRecord: 0.2ms)


Started GET "/" for 127.0.0.1 at 2017-11-21 23:27:52 +1100
Processing by ParksController#index as HTML
  Rendering parks/index.html.erb within layouts/application
  [1m[36mPark Load (0.2ms)[0m  [1m[34mSELECT "parks".* FROM "parks"[0m
  Rendered parks/index.html.erb within layouts/application (1.4ms)
Completed 200 OK in 35ms (Views: 31.0ms | ActiveRecord: 0.2ms)


Started GET "/" for 127.0.0.1 at 2017-11-21 23:28:01 +1100
Processing by ParksController#index as HTML
  Rendering parks/index.html.erb within layouts/application
  [1m[36mPark Load (0.2ms)[0m  [1m[34mSELECT "parks".* FROM "parks"[0m
  Rendered parks/index.html.erb within layouts/application (1.5ms)
Completed 200 OK in 29ms (Views: 26.2ms | ActiveRecord: 0.2ms)


Started GET "/parks/1" for 127.0.0.1 at 2017-11-21 23:28:48 +1100
Processing by ParksController#profile as HTML
  Parameters: {"id"=>"1"}
  [1m[36mPark Load (0.1ms)[0m  [1m[34mSELECT  "parks".* FROM "parks" WHERE "parks"."id" = ? LIMIT ?[0m  [["id", 1], ["LIMIT", 1]]
  Rendering parks/profile.html.erb within layouts/application
  Rendered parks/profile.html.erb within layouts/application (0.9ms)
Completed 200 OK in 19ms (Views: 15.1ms | ActiveRecord: 0.1ms)


Started GET "/parks/1" for 127.0.0.1 at 2017-11-21 23:29:21 +1100
Processing by ParksController#profile as HTML
  Parameters: {"id"=>"1"}
  [1m[36mPark Load (0.2ms)[0m  [1m[34mSELECT  "parks".* FROM "parks" WHERE "parks"."id" = ? LIMIT ?[0m  [["id", 1], ["LIMIT", 1]]
  Rendering parks/profile.html.erb within layouts/application
  Rendered parks/profile.html.erb within layouts/application (0.9ms)
Completed 200 OK in 37ms (Views: 33.0ms | ActiveRecord: 0.2ms)


Started GET "/parks/1" for 127.0.0.1 at 2017-11-21 23:30:07 +1100
Processing by ParksController#profile as HTML
  Parameters: {"id"=>"1"}
  [1m[36mPark Load (0.1ms)[0m  [1m[34mSELECT  "parks".* FROM "parks" WHERE "parks"."id" = ? LIMIT ?[0m  [["id", 1], ["LIMIT", 1]]
  Rendering parks/profile.html.erb within layouts/application
  Rendered parks/profile.html.erb within layouts/application (1.0ms)
Completed 200 OK in 33ms (Views: 29.4ms | ActiveRecord: 0.1ms)


Started GET "/parks/1/edit" for 127.0.0.1 at 2017-11-21 23:30:18 +1100
Processing by ParksController#edit as HTML
  Parameters: {"id"=>"1"}
  [1m[36mPark Load (1.0ms)[0m  [1m[34mSELECT  "parks".* FROM "parks" WHERE "parks"."id" = ? LIMIT ?[0m  [["id", 1], ["LIMIT", 1]]
  Rendering parks/edit.html.erb within layouts/application
  Rendered parks/edit.html.erb within layouts/application (0.9ms)
Completed 200 OK in 27ms (Views: 17.8ms | ActiveRecord: 1.0ms)


Started GET "/parks/new" for 127.0.0.1 at 2017-11-21 23:30:23 +1100
Processing by ParksController#new as HTML
  Rendering parks/new.html.erb within layouts/application
  Rendered parks/new.html.erb within layouts/application (0.3ms)
Completed 200 OK in 25ms (Views: 17.1ms | ActiveRecord: 0.0ms)


Started GET "/" for 127.0.0.1 at 2017-11-21 23:30:26 +1100
Processing by ParksController#index as HTML
  Rendering parks/index.html.erb within layouts/application
  [1m[36mPark Load (0.2ms)[0m  [1m[34mSELECT "parks".* FROM "parks"[0m
  Rendered parks/index.html.erb within layouts/application (1.6ms)
Completed 200 OK in 26ms (Views: 18.9ms | ActiveRecord: 0.2ms)


Started GET "/parks/new" for 127.0.0.1 at 2017-11-21 23:30:28 +1100
Processing by ParksController#new as HTML
  Rendering parks/new.html.erb within layouts/application
  Rendered parks/new.html.erb within layouts/application (0.4ms)
Completed 200 OK in 31ms (Views: 26.9ms | ActiveRecord: 0.0ms)


Started POST "/parks" for 127.0.0.1 at 2017-11-21 23:30:31 +1100
Processing by ParksController#create as HTML
  Parameters: {"name"=>"dsf", "state"=>"df", "nearest_city"=>"df", "size"=>"", "image"=>""}
  [1m[35m (0.0ms)[0m  [1m[36mbegin transaction[0m
  [1m[35mSQL (0.4ms)[0m  [1m[32mINSERT INTO "parks" ("name", "state", "nearest_city", "image") VALUES (?, ?, ?, ?)[0m  [["name", "dsf"], ["state", "df"], ["nearest_city", "df"], ["image", ""]]
  [1m[35m (0.9ms)[0m  [1m[36mcommit transaction[0m
Redirected to http://localhost:3000/parks
Completed 302 Found in 4ms (ActiveRecord: 1.4ms)


Started GET "/parks" for 127.0.0.1 at 2017-11-21 23:30:31 +1100
Processing by ParksController#index as HTML
  Rendering parks/index.html.erb within layouts/application
  [1m[36mPark Load (0.2ms)[0m  [1m[34mSELECT "parks".* FROM "parks"[0m
  Rendered parks/index.html.erb within layouts/application (1.5ms)
Completed 200 OK in 21ms (Views: 18.1ms | ActiveRecord: 0.2ms)


Started GET "/parks/7" for 127.0.0.1 at 2017-11-21 23:30:33 +1100
Processing by ParksController#profile as HTML
  Parameters: {"id"=>"7"}
  [1m[36mPark Load (0.1ms)[0m  [1m[34mSELECT  "parks".* FROM "parks" WHERE "parks"."id" = ? LIMIT ?[0m  [["id", 7], ["LIMIT", 1]]
  Rendering parks/profile.html.erb within layouts/application
  Rendered parks/profile.html.erb within layouts/application (1.0ms)
Completed 200 OK in 23ms (Views: 18.2ms | ActiveRecord: 0.1ms)


Started DELETE "/parks/7" for 127.0.0.1 at 2017-11-21 23:30:35 +1100
Processing by ParksController#destroy as HTML
  Parameters: {"authenticity_token"=>"rP2C4DC7NShOtYA/gWvUnQdZoArKEoOP9LcQr3ZjKpchwJtMgBBChHF6ZS65rPeKsRPVSiBMhOkSyFlTqtv3eQ==", "id"=>"7"}
  [1m[36mPark Load (0.1ms)[0m  [1m[34mSELECT  "parks".* FROM "parks" WHERE "parks"."id" = ? LIMIT ?[0m  [["id", 7], ["LIMIT", 1]]
  [1m[35m (0.1ms)[0m  [1m[36mbegin transaction[0m
  [1m[35mSQL (0.3ms)[0m  [1m[31mDELETE FROM "parks" WHERE "parks"."id" = ?[0m  [["id", 7]]
  [1m[35m (6.2ms)[0m  [1m[36mcommit transaction[0m
Redirected to http://localhost:3000/parks
Completed 302 Found in 9ms (ActiveRecord: 6.6ms)


Started GET "/parks" for 127.0.0.1 at 2017-11-21 23:30:35 +1100
Processing by ParksController#index as HTML
  Rendering parks/index.html.erb within layouts/application
  [1m[36mPark Load (0.2ms)[0m  [1m[34mSELECT "parks".* FROM "parks"[0m
  Rendered parks/index.html.erb within layouts/application (2.2ms)
Completed 200 OK in 29ms (Views: 25.9ms | ActiveRecord: 0.2ms)


Started GET "/parks" for 127.0.0.1 at 2017-11-21 23:30:46 +1100
Processing by ParksController#index as HTML
  Rendering parks/index.html.erb within layouts/application
  [1m[36mPark Load (0.2ms)[0m  [1m[34mSELECT "parks".* FROM "parks"[0m
  Rendered parks/index.html.erb within layouts/application (1.6ms)
Completed 200 OK in 21ms (Views: 17.8ms | ActiveRecord: 0.2ms)


Started GET "/parks/4" for 127.0.0.1 at 2017-11-21 23:30:49 +1100
Processing by ParksController#profile as HTML
  Parameters: {"id"=>"4"}
  [1m[36mPark Load (2.6ms)[0m  [1m[34mSELECT  "parks".* FROM "parks" WHERE "parks"."id" = ? LIMIT ?[0m  [["id", 4], ["LIMIT", 1]]
  Rendering parks/profile.html.erb within layouts/application
  Rendered parks/profile.html.erb within layouts/application (1.0ms)
Completed 200 OK in 31ms (Views: 23.6ms | ActiveRecord: 2.6ms)


Started GET "/parks/new" for 127.0.0.1 at 2017-11-21 23:30:53 +1100
Processing by ParksController#new as HTML
  Rendering parks/new.html.erb within layouts/application
  Rendered parks/new.html.erb within layouts/application (0.3ms)
Completed 200 OK in 19ms (Views: 16.8ms | ActiveRecord: 0.0ms)


Started GET "/parks/new" for 127.0.0.1 at 2017-11-21 23:31:24 +1100
Processing by ParksController#new as HTML
  Rendering parks/new.html.erb within layouts/application
  Rendered parks/new.html.erb within layouts/application (0.3ms)
Completed 200 OK in 26ms (Views: 22.5ms | ActiveRecord: 0.0ms)


Started GET "/parks/new" for 127.0.0.1 at 2017-11-21 23:31:25 +1100
Processing by ParksController#new as HTML
  Rendering parks/new.html.erb within layouts/application
  Rendered parks/new.html.erb within layouts/application (0.5ms)
Completed 200 OK in 18ms (Views: 15.4ms | ActiveRecord: 0.0ms)


Started GET "/parks/new" for 127.0.0.1 at 2017-11-21 23:31:33 +1100
Processing by ParksController#new as HTML
  Rendering parks/new.html.erb within layouts/application
  Rendered parks/new.html.erb within layouts/application (0.4ms)
Completed 200 OK in 28ms (Views: 24.5ms | ActiveRecord: 0.0ms)


Started GET "/" for 127.0.0.1 at 2017-11-21 23:31:39 +1100
Processing by ParksController#index as HTML
  Rendering parks/index.html.erb within layouts/application
  [1m[36mPark Load (0.1ms)[0m  [1m[34mSELECT "parks".* FROM "parks"[0m
  Rendered parks/index.html.erb within layouts/application (1.6ms)
Completed 200 OK in 23ms (Views: 18.8ms | ActiveRecord: 0.1ms)


Started GET "/" for 127.0.0.1 at 2017-11-21 23:31:48 +1100
Processing by ParksController#index as HTML
  Rendering parks/index.html.erb within layouts/application
  [1m[36mPark Load (0.2ms)[0m  [1m[34mSELECT "parks".* FROM "parks"[0m
  Rendered parks/index.html.erb within layouts/application (1.5ms)
Completed 200 OK in 28ms (Views: 24.6ms | ActiveRecord: 0.2ms)


Started GET "/" for 127.0.0.1 at 2017-11-21 23:31:56 +1100
Processing by ParksController#index as HTML
  Rendering parks/index.html.erb within layouts/application
  [1m[36mPark Load (0.1ms)[0m  [1m[34mSELECT "parks".* FROM "parks"[0m
  Rendered parks/index.html.erb within layouts/application (1.6ms)
Completed 200 OK in 28ms (Views: 25.9ms | ActiveRecord: 0.1ms)


Started GET "/parks/1" for 127.0.0.1 at 2017-11-21 23:31:58 +1100
Processing by ParksController#profile as HTML
  Parameters: {"id"=>"1"}
  [1m[36mPark Load (0.2ms)[0m  [1m[34mSELECT  "parks".* FROM "parks" WHERE "parks"."id" = ? LIMIT ?[0m  [["id", 1], ["LIMIT", 1]]
  Rendering parks/profile.html.erb within layouts/application
  Rendered parks/profile.html.erb within layouts/application (0.8ms)
Completed 200 OK in 37ms (Views: 30.5ms | ActiveRecord: 0.2ms)


Started GET "/parks/1" for 127.0.0.1 at 2017-11-21 23:32:26 +1100
Processing by ParksController#profile as HTML
  Parameters: {"id"=>"1"}
  [1m[36mPark Load (0.2ms)[0m  [1m[34mSELECT  "parks".* FROM "parks" WHERE "parks"."id" = ? LIMIT ?[0m  [["id", 1], ["LIMIT", 1]]
  Rendering parks/profile.html.erb within layouts/application
  Rendered parks/profile.html.erb within layouts/application (0.9ms)
Completed 200 OK in 35ms (Views: 31.8ms | ActiveRecord: 0.2ms)


Started GET "/parks/1" for 127.0.0.1 at 2017-11-21 23:32:27 +1100
Processing by ParksController#profile as HTML
  Parameters: {"id"=>"1"}
  [1m[36mPark Load (0.1ms)[0m  [1m[34mSELECT  "parks".* FROM "parks" WHERE "parks"."id" = ? LIMIT ?[0m  [["id", 1], ["LIMIT", 1]]
  Rendering parks/profile.html.erb within layouts/application
  Rendered parks/profile.html.erb within layouts/application (1.2ms)
Completed 200 OK in 18ms (Views: 15.6ms | ActiveRecord: 0.1ms)


Started GET "/parks/1/edit" for 127.0.0.1 at 2017-11-21 23:33:58 +1100
Processing by ParksController#edit as HTML
  Parameters: {"id"=>"1"}
  [1m[36mPark Load (0.1ms)[0m  [1m[34mSELECT  "parks".* FROM "parks" WHERE "parks"."id" = ? LIMIT ?[0m  [["id", 1], ["LIMIT", 1]]
  Rendering parks/edit.html.erb within layouts/application
  Rendered parks/edit.html.erb within layouts/application (0.5ms)
Completed 200 OK in 20ms (Views: 16.0ms | ActiveRecord: 0.1ms)


Started GET "/" for 127.0.0.1 at 2017-11-21 23:34:02 +1100
Processing by ParksController#index as HTML
  Rendering parks/index.html.erb within layouts/application
  [1m[36mPark Load (0.2ms)[0m  [1m[34mSELECT "parks".* FROM "parks"[0m
  Rendered parks/index.html.erb within layouts/application (1.6ms)
Completed 200 OK in 26ms (Views: 20.3ms | ActiveRecord: 0.2ms)


Started GET "/parks/4" for 127.0.0.1 at 2017-11-21 23:34:03 +1100
Processing by ParksController#profile as HTML
  Parameters: {"id"=>"4"}
  [1m[36mPark Load (0.1ms)[0m  [1m[34mSELECT  "parks".* FROM "parks" WHERE "parks"."id" = ? LIMIT ?[0m  [["id", 4], ["LIMIT", 1]]
  Rendering parks/profile.html.erb within layouts/application
  Rendered parks/profile.html.erb within layouts/application (0.8ms)
Completed 200 OK in 24ms (Views: 17.0ms | ActiveRecord: 0.1ms)


Started GET "/parks/4" for 127.0.0.1 at 2017-11-21 23:34:51 +1100
Processing by ParksController#profile as HTML
  Parameters: {"id"=>"4"}
  [1m[36mPark Load (0.1ms)[0m  [1m[34mSELECT  "parks".* FROM "parks" WHERE "parks"."id" = ? LIMIT ?[0m  [["id", 4], ["LIMIT", 1]]
  Rendering parks/profile.html.erb within layouts/application
  Rendered parks/profile.html.erb within layouts/application (0.8ms)
Completed 200 OK in 19ms (Views: 15.4ms | ActiveRecord: 0.1ms)


Started GET "/parks/4" for 127.0.0.1 at 2017-11-21 23:35:21 +1100
Processing by ParksController#profile as HTML
  Parameters: {"id"=>"4"}
  [1m[36mPark Load (0.1ms)[0m  [1m[34mSELECT  "parks".* FROM "parks" WHERE "parks"."id" = ? LIMIT ?[0m  [["id", 4], ["LIMIT", 1]]
  Rendering parks/profile.html.erb within layouts/application
  Rendered parks/profile.html.erb within layouts/application (1.1ms)
Completed 200 OK in 33ms (Views: 28.4ms | ActiveRecord: 0.1ms)


Started GET "/parks/4" for 127.0.0.1 at 2017-11-21 23:36:28 +1100
Processing by ParksController#profile as HTML
  Parameters: {"id"=>"4"}
  [1m[36mPark Load (0.1ms)[0m  [1m[34mSELECT  "parks".* FROM "parks" WHERE "parks"."id" = ? LIMIT ?[0m  [["id", 4], ["LIMIT", 1]]
  Rendering parks/profile.html.erb within layouts/application
  Rendered parks/profile.html.erb within layouts/application (0.9ms)
Completed 200 OK in 35ms (Views: 31.3ms | ActiveRecord: 0.1ms)


Started GET "/parks/4" for 127.0.0.1 at 2017-11-21 23:36:29 +1100
Processing by ParksController#profile as HTML
  Parameters: {"id"=>"4"}
  [1m[36mPark Load (0.1ms)[0m  [1m[34mSELECT  "parks".* FROM "parks" WHERE "parks"."id" = ? LIMIT ?[0m  [["id", 4], ["LIMIT", 1]]
  Rendering parks/profile.html.erb within layouts/application
  Rendered parks/profile.html.erb within layouts/application (0.8ms)
Completed 200 OK in 18ms (Views: 13.6ms | ActiveRecord: 0.1ms)


Started GET "/parks/4" for 127.0.0.1 at 2017-11-21 23:37:03 +1100
Processing by ParksController#profile as HTML
  Parameters: {"id"=>"4"}
  [1m[36mPark Load (0.1ms)[0m  [1m[34mSELECT  "parks".* FROM "parks" WHERE "parks"."id" = ? LIMIT ?[0m  [["id", 4], ["LIMIT", 1]]
  Rendering parks/profile.html.erb within layouts/application
  Rendered parks/profile.html.erb within layouts/application (0.9ms)
Completed 200 OK in 27ms (Views: 23.3ms | ActiveRecord: 0.1ms)


Started GET "/" for 127.0.0.1 at 2017-11-21 23:37:07 +1100
Processing by ParksController#index as HTML
  Rendering parks/index.html.erb within layouts/application
  [1m[36mPark Load (0.2ms)[0m  [1m[34mSELECT "parks".* FROM "parks"[0m
  Rendered parks/index.html.erb within layouts/application (2.1ms)
Completed 200 OK in 22ms (Views: 18.3ms | ActiveRecord: 0.2ms)


Started GET "/parks/5" for 127.0.0.1 at 2017-11-21 23:37:09 +1100
Processing by ParksController#profile as HTML
  Parameters: {"id"=>"5"}
  [1m[36mPark Load (0.1ms)[0m  [1m[34mSELECT  "parks".* FROM "parks" WHERE "parks"."id" = ? LIMIT ?[0m  [["id", 5], ["LIMIT", 1]]
  Rendering parks/profile.html.erb within layouts/application
  Rendered parks/profile.html.erb within layouts/application (0.8ms)
Completed 200 OK in 22ms (Views: 16.5ms | ActiveRecord: 0.1ms)


Started GET "/parks/1" for 127.0.0.1 at 2017-11-21 23:37:28 +1100
Processing by ParksController#profile as HTML
  Parameters: {"id"=>"1"}
  [1m[36mPark Load (0.2ms)[0m  [1m[34mSELECT  "parks".* FROM "parks" WHERE "parks"."id" = ? LIMIT ?[0m  [["id", 1], ["LIMIT", 1]]
  Rendering parks/profile.html.erb within layouts/application
  Rendered parks/profile.html.erb within layouts/application (0.8ms)
Completed 200 OK in 23ms (Views: 17.3ms | ActiveRecord: 0.2ms)


Started GET "/" for 127.0.0.1 at 2017-11-21 23:38:02 +1100
Processing by ParksController#index as HTML
  Rendering parks/index.html.erb within layouts/application
  [1m[36mPark Load (0.2ms)[0m  [1m[34mSELECT "parks".* FROM "parks"[0m
  Rendered parks/index.html.erb within layouts/application (1.7ms)
Completed 200 OK in 18ms (Views: 15.4ms | ActiveRecord: 0.2ms)


Started GET "/parks/5" for 127.0.0.1 at 2017-11-21 23:38:03 +1100
Processing by ParksController#profile as HTML
  Parameters: {"id"=>"5"}
  [1m[36mPark Load (0.2ms)[0m  [1m[34mSELECT  "parks".* FROM "parks" WHERE "parks"."id" = ? LIMIT ?[0m  [["id", 5], ["LIMIT", 1]]
  Rendering parks/profile.html.erb within layouts/application
  Rendered parks/profile.html.erb within layouts/application (0.8ms)
Completed 200 OK in 23ms (Views: 16.3ms | ActiveRecord: 0.2ms)


