  [1m[35m (0.1ms)[0m  [1m[34mSELECT sqlite_version(*)[0m
  [1m[35m (1.4ms)[0m  [1m[35mCREATE TABLE "schema_migrations" ("version" varchar NOT NULL PRIMARY KEY)[0m
  [1m[35m (1.2ms)[0m  [1m[35mCREATE TABLE "ar_internal_metadata" ("key" varchar NOT NULL PRIMARY KEY, "value" varchar, "created_at" datetime NOT NULL, "updated_at" datetime NOT NULL)[0m
  [1m[35m (0.2ms)[0m  [1m[34mSELECT "schema_migrations"."version" FROM "schema_migrations" ORDER BY "schema_migrations"."version" ASC[0m
Migrating to CreateBooks (20171122123121)
  [1m[35m (0.1ms)[0m  [1m[36mbegin transaction[0m
  [1m[35m (0.5ms)[0m  [1m[35mCREATE TABLE "books" ("id" INTEGER PRIMARY KEY AUTOINCREMENT NOT NULL, "name" text, "author" text, "genre" text, "image" text, "created_at" datetime NOT NULL, "updated_at" datetime NOT NULL)[0m
  [1m[35mSQL (0.2ms)[0m  [1m[32mINSERT INTO "schema_migrations" ("version") VALUES (?)[0m  [["version", "20171122123121"]]
  [1m[35m (1.3ms)[0m  [1m[36mcommit transaction[0m
  [1m[36mActiveRecord::InternalMetadata Load (0.1ms)[0m  [1m[34mSELECT  "ar_internal_metadata".* FROM "ar_internal_metadata" WHERE "ar_internal_metadata"."key" = ? LIMIT ?[0m  [["key", "environment"], ["LIMIT", 1]]
  [1m[35m (0.1ms)[0m  [1m[36mbegin transaction[0m
  [1m[35mSQL (0.4ms)[0m  [1m[32mINSERT INTO "ar_internal_metadata" ("key", "value", "created_at", "updated_at") VALUES (?, ?, ?, ?)[0m  [["key", "environment"], ["value", "development"], ["created_at", "2017-11-22 12:52:10.387419"], ["updated_at", "2017-11-22 12:52:10.387419"]]
  [1m[35m (1.0ms)[0m  [1m[36mcommit transaction[0m
  [1m[35m (0.1ms)[0m  [1m[34mSELECT "schema_migrations"."version" FROM "schema_migrations" ORDER BY "schema_migrations"."version" ASC[0m
  [1m[35m (0.1ms)[0m  [1m[34mSELECT "schema_migrations"."version" FROM "schema_migrations" ORDER BY "schema_migrations"."version" ASC[0m
  [1m[35m (0.1ms)[0m  [1m[34mSELECT "schema_migrations"."version" FROM "schema_migrations" ORDER BY "schema_migrations"."version" ASC[0m
  [1m[35m (0.1ms)[0m  [1m[34mSELECT "schema_migrations"."version" FROM "schema_migrations" ORDER BY "schema_migrations"."version" ASC[0m
Migrating to CreateAuthors (20171122125611)
  [1m[35m (0.0ms)[0m  [1m[36mbegin transaction[0m
  [1m[35m (0.1ms)[0m  [1m[34mSELECT sqlite_version(*)[0m
  [1m[35m (0.3ms)[0m  [1m[35mCREATE TABLE "authors" ("id" INTEGER PRIMARY KEY AUTOINCREMENT NOT NULL, "first_name" text, "last_name" text, "hometown" text, "dob" date)[0m
  [1m[35mSQL (0.2ms)[0m  [1m[32mINSERT INTO "schema_migrations" ("version") VALUES (?)[0m  [["version", "20171122125611"]]
  [1m[35m (5.9ms)[0m  [1m[36mcommit transaction[0m
  [1m[36mActiveRecord::InternalMetadata Load (0.1ms)[0m  [1m[34mSELECT  "ar_internal_metadata".* FROM "ar_internal_metadata" WHERE "ar_internal_metadata"."key" = ? LIMIT ?[0m  [["key", "environment"], ["LIMIT", 1]]
  [1m[35m (0.1ms)[0m  [1m[36mbegin transaction[0m
  [1m[35m (0.1ms)[0m  [1m[36mcommit transaction[0m
  [1m[35m (0.1ms)[0m  [1m[34mSELECT "schema_migrations"."version" FROM "schema_migrations" ORDER BY "schema_migrations"."version" ASC[0m
  [1m[35m (0.1ms)[0m  [1m[34mSELECT "schema_migrations"."version" FROM "schema_migrations" ORDER BY "schema_migrations"."version" ASC[0m
  [1m[35m (0.1ms)[0m  [1m[34mSELECT "schema_migrations"."version" FROM "schema_migrations" ORDER BY "schema_migrations"."version" ASC[0m
  [1m[36mAuthor Load (0.1ms)[0m  [1m[34mSELECT "authors".* FROM "authors"[0m
  [1m[35m (0.0ms)[0m  [1m[36mbegin transaction[0m
  [1m[35mSQL (0.3ms)[0m  [1m[32mINSERT INTO "authors" ("first_name", "last_name", "hometown", "dob") VALUES (?, ?, ?, ?)[0m  [["first_name", "JK"], ["last_name", "Rowling"], ["hometown", "Gloucestershire, England"], ["dob", "1965-07-31"]]
  [1m[35m (5.9ms)[0m  [1m[36mcommit transaction[0m
  [1m[36mBook Load (0.2ms)[0m  [1m[34mSELECT "books".* FROM "books"[0m
  [1m[35m (0.1ms)[0m  [1m[36mbegin transaction[0m
  [1m[35mSQL (0.6ms)[0m  [1m[32mINSERT INTO "books" ("name", "author", "genre", "image", "created_at", "updated_at") VALUES (?, ?, ?, ?, ?, ?)[0m  [["name", "Harry Potter and the Philosophers Stone"], ["author", "JK Rowling"], ["genre", "fantasy"], ["image", "https://images-na.ssl-images-amazon.com/images/I/818PicDErkL.jpg"], ["created_at", "2017-11-22 13:06:58.813500"], ["updated_at", "2017-11-22 13:06:58.813500"]]
  [1m[35m (1.0ms)[0m  [1m[36mcommit transaction[0m
  [1m[36mBook Load (0.9ms)[0m  [1m[34mSELECT "books".* FROM "books"[0m
  [1m[36mAuthor Load (0.2ms)[0m  [1m[34mSELECT "authors".* FROM "authors"[0m
  [1m[35m (0.1ms)[0m  [1m[34mSELECT "schema_migrations"."version" FROM "schema_migrations" ORDER BY "schema_migrations"."version" ASC[0m
Started GET "/" for 127.0.0.1 at 2017-11-23 00:14:47 +1100
  [1m[35m (0.1ms)[0m  [1m[34mSELECT "schema_migrations"."version" FROM "schema_migrations" ORDER BY "schema_migrations"."version" ASC[0m
Processing by Rails::WelcomeController#index as HTML
  Rendering /Users/liz/.rbenv/versions/2.4.2/lib/ruby/gems/2.4.0/gems/railties-5.1.4/lib/rails/templates/rails/welcome/index.html.erb
  Rendered /Users/liz/.rbenv/versions/2.4.2/lib/ruby/gems/2.4.0/gems/railties-5.1.4/lib/rails/templates/rails/welcome/index.html.erb (3.3ms)
Completed 200 OK in 21ms (Views: 9.2ms | ActiveRecord: 0.0ms)


Started GET "/" for 127.0.0.1 at 2017-11-23 00:14:51 +1100
Processing by Rails::WelcomeController#index as HTML
  Rendering /Users/liz/.rbenv/versions/2.4.2/lib/ruby/gems/2.4.0/gems/railties-5.1.4/lib/rails/templates/rails/welcome/index.html.erb
  Rendered /Users/liz/.rbenv/versions/2.4.2/lib/ruby/gems/2.4.0/gems/railties-5.1.4/lib/rails/templates/rails/welcome/index.html.erb (1.6ms)
Completed 200 OK in 8ms (Views: 5.5ms | ActiveRecord: 0.0ms)


Started GET "/index" for 127.0.0.1 at 2017-11-23 00:15:06 +1100
  
ActionController::RoutingError (No route matches [GET] "/index"):
  
actionpack (5.1.4) lib/action_dispatch/middleware/debug_exceptions.rb:63:in `call'
web-console (3.5.1) lib/web_console/middleware.rb:135:in `call_app'
web-console (3.5.1) lib/web_console/middleware.rb:28:in `block in call'
web-console (3.5.1) lib/web_console/middleware.rb:18:in `catch'
web-console (3.5.1) lib/web_console/middleware.rb:18:in `call'
actionpack (5.1.4) lib/action_dispatch/middleware/show_exceptions.rb:31:in `call'
railties (5.1.4) lib/rails/rack/logger.rb:36:in `call_app'
railties (5.1.4) lib/rails/rack/logger.rb:24:in `block in call'
activesupport (5.1.4) lib/active_support/tagged_logging.rb:69:in `block in tagged'
activesupport (5.1.4) lib/active_support/tagged_logging.rb:26:in `tagged'
activesupport (5.1.4) lib/active_support/tagged_logging.rb:69:in `tagged'
railties (5.1.4) lib/rails/rack/logger.rb:24:in `call'
sprockets-rails (3.2.1) lib/sprockets/rails/quiet_assets.rb:13:in `call'
actionpack (5.1.4) lib/action_dispatch/middleware/remote_ip.rb:79:in `call'
actionpack (5.1.4) lib/action_dispatch/middleware/request_id.rb:25:in `call'
rack (2.0.3) lib/rack/method_override.rb:22:in `call'
rack (2.0.3) lib/rack/runtime.rb:22:in `call'
activesupport (5.1.4) lib/active_support/cache/strategy/local_cache_middleware.rb:27:in `call'
actionpack (5.1.4) lib/action_dispatch/middleware/executor.rb:12:in `call'
actionpack (5.1.4) lib/action_dispatch/middleware/static.rb:125:in `call'
rack (2.0.3) lib/rack/sendfile.rb:111:in `call'
railties (5.1.4) lib/rails/engine.rb:522:in `call'
puma (3.11.0) lib/puma/configuration.rb:225:in `call'
puma (3.11.0) lib/puma/server.rb:624:in `handle_request'
puma (3.11.0) lib/puma/server.rb:438:in `process_client'
puma (3.11.0) lib/puma/server.rb:302:in `block in run'
puma (3.11.0) lib/puma/thread_pool.rb:120:in `block in spawn_thread'
Started GET "/authors" for 127.0.0.1 at 2017-11-23 00:15:22 +1100
Processing by AuthorsController#index as HTML
  Rendering authors/index.html.erb within layouts/application
  [1m[36mAuthor Load (0.1ms)[0m  [1m[34mSELECT "authors".* FROM "authors"[0m
  Rendered authors/index.html.erb within layouts/application (5.6ms)
Completed 200 OK in 333ms (Views: 328.8ms | ActiveRecord: 0.7ms)


Started GET "/authors" for 127.0.0.1 at 2017-11-23 00:17:23 +1100
Processing by AuthorsController#index as HTML
  Rendering authors/index.html.erb within layouts/application
  [1m[36mAuthor Load (0.2ms)[0m  [1m[34mSELECT "authors".* FROM "authors"[0m
  Rendered authors/index.html.erb within layouts/application (2.2ms)
Completed 200 OK in 22ms (Views: 18.8ms | ActiveRecord: 0.2ms)


Started GET "/authors/1" for 127.0.0.1 at 2017-11-23 00:17:25 +1100
Processing by AuthorsController#show as HTML
  Parameters: {"id"=>"1"}
  Rendering authors/show.html.erb within layouts/application
  Rendered authors/show.html.erb within layouts/application (0.3ms)
Completed 200 OK in 23ms (Views: 18.6ms | ActiveRecord: 0.0ms)


Started GET "/authors/1" for 127.0.0.1 at 2017-11-23 00:18:40 +1100
Processing by AuthorsController#show as HTML
  Parameters: {"id"=>"1"}
  Rendering authors/show.html.erb within layouts/application
  Rendered authors/show.html.erb within layouts/application (3.6ms)
Completed 500 Internal Server Error in 15ms (ActiveRecord: 0.0ms)


  
ActionView::Template::Error (undefined method `first_name' for nil:NilClass):
    1: <h2><%= @author.first_name %><%= @author.last_name %></h2>
  
app/views/authors/show.html.erb:1:in `_app_views_authors_show_html_erb___2938017771843239756_70247237518440'
Started GET "/authors" for 127.0.0.1 at 2017-11-23 00:18:44 +1100
Processing by AuthorsController#index as HTML
  Rendering authors/index.html.erb within layouts/application
  [1m[36mAuthor Load (0.1ms)[0m  [1m[34mSELECT "authors".* FROM "authors"[0m
  Rendered authors/index.html.erb within layouts/application (1.1ms)
Completed 200 OK in 25ms (Views: 21.7ms | ActiveRecord: 0.1ms)


Started GET "/authors/1" for 127.0.0.1 at 2017-11-23 00:18:45 +1100
Processing by AuthorsController#show as HTML
  Parameters: {"id"=>"1"}
  Rendering authors/show.html.erb within layouts/application
  Rendered authors/show.html.erb within layouts/application (3.3ms)
Completed 500 Internal Server Error in 16ms (ActiveRecord: 0.0ms)


  
ActionView::Template::Error (undefined method `first_name' for nil:NilClass):
    1: <h2><%= @author.first_name %><%= @author.last_name %></h2>
  
app/views/authors/show.html.erb:1:in `_app_views_authors_show_html_erb___2938017771843239756_70247260237520'
Started GET "/authors" for 127.0.0.1 at 2017-11-23 00:18:49 +1100
Processing by AuthorsController#index as HTML
  Rendering authors/index.html.erb within layouts/application
  [1m[36mAuthor Load (0.2ms)[0m  [1m[34mSELECT "authors".* FROM "authors"[0m
  Rendered authors/index.html.erb within layouts/application (1.0ms)
Completed 200 OK in 21ms (Views: 16.7ms | ActiveRecord: 0.2ms)


Started GET "/authors/1" for 127.0.0.1 at 2017-11-23 00:19:26 +1100
Processing by AuthorsController#show as HTML
  Parameters: {"id"=>"1"}
  [1m[36mAuthor Load (0.2ms)[0m  [1m[34mSELECT  "authors".* FROM "authors" WHERE "authors"."id" = ? LIMIT ?[0m  [["id", 1], ["LIMIT", 1]]
  Rendering authors/show.html.erb within layouts/application
  Rendered authors/show.html.erb within layouts/application (0.4ms)
Completed 200 OK in 31ms (Views: 16.6ms | ActiveRecord: 0.9ms)


Started GET "/authors/1" for 127.0.0.1 at 2017-11-23 00:19:48 +1100
Processing by AuthorsController#show as HTML
  Parameters: {"id"=>"1"}
  [1m[36mAuthor Load (0.1ms)[0m  [1m[34mSELECT  "authors".* FROM "authors" WHERE "authors"."id" = ? LIMIT ?[0m  [["id", 1], ["LIMIT", 1]]
  Rendering authors/show.html.erb within layouts/application
  Rendered authors/show.html.erb within layouts/application (0.3ms)
Completed 200 OK in 18ms (Views: 15.3ms | ActiveRecord: 0.1ms)


Started GET "/authors/1" for 127.0.0.1 at 2017-11-23 00:21:15 +1100
Processing by AuthorsController#show as HTML
  Parameters: {"id"=>"1"}
  [1m[36mAuthor Load (0.1ms)[0m  [1m[34mSELECT  "authors".* FROM "authors" WHERE "authors"."id" = ? LIMIT ?[0m  [["id", 1], ["LIMIT", 1]]
  Rendering authors/show.html.erb within layouts/application
  Rendered authors/show.html.erb within layouts/application (0.5ms)
Completed 200 OK in 20ms (Views: 16.1ms | ActiveRecord: 0.1ms)


Started GET "/authors/1" for 127.0.0.1 at 2017-11-23 00:22:05 +1100
Processing by AuthorsController#show as HTML
  Parameters: {"id"=>"1"}
  [1m[36mAuthor Load (0.1ms)[0m  [1m[34mSELECT  "authors".* FROM "authors" WHERE "authors"."id" = ? LIMIT ?[0m  [["id", 1], ["LIMIT", 1]]
  Rendering authors/show.html.erb within layouts/application
  Rendered authors/show.html.erb within layouts/application (1.4ms)
Completed 200 OK in 23ms (Views: 18.4ms | ActiveRecord: 0.1ms)


Started GET "/authors/1/edit" for 127.0.0.1 at 2017-11-23 00:28:07 +1100
Processing by AuthorsController#edit as HTML
  Parameters: {"id"=>"1"}
  Rendering authors/edit.html.erb within layouts/application
  Rendered authors/_form.html.erb (2.6ms)
  Rendered authors/edit.html.erb within layouts/application (4.8ms)
Completed 500 Internal Server Error in 14ms (ActiveRecord: 0.0ms)


  
ActionView::Template::Error (First argument in form cannot contain nil or be empty):
    1: <%= form_for @author do |f| %>
    2: <fieldset>
    3:   <%= f.label :first_name %>
    4:   <%= f.text_field :first_name %>
  
app/views/authors/_form.html.erb:1:in `_app_views_authors__form_html_erb__82627629331062069_70247259346820'
app/views/authors/edit.html.erb:3:in `_app_views_authors_edit_html_erb___680367141872049483_70247259429100'
Started GET "/authors/1" for 127.0.0.1 at 2017-11-23 00:28:10 +1100
Processing by AuthorsController#show as HTML
  Parameters: {"id"=>"1"}
  [1m[36mAuthor Load (0.1ms)[0m  [1m[34mSELECT  "authors".* FROM "authors" WHERE "authors"."id" = ? LIMIT ?[0m  [["id", 1], ["LIMIT", 1]]
  Rendering authors/show.html.erb within layouts/application
  Rendered authors/show.html.erb within layouts/application (0.8ms)
Completed 200 OK in 19ms (Views: 16.5ms | ActiveRecord: 0.1ms)


Started GET "/authors/1" for 127.0.0.1 at 2017-11-23 00:28:11 +1100
Processing by AuthorsController#show as HTML
  Parameters: {"id"=>"1"}
  [1m[36mAuthor Load (0.1ms)[0m  [1m[34mSELECT  "authors".* FROM "authors" WHERE "authors"."id" = ? LIMIT ?[0m  [["id", 1], ["LIMIT", 1]]
  Rendering authors/show.html.erb within layouts/application
  Rendered authors/show.html.erb within layouts/application (0.8ms)
Completed 200 OK in 19ms (Views: 15.2ms | ActiveRecord: 0.1ms)


Started GET "/authors/1/edit" for 127.0.0.1 at 2017-11-23 00:28:12 +1100
Processing by AuthorsController#edit as HTML
  Parameters: {"id"=>"1"}
  Rendering authors/edit.html.erb within layouts/application
  Rendered authors/_form.html.erb (3.4ms)
  Rendered authors/edit.html.erb within layouts/application (6.6ms)
Completed 500 Internal Server Error in 18ms (ActiveRecord: 0.0ms)


  
ActionView::Template::Error (First argument in form cannot contain nil or be empty):
    1: <%= form_for @author do |f| %>
    2: <fieldset>
    3:   <%= f.label :first_name %>
    4:   <%= f.text_field :first_name %>
  
app/views/authors/_form.html.erb:1:in `_app_views_authors__form_html_erb__82627629331062069_70247238382400'
app/views/authors/edit.html.erb:3:in `_app_views_authors_edit_html_erb___680367141872049483_70247238464160'
Started GET "/authors/1/edit" for 127.0.0.1 at 2017-11-23 00:32:22 +1100
Processing by AuthorsController#edit as HTML
  Parameters: {"id"=>"1"}
  [1m[36mAuthor Load (0.1ms)[0m  [1m[34mSELECT  "authors".* FROM "authors" WHERE "authors"."id" = ? LIMIT ?[0m  [["id", 1], ["LIMIT", 1]]
  Rendering authors/edit.html.erb within layouts/application
  Rendered authors/_form.html.erb (18.7ms)
  Rendered authors/edit.html.erb within layouts/application (20.9ms)
Completed 200 OK in 46ms (Views: 38.1ms | ActiveRecord: 0.6ms)


Started PATCH "/authors/1" for 127.0.0.1 at 2017-11-23 00:32:34 +1100
Processing by AuthorsController#update as HTML
  Parameters: {"utf8"=>"✓", "authenticity_token"=>"QwrqYXpsLgtWUkghNeQJMzt2ZcZYSfSiz4k7HarUDr8qw4xq1XB2dNhRxhXTzD4W9aXqSYXT97QBotw2tlKOWA==", "author"=>{"first_name"=>"JK", "last_name"=>"Rowling", "hometown"=>"Gloucestershire, England", "dob"=>"1965-07-30"}, "commit"=>"Update Author", "id"=>"1"}
  [1m[36mAuthor Load (0.1ms)[0m  [1m[34mSELECT  "authors".* FROM "authors" WHERE "authors"."id" = ? LIMIT ?[0m  [["id", 1], ["LIMIT", 1]]
  [1m[35m (0.0ms)[0m  [1m[36mbegin transaction[0m
  [1m[35mSQL (0.3ms)[0m  [1m[33mUPDATE "authors" SET "dob" = ? WHERE "authors"."id" = ?[0m  [["dob", "1965-07-30"], ["id", 1]]
  [1m[35m (1.2ms)[0m  [1m[36mcommit transaction[0m
Redirected to http://localhost:3000/authors/1
Completed 302 Found in 5ms (ActiveRecord: 1.7ms)


Started GET "/authors/1" for 127.0.0.1 at 2017-11-23 00:32:34 +1100
Processing by AuthorsController#show as HTML
  Parameters: {"id"=>"1"}
  [1m[36mAuthor Load (0.1ms)[0m  [1m[34mSELECT  "authors".* FROM "authors" WHERE "authors"."id" = ? LIMIT ?[0m  [["id", 1], ["LIMIT", 1]]
  Rendering authors/show.html.erb within layouts/application
  Rendered authors/show.html.erb within layouts/application (0.8ms)
Completed 200 OK in 26ms (Views: 23.4ms | ActiveRecord: 0.1ms)


Started GET "/authors/1/edit" for 127.0.0.1 at 2017-11-23 00:32:35 +1100
Processing by AuthorsController#edit as HTML
  Parameters: {"id"=>"1"}
  [1m[36mAuthor Load (0.1ms)[0m  [1m[34mSELECT  "authors".* FROM "authors" WHERE "authors"."id" = ? LIMIT ?[0m  [["id", 1], ["LIMIT", 1]]
  Rendering authors/edit.html.erb within layouts/application
  Rendered authors/_form.html.erb (2.5ms)
  Rendered authors/edit.html.erb within layouts/application (5.9ms)
Completed 200 OK in 28ms (Views: 23.3ms | ActiveRecord: 0.1ms)


Started PATCH "/authors/1" for 127.0.0.1 at 2017-11-23 00:32:39 +1100
Processing by AuthorsController#update as HTML
  Parameters: {"utf8"=>"✓", "authenticity_token"=>"cn77y3cndN+tpP4+4FE8aX2SjC9Jg3JppbENxclxCCjSoGW+/tPONk9wY907f1++ZSXYapcizGv6oeBi49YdUQ==", "author"=>{"first_name"=>"JK", "last_name"=>"Rowling", "hometown"=>"Gloucestershire, England", "dob"=>"1965-07-31"}, "commit"=>"Update Author", "id"=>"1"}
  [1m[36mAuthor Load (0.1ms)[0m  [1m[34mSELECT  "authors".* FROM "authors" WHERE "authors"."id" = ? LIMIT ?[0m  [["id", 1], ["LIMIT", 1]]
  [1m[35m (0.1ms)[0m  [1m[36mbegin transaction[0m
  [1m[35mSQL (0.4ms)[0m  [1m[33mUPDATE "authors" SET "dob" = ? WHERE "authors"."id" = ?[0m  [["dob", "1965-07-31"], ["id", 1]]
  [1m[35m (1.0ms)[0m  [1m[36mcommit transaction[0m
Redirected to http://localhost:3000/authors/1
Completed 302 Found in 5ms (ActiveRecord: 1.7ms)


Started GET "/authors/1" for 127.0.0.1 at 2017-11-23 00:32:39 +1100
Processing by AuthorsController#show as HTML
  Parameters: {"id"=>"1"}
  [1m[36mAuthor Load (0.3ms)[0m  [1m[34mSELECT  "authors".* FROM "authors" WHERE "authors"."id" = ? LIMIT ?[0m  [["id", 1], ["LIMIT", 1]]
  Rendering authors/show.html.erb within layouts/application
  Rendered authors/show.html.erb within layouts/application (1.0ms)
Completed 200 OK in 23ms (Views: 17.3ms | ActiveRecord: 0.3ms)


Started GET "/authors/new" for 127.0.0.1 at 2017-11-23 00:32:45 +1100
Processing by AuthorsController#new as HTML
  Rendering authors/new.html.erb within layouts/application
  Rendered authors/_form.html.erb (3.0ms)
  Rendered authors/new.html.erb within layouts/application (6.9ms)
Completed 500 Internal Server Error in 18ms (ActiveRecord: 0.0ms)


  
ActionView::Template::Error (First argument in form cannot contain nil or be empty):
    1: <%= form_for @author do |f| %>
    2: <fieldset>
    3:   <%= f.label :first_name %>
    4:   <%= f.text_field :first_name %>
  
app/views/authors/_form.html.erb:1:in `_app_views_authors__form_html_erb__82627629331062069_70247238514100'
app/views/authors/new.html.erb:3:in `_app_views_authors_new_html_erb__1606030416994465373_70247238609260'
Started GET "/authors/new" for 127.0.0.1 at 2017-11-23 00:33:24 +1100
Processing by AuthorsController#new as HTML
  Rendering authors/new.html.erb within layouts/application
  Rendered authors/_form.html.erb (2.7ms)
  Rendered authors/new.html.erb within layouts/application (4.8ms)
Completed 200 OK in 26ms (Views: 19.3ms | ActiveRecord: 0.6ms)


Started POST "/authors" for 127.0.0.1 at 2017-11-23 00:33:34 +1100
Processing by AuthorsController#create as HTML
  Parameters: {"utf8"=>"✓", "authenticity_token"=>"AUR91ilwSor5x6Yto+RM++AdQYzWckxxTnqW7ooRSEhojRvdhmwS9XfEKBlFzHveLs7OAwvoT2eAUXHFlpfIrw==", "author"=>{"first_name"=>"ds", "last_name"=>"dd", "hometown"=>"", "dob"=>"2017-05-05"}, "commit"=>"Create Author"}
  [1m[35m (0.1ms)[0m  [1m[36mbegin transaction[0m
  [1m[35mSQL (0.4ms)[0m  [1m[32mINSERT INTO "authors" ("first_name", "last_name", "hometown", "dob") VALUES (?, ?, ?, ?)[0m  [["first_name", "ds"], ["last_name", "dd"], ["hometown", ""], ["dob", "2017-05-05"]]
  [1m[35m (1.4ms)[0m  [1m[36mcommit transaction[0m
Redirected to http://localhost:3000/authors/2
Completed 302 Found in 6ms (ActiveRecord: 1.9ms)


Started GET "/authors/2" for 127.0.0.1 at 2017-11-23 00:33:34 +1100
Processing by AuthorsController#show as HTML
  Parameters: {"id"=>"2"}
  [1m[36mAuthor Load (0.2ms)[0m  [1m[34mSELECT  "authors".* FROM "authors" WHERE "authors"."id" = ? LIMIT ?[0m  [["id", 2], ["LIMIT", 1]]
  Rendering authors/show.html.erb within layouts/application
  Rendered authors/show.html.erb within layouts/application (0.9ms)
Completed 200 OK in 21ms (Views: 17.2ms | ActiveRecord: 0.2ms)


Started GET "/authors" for 127.0.0.1 at 2017-11-23 00:33:38 +1100
Processing by AuthorsController#index as HTML
  Rendering authors/index.html.erb within layouts/application
  [1m[36mAuthor Load (0.1ms)[0m  [1m[34mSELECT "authors".* FROM "authors"[0m
  Rendered authors/index.html.erb within layouts/application (1.1ms)
Completed 200 OK in 19ms (Views: 14.9ms | ActiveRecord: 0.1ms)


Started GET "/authors/2" for 127.0.0.1 at 2017-11-23 00:33:40 +1100
Processing by AuthorsController#show as HTML
  Parameters: {"id"=>"2"}
  [1m[36mAuthor Load (0.7ms)[0m  [1m[34mSELECT  "authors".* FROM "authors" WHERE "authors"."id" = ? LIMIT ?[0m  [["id", 2], ["LIMIT", 1]]
  Rendering authors/show.html.erb within layouts/application
  Rendered authors/show.html.erb within layouts/application (0.9ms)
Completed 200 OK in 25ms (Views: 19.5ms | ActiveRecord: 0.7ms)


Started DELETE "/authors/2" for 127.0.0.1 at 2017-11-23 00:33:44 +1100
Processing by AuthorsController#destroy as HTML
  Parameters: {"authenticity_token"=>"dqM7dg61gYZjU5KENxpqMpZHFe2cX3TDz6rK3TbYFhccJL5Nc7rgzaBLSrVZ3g2iqI7YgLOtEfsE4CRfmvALWw==", "id"=>"2"}
  [1m[36mAuthor Load (0.1ms)[0m  [1m[34mSELECT  "authors".* FROM "authors" WHERE "authors"."id" = ? LIMIT ?[0m  [["id", 2], ["LIMIT", 1]]
  [1m[35m (0.1ms)[0m  [1m[36mbegin transaction[0m
  [1m[35mSQL (0.4ms)[0m  [1m[31mDELETE FROM "authors" WHERE "authors"."id" = ?[0m  [["id", 2]]
  [1m[35m (5.9ms)[0m  [1m[36mcommit transaction[0m
Redirected to http://localhost:3000/authors
Completed 302 Found in 10ms (ActiveRecord: 6.5ms)


Started GET "/authors" for 127.0.0.1 at 2017-11-23 00:33:44 +1100
Processing by AuthorsController#index as HTML
  Rendering authors/index.html.erb within layouts/application
  [1m[36mAuthor Load (0.2ms)[0m  [1m[34mSELECT "authors".* FROM "authors"[0m
  Rendered authors/index.html.erb within layouts/application (1.8ms)
Completed 200 OK in 28ms (Views: 24.6ms | ActiveRecord: 0.2ms)


